<?xml version="1.0" encoding="UTF-8"?>
<robot generator="Robot 7.0 (Python 3.11.0 on win32)" generated="2024-04-25T22:29:50.156859" rpa="false" schemaversion="5">
<suite id="s1" name="TS 001" source="C:\Users\bucka\Documents\GitHub\Simon\SWI\4. semester\Testování software\Projekt\_projekt\TS_001">
<suite id="s1-s1" name="TS 001 001 001" source="C:\Users\bucka\Documents\GitHub\Simon\SWI\4. semester\Testování software\Projekt\_projekt\TS_001\TS_001_001_001">
<suite id="s1-s1-s1" name="TS 001 001 001" source="C:\Users\bucka\Documents\GitHub\Simon\SWI\4. semester\Testování software\Projekt\_projekt\TS_001\TS_001_001_001\TS_001_001_001.robot">
<test id="s1-s1-s1-t1" name="Pre-conditions" line="13">
<kw name="Open EN Incognito Chrome Webdriver" owner="keywords">
<kw name="Evaluate" owner="BuiltIn">
<msg time="2024-04-25T22:29:50.505744" level="INFO">${chrome_options} = &lt;selenium.webdriver.chrome.options.Options object at 0x000002BF13B35BD0&gt;</msg>
<var>${chrome_options}</var>
<arg>sys.modules['selenium.webdriver'].ChromeOptions()</arg>
<arg>sys, selenium.webdriver</arg>
<doc>Evaluates the given expression in Python and returns the result.</doc>
<status status="PASS" start="2024-04-25T22:29:50.504661" elapsed="0.001083"/>
</kw>
<kw name="Create Dictionary" owner="BuiltIn">
<msg time="2024-04-25T22:29:50.505959" level="INFO">${prefs} = {'intl.accept_languages': 'en'}</msg>
<var>${prefs}</var>
<arg>intl.accept_languages</arg>
<arg>en</arg>
<doc>Creates and returns a dictionary based on the given ``items``.</doc>
<status status="PASS" start="2024-04-25T22:29:50.505959" elapsed="0.000000"/>
</kw>
<kw name="Call Method" owner="BuiltIn">
<arg>${chrome_options}</arg>
<arg>add_experimental_option</arg>
<arg>prefs</arg>
<arg>${prefs}</arg>
<doc>Calls the named method of the given object with the provided arguments.</doc>
<status status="PASS" start="2024-04-25T22:29:50.505959" elapsed="0.000000"/>
</kw>
<kw name="Call Method" owner="BuiltIn">
<arg>${chrome_options}</arg>
<arg>add_argument</arg>
<arg>--incognito</arg>
<doc>Calls the named method of the given object with the provided arguments.</doc>
<status status="PASS" start="2024-04-25T22:29:50.505959" elapsed="0.001039"/>
</kw>
<kw name="Create Webdriver" owner="SeleniumLibrary">
<msg time="2024-04-25T22:29:50.506998" level="INFO">Creating an instance of the Chrome WebDriver.</msg>
<arg>Chrome</arg>
<arg>options=${chrome_options}</arg>
<doc>Creates an instance of Selenium WebDriver.</doc>
<status status="PASS" start="2024-04-25T22:29:50.506998" elapsed="1.880638"/>
</kw>
<kw name="Go To" owner="SeleniumLibrary">
<msg time="2024-04-25T22:29:52.388645" level="INFO">Opening url 'https://www.krakovany.sk'</msg>
<arg>${URL}</arg>
<doc>Navigates the current browser window to the provided ``url``.</doc>
<status status="PASS" start="2024-04-25T22:29:52.387636" elapsed="5.239839"/>
</kw>
<kw name="Maximize Browser Window" owner="SeleniumLibrary">
<doc>Maximizes current browser window.</doc>
<status status="PASS" start="2024-04-25T22:29:57.628626" elapsed="0.075085"/>
</kw>
<arg>${URL_MainPage}</arg>
<doc>Open Chrome browser in incognito mode with English language</doc>
<status status="PASS" start="2024-04-25T22:29:50.503662" elapsed="7.200049"/>
</kw>
<status status="PASS" start="2024-04-25T22:29:50.502700" elapsed="7.202525"/>
</test>
<test id="s1-s1-s1-t2" name="TC_001_001_001-001 - Kontrola interakcie tláčítka Základné údaje a kontakty" line="17">
<kw name="Button interaction main menu" owner="keywords">
<kw name="Wait Until Element Is Visible" owner="SeleniumLibrary">
<arg>${BUTTON_MAIN}</arg>
<arg>10 seconds</arg>
<doc>Waits until the element ``locator`` is visible.</doc>
<status status="PASS" start="2024-04-25T22:29:57.709246" elapsed="0.070000"/>
</kw>
<kw name="Mouse Over" owner="SeleniumLibrary">
<msg time="2024-04-25T22:29:57.780244" level="INFO">Simulating Mouse Over on element '//*[@id="menu-hlavne-1"]/li[2]/a'.</msg>
<arg>${BUTTON_MAIN}</arg>
<doc>Simulates hovering the mouse over the element ``locator``.</doc>
<status status="PASS" start="2024-04-25T22:29:57.779246" elapsed="0.313197"/>
</kw>
<kw name="Wait Until Element Is Visible" owner="SeleniumLibrary">
<arg>${BUTTON_SUB}</arg>
<arg>10 seconds</arg>
<doc>Waits until the element ``locator`` is visible.</doc>
<status status="PASS" start="2024-04-25T22:29:58.093442" elapsed="0.140339"/>
</kw>
<kw name="Scroll Element Into View" owner="SeleniumLibrary">
<arg>${BUTTON_SUB}</arg>
<doc>Scrolls the element identified by ``locator`` into view.</doc>
<status status="PASS" start="2024-04-25T22:29:58.233781" elapsed="0.291782"/>
</kw>
<kw name="Click Element" owner="SeleniumLibrary">
<msg time="2024-04-25T22:29:58.527416" level="INFO">Clicking element '//*[@id="menu-hlavne-1"]/li[2]/ul/li[1]/a'.</msg>
<arg>${BUTTON_SUB}</arg>
<doc>Click the element identified by ``locator``.</doc>
<status status="PASS" start="2024-04-25T22:29:58.525844" elapsed="2.552729"/>
</kw>
<kw name="Location Should Be" owner="SeleniumLibrary">
<msg time="2024-04-25T22:30:01.089882" level="INFO">Current location is 'https://www.krakovany.sk/?p=979'.</msg>
<arg>${URL_TO_CHECK}</arg>
<doc>Verifies that the current URL is exactly ``url``.</doc>
<status status="PASS" start="2024-04-25T22:30:01.078573" elapsed="0.011309"/>
</kw>
<arg>${BUTTON_Obec}</arg>
<arg>${BUTTON_Obec_ZakladneUdajeAkontakty}</arg>
<arg>${URL_Obec_ZakladneUdajeAKontakty}</arg>
<status status="PASS" start="2024-04-25T22:29:57.708246" elapsed="3.381636"/>
</kw>
<status status="PASS" start="2024-04-25T22:29:57.707236" elapsed="3.384660"/>
</test>
<test id="s1-s1-s1-t3" name="TC_001_001_001-002 - Kontrola interakcie tláčítka Geografická poloha" line="21">
<kw name="Button interaction main menu" owner="keywords">
<kw name="Wait Until Element Is Visible" owner="SeleniumLibrary">
<arg>${BUTTON_MAIN}</arg>
<arg>10 seconds</arg>
<doc>Waits until the element ``locator`` is visible.</doc>
<status status="PASS" start="2024-04-25T22:30:01.095397" elapsed="0.034612"/>
</kw>
<kw name="Mouse Over" owner="SeleniumLibrary">
<msg time="2024-04-25T22:30:01.131010" level="INFO">Simulating Mouse Over on element '//*[@id="menu-hlavne-1"]/li[2]/a'.</msg>
<arg>${BUTTON_MAIN}</arg>
<doc>Simulates hovering the mouse over the element ``locator``.</doc>
<status status="PASS" start="2024-04-25T22:30:01.131010" elapsed="0.304579"/>
</kw>
<kw name="Wait Until Element Is Visible" owner="SeleniumLibrary">
<arg>${BUTTON_SUB}</arg>
<arg>10 seconds</arg>
<doc>Waits until the element ``locator`` is visible.</doc>
<status status="PASS" start="2024-04-25T22:30:01.435589" elapsed="0.059760"/>
</kw>
<kw name="Scroll Element Into View" owner="SeleniumLibrary">
<arg>${BUTTON_SUB}</arg>
<doc>Scrolls the element identified by ``locator`` into view.</doc>
<status status="PASS" start="2024-04-25T22:30:01.495349" elapsed="0.313524"/>
</kw>
<kw name="Click Element" owner="SeleniumLibrary">
<msg time="2024-04-25T22:30:01.808873" level="INFO">Clicking element '//*[@id="menu-hlavne-1"]/li[2]/ul/li[2]/a'.</msg>
<arg>${BUTTON_SUB}</arg>
<doc>Click the element identified by ``locator``.</doc>
<status status="PASS" start="2024-04-25T22:30:01.808873" elapsed="3.764355"/>
</kw>
<kw name="Location Should Be" owner="SeleniumLibrary">
<msg time="2024-04-25T22:30:05.589795" level="INFO">Current location is 'https://www.krakovany.sk/?p=48'.</msg>
<arg>${URL_TO_CHECK}</arg>
<doc>Verifies that the current URL is exactly ``url``.</doc>
<status status="PASS" start="2024-04-25T22:30:05.574236" elapsed="0.015559"/>
</kw>
<arg>${BUTTON_Obec}</arg>
<arg>${BUTTON_Obec_GeografickaPoloha}</arg>
<arg>${URL_Obec_GeografickaPoloha}</arg>
<status status="PASS" start="2024-04-25T22:30:01.093887" elapsed="4.495908"/>
</kw>
<status status="PASS" start="2024-04-25T22:30:01.093887" elapsed="4.496906"/>
</test>
<test id="s1-s1-s1-t4" name="TC_001_001_001-003 - Kontrola interakcie tláčítka História obce Krakovany" line="25">
<kw name="Button interaction main menu" owner="keywords">
<kw name="Wait Until Element Is Visible" owner="SeleniumLibrary">
<arg>${BUTTON_MAIN}</arg>
<arg>10 seconds</arg>
<doc>Waits until the element ``locator`` is visible.</doc>
<status status="PASS" start="2024-04-25T22:30:05.595340" elapsed="0.032088"/>
</kw>
<kw name="Mouse Over" owner="SeleniumLibrary">
<msg time="2024-04-25T22:30:05.627428" level="INFO">Simulating Mouse Over on element '//*[@id="menu-hlavne-1"]/li[2]/a'.</msg>
<arg>${BUTTON_MAIN}</arg>
<doc>Simulates hovering the mouse over the element ``locator``.</doc>
<status status="PASS" start="2024-04-25T22:30:05.627428" elapsed="0.348335"/>
</kw>
<kw name="Wait Until Element Is Visible" owner="SeleniumLibrary">
<arg>${BUTTON_SUB}</arg>
<arg>10 seconds</arg>
<doc>Waits until the element ``locator`` is visible.</doc>
<status status="PASS" start="2024-04-25T22:30:05.975763" elapsed="0.041758"/>
</kw>
<kw name="Scroll Element Into View" owner="SeleniumLibrary">
<arg>${BUTTON_SUB}</arg>
<doc>Scrolls the element identified by ``locator`` into view.</doc>
<status status="PASS" start="2024-04-25T22:30:06.017521" elapsed="0.298661"/>
</kw>
<kw name="Click Element" owner="SeleniumLibrary">
<msg time="2024-04-25T22:30:06.318170" level="INFO">Clicking element '//*[@id="menu-hlavne-1"]/li[2]/ul/li[3]/a'.</msg>
<arg>${BUTTON_SUB}</arg>
<doc>Click the element identified by ``locator``.</doc>
<status status="PASS" start="2024-04-25T22:30:06.317170" elapsed="2.762143"/>
</kw>
<kw name="Location Should Be" owner="SeleniumLibrary">
<msg time="2024-04-25T22:30:09.101257" level="INFO">Current location is 'https://www.krakovany.sk/?p=1'.</msg>
<arg>${URL_TO_CHECK}</arg>
<doc>Verifies that the current URL is exactly ``url``.</doc>
<status status="PASS" start="2024-04-25T22:30:09.080304" elapsed="0.021948"/>
</kw>
<arg>${BUTTON_Obec}</arg>
<arg>${BUTTON_Obec_HistoriaObce}</arg>
<arg>${URL_Obec_HistoriaObce}</arg>
<status status="PASS" start="2024-04-25T22:30:05.593830" elapsed="3.508422"/>
</kw>
<status status="PASS" start="2024-04-25T22:30:05.592795" elapsed="3.511463"/>
</test>
<test id="s1-s1-s1-t5" name="TC_001_001_001-004 - Kontrola interakcie tláčítka Monografia obce" line="29">
<kw name="Button interaction main menu" owner="keywords">
<kw name="Wait Until Element Is Visible" owner="SeleniumLibrary">
<arg>${BUTTON_MAIN}</arg>
<arg>10 seconds</arg>
<doc>Waits until the element ``locator`` is visible.</doc>
<status status="PASS" start="2024-04-25T22:30:09.112078" elapsed="0.095852"/>
</kw>
<kw name="Mouse Over" owner="SeleniumLibrary">
<msg time="2024-04-25T22:30:09.210952" level="INFO">Simulating Mouse Over on element '//*[@id="menu-hlavne-1"]/li[2]/a'.</msg>
<arg>${BUTTON_MAIN}</arg>
<doc>Simulates hovering the mouse over the element ``locator``.</doc>
<status status="PASS" start="2024-04-25T22:30:09.208931" elapsed="0.340710"/>
</kw>
<kw name="Wait Until Element Is Visible" owner="SeleniumLibrary">
<arg>${BUTTON_SUB}</arg>
<arg>10 seconds</arg>
<doc>Waits until the element ``locator`` is visible.</doc>
<status status="PASS" start="2024-04-25T22:30:09.550636" elapsed="0.055286"/>
</kw>
<kw name="Scroll Element Into View" owner="SeleniumLibrary">
<arg>${BUTTON_SUB}</arg>
<doc>Scrolls the element identified by ``locator`` into view.</doc>
<status status="PASS" start="2024-04-25T22:30:09.605922" elapsed="0.299958"/>
</kw>
<kw name="Click Element" owner="SeleniumLibrary">
<msg time="2024-04-25T22:30:09.906929" level="INFO">Clicking element '//*[@id="menu-hlavne-1"]/li[2]/ul/li[4]/a'.</msg>
<arg>${BUTTON_SUB}</arg>
<doc>Click the element identified by ``locator``.</doc>
<status status="PASS" start="2024-04-25T22:30:09.905880" elapsed="2.386867"/>
</kw>
<kw name="Location Should Be" owner="SeleniumLibrary">
<msg time="2024-04-25T22:30:12.310183" level="INFO">Current location is 'https://www.krakovany.sk/?p=1454'.</msg>
<arg>${URL_TO_CHECK}</arg>
<doc>Verifies that the current URL is exactly ``url``.</doc>
<status status="PASS" start="2024-04-25T22:30:12.293739" elapsed="0.016444"/>
</kw>
<arg>${BUTTON_Obec}</arg>
<arg>${BUTTON_Obec_MonografiaObce}</arg>
<arg>${URL_Obec_MonografiaObce}</arg>
<status status="PASS" start="2024-04-25T22:30:09.111027" elapsed="3.200166"/>
</kw>
<status status="PASS" start="2024-04-25T22:30:09.108089" elapsed="3.204094"/>
</test>
<test id="s1-s1-s1-t6" name="TC_001_001_001-005 - Kontrola interakcie tláčítka Erb obce" line="33">
<kw name="Button interaction main menu" owner="keywords">
<kw name="Wait Until Element Is Visible" owner="SeleniumLibrary">
<arg>${BUTTON_MAIN}</arg>
<arg>10 seconds</arg>
<doc>Waits until the element ``locator`` is visible.</doc>
<status status="PASS" start="2024-04-25T22:30:12.318755" elapsed="0.051837"/>
</kw>
<kw name="Mouse Over" owner="SeleniumLibrary">
<msg time="2024-04-25T22:30:12.370592" level="INFO">Simulating Mouse Over on element '//*[@id="menu-hlavne-1"]/li[2]/a'.</msg>
<arg>${BUTTON_MAIN}</arg>
<doc>Simulates hovering the mouse over the element ``locator``.</doc>
<status status="PASS" start="2024-04-25T22:30:12.370592" elapsed="0.319047"/>
</kw>
<kw name="Wait Until Element Is Visible" owner="SeleniumLibrary">
<arg>${BUTTON_SUB}</arg>
<arg>10 seconds</arg>
<doc>Waits until the element ``locator`` is visible.</doc>
<status status="PASS" start="2024-04-25T22:30:12.690644" elapsed="0.113706"/>
</kw>
<kw name="Scroll Element Into View" owner="SeleniumLibrary">
<arg>${BUTTON_SUB}</arg>
<doc>Scrolls the element identified by ``locator`` into view.</doc>
<status status="PASS" start="2024-04-25T22:30:12.805287" elapsed="0.362118"/>
</kw>
<kw name="Click Element" owner="SeleniumLibrary">
<msg time="2024-04-25T22:30:13.169403" level="INFO">Clicking element '//*[@id="menu-hlavne-1"]/li[2]/ul/li[5]/a'.</msg>
<arg>${BUTTON_SUB}</arg>
<doc>Click the element identified by ``locator``.</doc>
<status status="PASS" start="2024-04-25T22:30:13.168403" elapsed="2.493832"/>
</kw>
<kw name="Location Should Be" owner="SeleniumLibrary">
<msg time="2024-04-25T22:30:15.672569" level="INFO">Current location is 'https://www.krakovany.sk/?p=1136'.</msg>
<arg>${URL_TO_CHECK}</arg>
<doc>Verifies that the current URL is exactly ``url``.</doc>
<status status="PASS" start="2024-04-25T22:30:15.662235" elapsed="0.010334"/>
</kw>
<arg>${BUTTON_Obec}</arg>
<arg>${BUTTON_Obec_ErbObce}</arg>
<arg>${URL_Obec_ErbObce}</arg>
<status status="PASS" start="2024-04-25T22:30:12.317712" elapsed="3.354857"/>
</kw>
<status status="PASS" start="2024-04-25T22:30:12.315696" elapsed="3.356873"/>
</test>
<test id="s1-s1-s1-t7" name="TC_001_001_001-006 - Kontrola interakBUTTON_Obec_ZakladneUdajeAkontakty" line="37">
<kw name="Button interaction main menu" owner="keywords">
<kw name="Wait Until Element Is Visible" owner="SeleniumLibrary">
<arg>${BUTTON_MAIN}</arg>
<arg>10 seconds</arg>
<doc>Waits until the element ``locator`` is visible.</doc>
<status status="PASS" start="2024-04-25T22:30:15.676084" elapsed="0.029323"/>
</kw>
<kw name="Mouse Over" owner="SeleniumLibrary">
<msg time="2024-04-25T22:30:15.706422" level="INFO">Simulating Mouse Over on element '//*[@id="menu-hlavne-1"]/li[2]/a'.</msg>
<arg>${BUTTON_MAIN}</arg>
<doc>Simulates hovering the mouse over the element ``locator``.</doc>
<status status="PASS" start="2024-04-25T22:30:15.706422" elapsed="0.286914"/>
</kw>
<kw name="Wait Until Element Is Visible" owner="SeleniumLibrary">
<arg>${BUTTON_SUB}</arg>
<arg>10 seconds</arg>
<doc>Waits until the element ``locator`` is visible.</doc>
<status status="PASS" start="2024-04-25T22:30:15.994340" elapsed="0.071804"/>
</kw>
<kw name="Scroll Element Into View" owner="SeleniumLibrary">
<arg>${BUTTON_SUB}</arg>
<doc>Scrolls the element identified by ``locator`` into view.</doc>
<status status="PASS" start="2024-04-25T22:30:16.067164" elapsed="0.348208"/>
</kw>
<kw name="Click Element" owner="SeleniumLibrary">
<msg time="2024-04-25T22:30:16.416529" level="INFO">Clicking element '//*[@id="menu-hlavne-1"]/li[2]/ul/li[6]/a'.</msg>
<arg>${BUTTON_SUB}</arg>
<doc>Click the element identified by ``locator``.</doc>
<status status="PASS" start="2024-04-25T22:30:16.415372" elapsed="2.803927"/>
</kw>
<kw name="Location Should Be" owner="SeleniumLibrary">
<msg time="2024-04-25T22:30:19.230835" level="INFO">Current location is 'https://www.krakovany.sk/?p=1423'.</msg>
<arg>${URL_TO_CHECK}</arg>
<doc>Verifies that the current URL is exactly ``url``.</doc>
<status status="PASS" start="2024-04-25T22:30:19.220300" elapsed="0.010535"/>
</kw>
<arg>${BUTTON_Obec}</arg>
<arg>${BUTTON_Obec_UzemnyPlanObce}</arg>
<arg>${URL_Obec_UzemnyPlanObce}</arg>
<status status="PASS" start="2024-04-25T22:30:15.675078" elapsed="3.555757"/>
</kw>
<status status="PASS" start="2024-04-25T22:30:15.675078" elapsed="3.555757"/>
</test>
<test id="s1-s1-s1-t8" name="TC_001_001_001-007 - Kontrola interakcie tláčítka Program rozvoja obce" line="41">
<kw name="Button interaction main menu" owner="keywords">
<kw name="Wait Until Element Is Visible" owner="SeleniumLibrary">
<arg>${BUTTON_MAIN}</arg>
<arg>10 seconds</arg>
<doc>Waits until the element ``locator`` is visible.</doc>
<status status="PASS" start="2024-04-25T22:30:19.233843" elapsed="0.029467"/>
</kw>
<kw name="Mouse Over" owner="SeleniumLibrary">
<msg time="2024-04-25T22:30:19.264342" level="INFO">Simulating Mouse Over on element '//*[@id="menu-hlavne-1"]/li[2]/a'.</msg>
<arg>${BUTTON_MAIN}</arg>
<doc>Simulates hovering the mouse over the element ``locator``.</doc>
<status status="PASS" start="2024-04-25T22:30:19.263310" elapsed="0.311991"/>
</kw>
<kw name="Wait Until Element Is Visible" owner="SeleniumLibrary">
<arg>${BUTTON_SUB}</arg>
<arg>10 seconds</arg>
<doc>Waits until the element ``locator`` is visible.</doc>
<status status="PASS" start="2024-04-25T22:30:19.577058" elapsed="0.120877"/>
</kw>
<kw name="Scroll Element Into View" owner="SeleniumLibrary">
<arg>${BUTTON_SUB}</arg>
<doc>Scrolls the element identified by ``locator`` into view.</doc>
<status status="PASS" start="2024-04-25T22:30:19.698939" elapsed="0.311594"/>
</kw>
<kw name="Click Element" owner="SeleniumLibrary">
<msg time="2024-04-25T22:30:20.012628" level="INFO">Clicking element '//*[@id="menu-hlavne-1"]/li[2]/ul/li[7]/a'.</msg>
<arg>${BUTTON_SUB}</arg>
<doc>Click the element identified by ``locator``.</doc>
<status status="PASS" start="2024-04-25T22:30:20.011628" elapsed="3.438677"/>
</kw>
<kw name="Location Should Be" owner="SeleniumLibrary">
<msg time="2024-04-25T22:30:23.463393" level="INFO">Current location is 'https://www.krakovany.sk/?p=9257'.</msg>
<arg>${URL_TO_CHECK}</arg>
<doc>Verifies that the current URL is exactly ``url``.</doc>
<status status="PASS" start="2024-04-25T22:30:23.450305" elapsed="0.013088"/>
</kw>
<arg>${BUTTON_Obec}</arg>
<arg>${BUTTON_Obec_ProgramRozvojaObce}</arg>
<arg>${URL_Obec_ProgramRozvojaObce}</arg>
<status status="PASS" start="2024-04-25T22:30:19.233843" elapsed="4.230058"/>
</kw>
<status status="PASS" start="2024-04-25T22:30:19.232832" elapsed="4.232181"/>
</test>
<test id="s1-s1-s1-t9" name="TC_001_001_001-008 - Kontrola interakcie tláčítka Prevádzkový poriadok Zberného dvora" line="45">
<kw name="Button interaction main menu" owner="keywords">
<kw name="Wait Until Element Is Visible" owner="SeleniumLibrary">
<arg>${BUTTON_MAIN}</arg>
<arg>10 seconds</arg>
<doc>Waits until the element ``locator`` is visible.</doc>
<status status="PASS" start="2024-04-25T22:30:23.468921" elapsed="0.041096"/>
</kw>
<kw name="Mouse Over" owner="SeleniumLibrary">
<msg time="2024-04-25T22:30:23.510606" level="INFO">Simulating Mouse Over on element '//*[@id="menu-hlavne-1"]/li[2]/a'.</msg>
<arg>${BUTTON_MAIN}</arg>
<doc>Simulates hovering the mouse over the element ``locator``.</doc>
<status status="PASS" start="2024-04-25T22:30:23.510017" elapsed="0.305860"/>
</kw>
<kw name="Wait Until Element Is Visible" owner="SeleniumLibrary">
<arg>${BUTTON_SUB}</arg>
<arg>10 seconds</arg>
<doc>Waits until the element ``locator`` is visible.</doc>
<status status="PASS" start="2024-04-25T22:30:23.816894" elapsed="0.099517"/>
</kw>
<kw name="Scroll Element Into View" owner="SeleniumLibrary">
<arg>${BUTTON_SUB}</arg>
<doc>Scrolls the element identified by ``locator`` into view.</doc>
<status status="PASS" start="2024-04-25T22:30:23.916825" elapsed="0.341180"/>
</kw>
<kw name="Click Element" owner="SeleniumLibrary">
<msg time="2024-04-25T22:30:24.260002" level="INFO">Clicking element '//*[@id="menu-hlavne-1"]/li[2]/ul/li[8]/a'.</msg>
<arg>${BUTTON_SUB}</arg>
<doc>Click the element identified by ``locator``.</doc>
<status status="PASS" start="2024-04-25T22:30:24.259005" elapsed="3.984126"/>
</kw>
<kw name="Location Should Be" owner="SeleniumLibrary">
<msg time="2024-04-25T22:30:28.252898" level="INFO">Current location is 'https://www.krakovany.sk/?p=39673'.</msg>
<arg>${URL_TO_CHECK}</arg>
<doc>Verifies that the current URL is exactly ``url``.</doc>
<status status="PASS" start="2024-04-25T22:30:28.243672" elapsed="0.009782"/>
</kw>
<arg>${BUTTON_Obec}</arg>
<arg>${BUTTON_Obec_PrevadzkovyPoriadokZbernehoDvora}</arg>
<arg>${URL_Obec_PrevadzkovyPoriadokZbernehoDvora}</arg>
<status status="PASS" start="2024-04-25T22:30:23.468337" elapsed="4.785117"/>
</kw>
<status status="PASS" start="2024-04-25T22:30:23.466883" elapsed="4.787115"/>
</test>
<test id="s1-s1-s1-t10" name="TC_001_001_001-009 - Kontrola interakcie tláčítka Starosta obce" line="49">
<kw name="Button interaction main menu" owner="keywords">
<kw name="Wait Until Element Is Visible" owner="SeleniumLibrary">
<arg>${BUTTON_MAIN}</arg>
<arg>10 seconds</arg>
<doc>Waits until the element ``locator`` is visible.</doc>
<status status="PASS" start="2024-04-25T22:30:28.258368" elapsed="0.036788"/>
</kw>
<kw name="Mouse Over" owner="SeleniumLibrary">
<msg time="2024-04-25T22:30:28.296247" level="INFO">Simulating Mouse Over on element '//*[@id="menu-hlavne-1"]/li[2]/a'.</msg>
<arg>${BUTTON_MAIN}</arg>
<doc>Simulates hovering the mouse over the element ``locator``.</doc>
<status status="PASS" start="2024-04-25T22:30:28.295702" elapsed="0.325800"/>
</kw>
<kw name="Wait Until Element Is Visible" owner="SeleniumLibrary">
<arg>${BUTTON_SUB}</arg>
<arg>10 seconds</arg>
<doc>Waits until the element ``locator`` is visible.</doc>
<status status="PASS" start="2024-04-25T22:30:28.622507" elapsed="0.056303"/>
</kw>
<kw name="Scroll Element Into View" owner="SeleniumLibrary">
<arg>${BUTTON_SUB}</arg>
<doc>Scrolls the element identified by ``locator`` into view.</doc>
<status status="PASS" start="2024-04-25T22:30:28.678810" elapsed="0.307882"/>
</kw>
<kw name="Click Element" owner="SeleniumLibrary">
<msg time="2024-04-25T22:30:28.987695" level="INFO">Clicking element '//*[@id="menu-hlavne-1"]/li[2]/ul/li[9]/a'.</msg>
<arg>${BUTTON_SUB}</arg>
<doc>Click the element identified by ``locator``.</doc>
<status status="PASS" start="2024-04-25T22:30:28.986692" elapsed="2.413594"/>
</kw>
<kw name="Location Should Be" owner="SeleniumLibrary">
<msg time="2024-04-25T22:30:31.443564" level="INFO">Current location is 'https://www.krakovany.sk/?p=569'.</msg>
<arg>${URL_TO_CHECK}</arg>
<doc>Verifies that the current URL is exactly ``url``.</doc>
<status status="PASS" start="2024-04-25T22:30:31.400286" elapsed="0.043278"/>
</kw>
<arg>${BUTTON_Obec}</arg>
<arg>${BUTTON_Obec_StarostaObce}</arg>
<arg>${URL_Obec_StarostaObce}</arg>
<status status="PASS" start="2024-04-25T22:30:28.257677" elapsed="3.185887"/>
</kw>
<status status="PASS" start="2024-04-25T22:30:28.255991" elapsed="3.191189"/>
</test>
<test id="s1-s1-s1-t11" name="TC_001_001_001-010 - Kontrola interakcie tláčítka Obecné zastupiteľstvo" line="53">
<kw name="Button interaction main menu" owner="keywords">
<kw name="Wait Until Element Is Visible" owner="SeleniumLibrary">
<arg>${BUTTON_MAIN}</arg>
<arg>10 seconds</arg>
<doc>Waits until the element ``locator`` is visible.</doc>
<status status="PASS" start="2024-04-25T22:30:31.457835" elapsed="0.077470"/>
</kw>
<kw name="Mouse Over" owner="SeleniumLibrary">
<msg time="2024-04-25T22:30:31.535305" level="INFO">Simulating Mouse Over on element '//*[@id="menu-hlavne-1"]/li[2]/a'.</msg>
<arg>${BUTTON_MAIN}</arg>
<doc>Simulates hovering the mouse over the element ``locator``.</doc>
<status status="PASS" start="2024-04-25T22:30:31.535305" elapsed="0.375911"/>
</kw>
<kw name="Wait Until Element Is Visible" owner="SeleniumLibrary">
<arg>${BUTTON_SUB}</arg>
<arg>10 seconds</arg>
<doc>Waits until the element ``locator`` is visible.</doc>
<status status="PASS" start="2024-04-25T22:30:31.912166" elapsed="0.096366"/>
</kw>
<kw name="Scroll Element Into View" owner="SeleniumLibrary">
<arg>${BUTTON_SUB}</arg>
<doc>Scrolls the element identified by ``locator`` into view.</doc>
<status status="PASS" start="2024-04-25T22:30:32.008532" elapsed="0.343215"/>
</kw>
<kw name="Click Element" owner="SeleniumLibrary">
<msg time="2024-04-25T22:30:32.353745" level="INFO">Clicking element '//*[@id="menu-hlavne-1"]/li[2]/ul/li[10]/a'.</msg>
<arg>${BUTTON_SUB}</arg>
<doc>Click the element identified by ``locator``.</doc>
<status status="PASS" start="2024-04-25T22:30:32.352748" elapsed="2.795505"/>
</kw>
<kw name="Location Should Be" owner="SeleniumLibrary">
<msg time="2024-04-25T22:30:35.158768" level="INFO">Current location is 'https://www.krakovany.sk/?p=1123'.</msg>
<arg>${URL_TO_CHECK}</arg>
<doc>Verifies that the current URL is exactly ``url``.</doc>
<status status="PASS" start="2024-04-25T22:30:35.148253" elapsed="0.010515"/>
</kw>
<arg>${BUTTON_Obec}</arg>
<arg>${BUTTON_Obec_ObecneZastupitelstvo}</arg>
<arg>${URL_Obec_ObecneZastupitelstvo}</arg>
<status status="PASS" start="2024-04-25T22:30:31.454177" elapsed="3.705589"/>
</kw>
<status status="PASS" start="2024-04-25T22:30:31.451170" elapsed="3.708596"/>
</test>
<test id="s1-s1-s1-t12" name="TC_001_001_001-011 - Kontrola interakcie tláčítka Obecná knižnica" line="57">
<kw name="Button interaction main menu" owner="keywords">
<kw name="Wait Until Element Is Visible" owner="SeleniumLibrary">
<arg>${BUTTON_MAIN}</arg>
<arg>10 seconds</arg>
<doc>Waits until the element ``locator`` is visible.</doc>
<status status="PASS" start="2024-04-25T22:30:35.162766" elapsed="0.029675"/>
</kw>
<kw name="Mouse Over" owner="SeleniumLibrary">
<msg time="2024-04-25T22:30:35.193559" level="INFO">Simulating Mouse Over on element '//*[@id="menu-hlavne-1"]/li[2]/a'.</msg>
<arg>${BUTTON_MAIN}</arg>
<doc>Simulates hovering the mouse over the element ``locator``.</doc>
<status status="PASS" start="2024-04-25T22:30:35.192950" elapsed="0.430482"/>
</kw>
<kw name="Wait Until Element Is Visible" owner="SeleniumLibrary">
<arg>${BUTTON_SUB}</arg>
<arg>10 seconds</arg>
<doc>Waits until the element ``locator`` is visible.</doc>
<status status="PASS" start="2024-04-25T22:30:35.624430" elapsed="0.027565"/>
</kw>
<kw name="Scroll Element Into View" owner="SeleniumLibrary">
<arg>${BUTTON_SUB}</arg>
<doc>Scrolls the element identified by ``locator`` into view.</doc>
<status status="PASS" start="2024-04-25T22:30:35.651995" elapsed="0.301029"/>
</kw>
<kw name="Click Element" owner="SeleniumLibrary">
<msg time="2024-04-25T22:30:35.955676" level="INFO">Clicking element '//*[@id="menu-hlavne-1"]/li[2]/ul/li[11]/a'.</msg>
<arg>${BUTTON_SUB}</arg>
<doc>Click the element identified by ``locator``.</doc>
<status status="PASS" start="2024-04-25T22:30:35.954017" elapsed="5.494395"/>
</kw>
<kw name="Location Should Be" owner="SeleniumLibrary">
<msg time="2024-04-25T22:30:41.492524" level="INFO">Current location is 'https://www.krakovany.sk/?cat=49'.</msg>
<arg>${URL_TO_CHECK}</arg>
<doc>Verifies that the current URL is exactly ``url``.</doc>
<status status="PASS" start="2024-04-25T22:30:41.449400" elapsed="0.043124"/>
</kw>
<arg>${BUTTON_Obec}</arg>
<arg>${BUTTON_Obec_ObecnaKniznica}</arg>
<arg>${URL_Obec_ObecnaKniznica}</arg>
<status status="PASS" start="2024-04-25T22:30:35.161765" elapsed="6.330759"/>
</kw>
<status status="PASS" start="2024-04-25T22:30:35.161765" elapsed="6.331759"/>
</test>
<test id="s1-s1-s1-t13" name="TC_001_001_001-012 - Kontrola interakcie tláčítka Fotogaléria" line="61">
<kw name="Button interaction main menu" owner="keywords">
<kw name="Wait Until Element Is Visible" owner="SeleniumLibrary">
<arg>${BUTTON_MAIN}</arg>
<arg>10 seconds</arg>
<doc>Waits until the element ``locator`` is visible.</doc>
<status status="PASS" start="2024-04-25T22:30:41.498642" elapsed="0.047951"/>
</kw>
<kw name="Mouse Over" owner="SeleniumLibrary">
<msg time="2024-04-25T22:30:41.547601" level="INFO">Simulating Mouse Over on element '//*[@id="menu-hlavne-1"]/li[2]/a'.</msg>
<arg>${BUTTON_MAIN}</arg>
<doc>Simulates hovering the mouse over the element ``locator``.</doc>
<status status="PASS" start="2024-04-25T22:30:41.546593" elapsed="0.321583"/>
</kw>
<kw name="Wait Until Element Is Visible" owner="SeleniumLibrary">
<arg>${BUTTON_SUB}</arg>
<arg>10 seconds</arg>
<doc>Waits until the element ``locator`` is visible.</doc>
<status status="PASS" start="2024-04-25T22:30:41.868176" elapsed="0.079035"/>
</kw>
<kw name="Scroll Element Into View" owner="SeleniumLibrary">
<arg>${BUTTON_SUB}</arg>
<doc>Scrolls the element identified by ``locator`` into view.</doc>
<status status="PASS" start="2024-04-25T22:30:41.948248" elapsed="0.339439"/>
</kw>
<kw name="Click Element" owner="SeleniumLibrary">
<msg time="2024-04-25T22:30:42.288687" level="INFO">Clicking element '//*[@id="menu-hlavne-1"]/li[2]/ul/li[12]/a'.</msg>
<arg>${BUTTON_SUB}</arg>
<doc>Click the element identified by ``locator``.</doc>
<status status="PASS" start="2024-04-25T22:30:42.288687" elapsed="5.512226"/>
</kw>
<kw name="Location Should Be" owner="SeleniumLibrary">
<msg time="2024-04-25T22:30:47.816965" level="INFO">Current location is 'https://www.krakovany.sk/?cat=8'.</msg>
<arg>${URL_TO_CHECK}</arg>
<doc>Verifies that the current URL is exactly ``url``.</doc>
<status status="PASS" start="2024-04-25T22:30:47.800913" elapsed="0.016052"/>
</kw>
<arg>${BUTTON_Obec}</arg>
<arg>${BUTTON_Obec_Fotogaleria}</arg>
<arg>${URL_Obec_Fotogaleria}</arg>
<status status="PASS" start="2024-04-25T22:30:41.497647" elapsed="6.320319"/>
</kw>
<status status="PASS" start="2024-04-25T22:30:41.496619" elapsed="6.322347"/>
</test>
<test id="s1-s1-s1-t14" name="TC_001_001_001-013 - Kontrola interakcie tláčítka Podnikateľské subjekty" line="65">
<kw name="Button interaction main menu" owner="keywords">
<kw name="Wait Until Element Is Visible" owner="SeleniumLibrary">
<arg>${BUTTON_MAIN}</arg>
<arg>10 seconds</arg>
<doc>Waits until the element ``locator`` is visible.</doc>
<status status="PASS" start="2024-04-25T22:30:47.821968" elapsed="0.029245"/>
</kw>
<kw name="Mouse Over" owner="SeleniumLibrary">
<msg time="2024-04-25T22:30:47.852211" level="INFO">Simulating Mouse Over on element '//*[@id="menu-hlavne-1"]/li[2]/a'.</msg>
<arg>${BUTTON_MAIN}</arg>
<doc>Simulates hovering the mouse over the element ``locator``.</doc>
<status status="PASS" start="2024-04-25T22:30:47.852211" elapsed="0.289755"/>
</kw>
<kw name="Wait Until Element Is Visible" owner="SeleniumLibrary">
<arg>${BUTTON_SUB}</arg>
<arg>10 seconds</arg>
<doc>Waits until the element ``locator`` is visible.</doc>
<status status="PASS" start="2024-04-25T22:30:48.141966" elapsed="0.030402"/>
</kw>
<kw name="Scroll Element Into View" owner="SeleniumLibrary">
<arg>${BUTTON_SUB}</arg>
<doc>Scrolls the element identified by ``locator`` into view.</doc>
<status status="PASS" start="2024-04-25T22:30:48.172368" elapsed="0.294537"/>
</kw>
<kw name="Click Element" owner="SeleniumLibrary">
<msg time="2024-04-25T22:30:48.467973" level="INFO">Clicking element '//*[@id="menu-hlavne-1"]/li[2]/ul/li[13]/a'.</msg>
<arg>${BUTTON_SUB}</arg>
<doc>Click the element identified by ``locator``.</doc>
<status status="PASS" start="2024-04-25T22:30:48.467973" elapsed="2.699386"/>
</kw>
<kw name="Location Should Be" owner="SeleniumLibrary">
<msg time="2024-04-25T22:30:51.182077" level="INFO">Current location is 'https://www.krakovany.sk/?p=1437'.</msg>
<arg>${URL_TO_CHECK}</arg>
<doc>Verifies that the current URL is exactly ``url``.</doc>
<status status="PASS" start="2024-04-25T22:30:51.168363" elapsed="0.013714"/>
</kw>
<arg>${BUTTON_Obec}</arg>
<arg>${BUTTON_Obec_PodnikatelskeSubjekty}</arg>
<arg>${URL_Obec_PodnikatelskeSubjekty}</arg>
<status status="PASS" start="2024-04-25T22:30:47.820967" elapsed="3.361110"/>
</kw>
<status status="PASS" start="2024-04-25T22:30:47.819965" elapsed="3.363074"/>
</test>
<test id="s1-s1-s1-t15" name="TC_001_001_001-014 - Kontrola interakcie tláčítka Červ. kríž" line="69">
<kw name="Wait Until Element Is Visible" owner="SeleniumLibrary">
<arg>${BUTTON_Obec}</arg>
<arg>10 seconds</arg>
<doc>Waits until the element ``locator`` is visible.</doc>
<status status="PASS" start="2024-04-25T22:30:51.186572" elapsed="0.038413"/>
</kw>
<kw name="Mouse Over" owner="SeleniumLibrary">
<msg time="2024-04-25T22:30:51.227454" level="INFO">Simulating Mouse Over on element '//*[@id="menu-hlavne-1"]/li[2]/a'.</msg>
<arg>${BUTTON_Obec}</arg>
<doc>Simulates hovering the mouse over the element ``locator``.</doc>
<status status="PASS" start="2024-04-25T22:30:51.226450" elapsed="0.313589"/>
</kw>
<kw name="Wait Until Element Is Visible" owner="SeleniumLibrary">
<arg>${BUTTON_Obec_CervenyKriz}</arg>
<arg>10 seconds</arg>
<doc>Waits until the element ``locator`` is visible.</doc>
<status status="PASS" start="2024-04-25T22:30:51.541100" elapsed="0.043873"/>
</kw>
<kw name="Scroll Element Into View" owner="SeleniumLibrary">
<arg>${BUTTON_Obec_CervenyKriz}</arg>
<doc>Scrolls the element identified by ``locator`` into view.</doc>
<status status="PASS" start="2024-04-25T22:30:51.585989" elapsed="0.302678"/>
</kw>
<kw name="Click Element" owner="SeleniumLibrary">
<msg time="2024-04-25T22:30:51.892370" level="INFO">Clicking element '//*[@id="menu-hlavne-1"]/li[2]/ul/li[14]/a'.</msg>
<arg>${BUTTON_Obec_CervenyKriz}</arg>
<doc>Click the element identified by ``locator``.</doc>
<status status="PASS" start="2024-04-25T22:30:51.891308" elapsed="5.357754"/>
</kw>
<kw name="Sleep" owner="BuiltIn">
<msg time="2024-04-25T22:30:57.271474" level="INFO">Slept 20 milliseconds.</msg>
<arg>20 milliseconds</arg>
<doc>Pauses the test executed for the given time.</doc>
<status status="PASS" start="2024-04-25T22:30:57.251045" elapsed="0.020429"/>
</kw>
<kw name="Location Should Be" owner="SeleniumLibrary">
<msg time="2024-04-25T22:30:57.294208" level="INFO">Current location is 'https://www.krakovany.sk/?cat=7'.</msg>
<arg>${URL_Obec_CervenyKriz}</arg>
<doc>Verifies that the current URL is exactly ``url``.</doc>
<status status="PASS" start="2024-04-25T22:30:57.273504" elapsed="0.020704"/>
</kw>
<status status="PASS" start="2024-04-25T22:30:51.185559" elapsed="6.111196"/>
</test>
<test id="s1-s1-s1-t16" name="TC_001_001_001-015 - Kontrola interakcie tláčítka Mikroregión" line="79">
<kw name="Wait Until Element Is Visible" owner="SeleniumLibrary">
<arg>${BUTTON_Obec}</arg>
<arg>10 seconds</arg>
<doc>Waits until the element ``locator`` is visible.</doc>
<status status="PASS" start="2024-04-25T22:30:57.302750" elapsed="0.089756"/>
</kw>
<kw name="Mouse Over" owner="SeleniumLibrary">
<msg time="2024-04-25T22:30:57.395307" level="INFO">Simulating Mouse Over on element '//*[@id="menu-hlavne-1"]/li[2]/a'.</msg>
<arg>${BUTTON_Obec}</arg>
<doc>Simulates hovering the mouse over the element ``locator``.</doc>
<status status="PASS" start="2024-04-25T22:30:57.393606" elapsed="0.353608"/>
</kw>
<kw name="Wait Until Element Is Visible" owner="SeleniumLibrary">
<arg>${BUTTON_Obec_Mikroregion}</arg>
<arg>10 seconds</arg>
<doc>Waits until the element ``locator`` is visible.</doc>
<status status="PASS" start="2024-04-25T22:30:57.748199" elapsed="0.103939"/>
</kw>
<kw name="Scroll Element Into View" owner="SeleniumLibrary">
<arg>${BUTTON_Obec_Mikroregion}</arg>
<doc>Scrolls the element identified by ``locator`` into view.</doc>
<status status="PASS" start="2024-04-25T22:30:57.854145" elapsed="0.338093"/>
</kw>
<kw name="Click Element" owner="SeleniumLibrary">
<msg time="2024-04-25T22:30:58.193175" level="INFO">Clicking element '//*[@id="menu-hlavne-1"]/li[2]/ul/li[15]'.</msg>
<arg>${BUTTON_Obec_Mikroregion}</arg>
<doc>Click the element identified by ``locator``.</doc>
<status status="PASS" start="2024-04-25T22:30:58.193175" elapsed="8.507793"/>
</kw>
<kw name="Sleep" owner="BuiltIn">
<msg time="2024-04-25T22:31:06.724077" level="INFO">Slept 20 milliseconds.</msg>
<arg>20 milliseconds</arg>
<doc>Pauses the test executed for the given time.</doc>
<status status="PASS" start="2024-04-25T22:31:06.702984" elapsed="0.021093"/>
</kw>
<kw name="Location Should Be" owner="SeleniumLibrary">
<msg time="2024-04-25T22:31:06.757941" level="INFO">Current location is 'https://www.holeska.sk/'.</msg>
<arg>${URL_Obec_Mikroregion}</arg>
<doc>Verifies that the current URL is exactly ``url``.</doc>
<status status="PASS" start="2024-04-25T22:31:06.726675" elapsed="0.031266"/>
</kw>
<status status="PASS" start="2024-04-25T22:30:57.300756" elapsed="9.459204"/>
</test>
<test id="s1-s1-s1-t17" name="Post-conditions" line="89">
<kw name="Close Browser" owner="SeleniumLibrary">
<doc>Closes the current browser.</doc>
<status status="PASS" start="2024-04-25T22:31:06.763960" elapsed="2.188187"/>
</kw>
<status status="PASS" start="2024-04-25T22:31:06.761958" elapsed="2.192180"/>
</test>
<status status="PASS" start="2024-04-25T22:29:50.198506" elapsed="78.760406"/>
</suite>
<status status="PASS" start="2024-04-25T22:29:50.196372" elapsed="78.770558"/>
</suite>
<suite id="s1-s2" name="TS 001 001 001 001" source="C:\Users\bucka\Documents\GitHub\Simon\SWI\4. semester\Testování software\Projekt\_projekt\TS_001\TS_001_001_001_001">
<suite id="s1-s2-s1" name="TS 001 001 001 001" source="C:\Users\bucka\Documents\GitHub\Simon\SWI\4. semester\Testování software\Projekt\_projekt\TS_001\TS_001_001_001_001\TS_001_001_001_001.robot">
<test id="s1-s2-s1-t1" name="Pre-conditions" line="14">
<kw name="Open" owner="keywords">
<kw name="Open Browser" owner="SeleniumLibrary">
<msg time="2024-04-25T22:31:09.048512" level="INFO">Opening browser 'Chrome' to base url 'https://www.krakovany.sk/?p=979'.</msg>
<arg>${URL}</arg>
<arg>${BROWSER}</arg>
<doc>Opens a new browser instance to the optional ``url``.</doc>
<status status="PASS" start="2024-04-25T22:31:09.047440" elapsed="6.612674"/>
</kw>
<kw name="Maximize Browser Window" owner="SeleniumLibrary">
<doc>Maximizes current browser window.</doc>
<status status="PASS" start="2024-04-25T22:31:15.660114" elapsed="0.060164"/>
</kw>
<kw name="Sleep" owner="BuiltIn">
<msg time="2024-04-25T22:31:15.921580" level="INFO">Slept 200 milliseconds.</msg>
<arg>200ms</arg>
<doc>Pauses the test executed for the given time.</doc>
<status status="PASS" start="2024-04-25T22:31:15.721281" elapsed="0.200299"/>
</kw>
<arg>${BROWSER_CHROME}</arg>
<arg>${URL_Obec_ZakladneUdajeAKontakty}</arg>
<status status="PASS" start="2024-04-25T22:31:09.044902" elapsed="6.877707"/>
</kw>
<status status="PASS" start="2024-04-25T22:31:09.041900" elapsed="6.881705"/>
</test>
<test id="s1-s2-s1-t2" name="TC_001_001_001_001-001 - Kontrola interakcie pola &quot;Komentár&quot;" line="17">
<kw name="Input interaction" owner="keywords">
<kw name="Wait Until Element Is Visible" owner="SeleniumLibrary">
<arg>${INPUT}</arg>
<arg>10 seconds</arg>
<doc>Waits until the element ``locator`` is visible.</doc>
<status status="PASS" start="2024-04-25T22:31:15.934202" elapsed="0.131645"/>
</kw>
<kw name="Input Text" owner="SeleniumLibrary">
<msg time="2024-04-25T22:31:16.066847" level="INFO">Typing text 'This is a test comment' into text field '//textarea[@id='comment']'.</msg>
<arg>${INPUT}</arg>
<arg>${VALUE}</arg>
<doc>Types the given ``text`` into the text field identified by ``locator``.</doc>
<status status="PASS" start="2024-04-25T22:31:16.066847" elapsed="0.246287"/>
</kw>
<arg>${INPUT_Komentar}</arg>
<arg>${VALUE_Komentar}</arg>
<doc>Input text into input field</doc>
<status status="PASS" start="2024-04-25T22:31:15.932191" elapsed="0.381943"/>
</kw>
<status status="PASS" start="2024-04-25T22:31:15.929166" elapsed="0.384968"/>
</test>
<test id="s1-s2-s1-t3" name="TC_001_001_001_001-002 - Kontrola interakcie pola &quot;Meno&quot;" line="20">
<kw name="Input interaction" owner="keywords">
<kw name="Wait Until Element Is Visible" owner="SeleniumLibrary">
<arg>${INPUT}</arg>
<arg>10 seconds</arg>
<doc>Waits until the element ``locator`` is visible.</doc>
<status status="PASS" start="2024-04-25T22:31:16.317367" elapsed="0.036224"/>
</kw>
<kw name="Input Text" owner="SeleniumLibrary">
<msg time="2024-04-25T22:31:16.355100" level="INFO">Typing text 'Test Name' into text field '//input[@id='author']'.</msg>
<arg>${INPUT}</arg>
<arg>${VALUE}</arg>
<doc>Types the given ``text`` into the text field identified by ``locator``.</doc>
<status status="PASS" start="2024-04-25T22:31:16.353591" elapsed="0.135517"/>
</kw>
<arg>${INPUT_Meno}</arg>
<arg>${VALUE_Meno}</arg>
<doc>Input text into input field</doc>
<status status="PASS" start="2024-04-25T22:31:16.317367" elapsed="0.172738"/>
</kw>
<status status="PASS" start="2024-04-25T22:31:16.316363" elapsed="0.173742"/>
</test>
<test id="s1-s2-s1-t4" name="TC_001_001_001_001-003 - Kontrola interakcie pola &quot;E-mail&quot;" line="23">
<kw name="Input interaction" owner="keywords">
<kw name="Wait Until Element Is Visible" owner="SeleniumLibrary">
<arg>${INPUT}</arg>
<arg>10 seconds</arg>
<doc>Waits until the element ``locator`` is visible.</doc>
<status status="PASS" start="2024-04-25T22:31:16.494103" elapsed="0.031013"/>
</kw>
<kw name="Input Text" owner="SeleniumLibrary">
<msg time="2024-04-25T22:31:16.526117" level="INFO">Typing text 'test@vevja.sg' into text field '//input[@id='email']'.</msg>
<arg>${INPUT}</arg>
<arg>${VALUE}</arg>
<doc>Types the given ``text`` into the text field identified by ``locator``.</doc>
<status status="PASS" start="2024-04-25T22:31:16.526117" elapsed="0.120046"/>
</kw>
<arg>${INPUT_Email}</arg>
<arg>${VALUE_Email}</arg>
<doc>Input text into input field</doc>
<status status="PASS" start="2024-04-25T22:31:16.493106" elapsed="0.153057"/>
</kw>
<status status="PASS" start="2024-04-25T22:31:16.492105" elapsed="0.155064"/>
</test>
<test id="s1-s2-s1-t5" name="TC_001_001_001_001-004 - Kontrola interakcie pola &quot;Adresa webu&quot;" line="26">
<kw name="Input interaction" owner="keywords">
<kw name="Wait Until Element Is Visible" owner="SeleniumLibrary">
<arg>${INPUT}</arg>
<arg>10 seconds</arg>
<doc>Waits until the element ``locator`` is visible.</doc>
<status status="PASS" start="2024-04-25T22:31:16.649167" elapsed="0.027359"/>
</kw>
<kw name="Input Text" owner="SeleniumLibrary">
<msg time="2024-04-25T22:31:16.677526" level="INFO">Typing text 'www.test.com' into text field '//input[@id='url']'.</msg>
<arg>${INPUT}</arg>
<arg>${VALUE}</arg>
<doc>Types the given ``text`` into the text field identified by ``locator``.</doc>
<status status="PASS" start="2024-04-25T22:31:16.677526" elapsed="0.144657"/>
</kw>
<arg>${INPUT_AdresaWebu}</arg>
<arg>${VALUE_AdresaWebu}</arg>
<doc>Input text into input field</doc>
<status status="PASS" start="2024-04-25T22:31:16.649167" elapsed="0.174031"/>
</kw>
<status status="PASS" start="2024-04-25T22:31:16.648167" elapsed="0.175031"/>
</test>
<test id="s1-s2-s1-t6" name="TC_001_001_001_001-005 - Kontrola interakcie tlačidla &quot;Pridať komentár&quot;" line="29">
<kw name="Wait Until Element Is Visible" owner="SeleniumLibrary">
<arg>${BUTTON_PridatKomentar}</arg>
<arg>2 seconds</arg>
<doc>Waits until the element ``locator`` is visible.</doc>
<status status="PASS" start="2024-04-25T22:31:16.825196" elapsed="0.036725"/>
</kw>
<status status="PASS" start="2024-04-25T22:31:16.825196" elapsed="0.037718"/>
</test>
<test id="s1-s2-s1-t7" name="Post-conditions" line="33">
<kw name="Close" owner="keywords">
<kw name="Sleep" owner="BuiltIn">
<msg time="2024-04-25T22:31:17.066217" level="INFO">Slept 200 milliseconds.</msg>
<arg>200ms</arg>
<doc>Pauses the test executed for the given time.</doc>
<status status="PASS" start="2024-04-25T22:31:16.865240" elapsed="0.200977"/>
</kw>
<kw name="Close Browser" owner="SeleniumLibrary">
<doc>Closes the current browser.</doc>
<status status="PASS" start="2024-04-25T22:31:17.066718" elapsed="2.349632"/>
</kw>
<status status="PASS" start="2024-04-25T22:31:16.865240" elapsed="2.552441"/>
</kw>
<status status="PASS" start="2024-04-25T22:31:16.865034" elapsed="2.553675"/>
</test>
<status status="PASS" start="2024-04-25T22:31:08.987556" elapsed="10.435700"/>
</suite>
<status status="PASS" start="2024-04-25T22:31:08.975331" elapsed="10.457964"/>
</suite>
<suite id="s1-s3" name="TS 001 001 014" source="C:\Users\bucka\Documents\GitHub\Simon\SWI\4. semester\Testování software\Projekt\_projekt\TS_001\TS_001_001_014">
<suite id="s1-s3-s1" name="TS 001 001 014" source="C:\Users\bucka\Documents\GitHub\Simon\SWI\4. semester\Testování software\Projekt\_projekt\TS_001\TS_001_001_014\TS_001_001_014.robot">
<test id="s1-s3-s1-t1" name="Pre-conditions" line="21">
<kw name="Open EN Incognito Chrome Webdriver" owner="keywords">
<kw name="Evaluate" owner="BuiltIn">
<msg time="2024-04-25T22:31:19.553944" level="INFO">${chrome_options} = &lt;selenium.webdriver.chrome.options.Options object at 0x000002BF13BBEC50&gt;</msg>
<var>${chrome_options}</var>
<arg>sys.modules['selenium.webdriver'].ChromeOptions()</arg>
<arg>sys, selenium.webdriver</arg>
<doc>Evaluates the given expression in Python and returns the result.</doc>
<status status="PASS" start="2024-04-25T22:31:19.552943" elapsed="0.001001"/>
</kw>
<kw name="Create Dictionary" owner="BuiltIn">
<msg time="2024-04-25T22:31:19.555434" level="INFO">${prefs} = {'intl.accept_languages': 'en'}</msg>
<var>${prefs}</var>
<arg>intl.accept_languages</arg>
<arg>en</arg>
<doc>Creates and returns a dictionary based on the given ``items``.</doc>
<status status="PASS" start="2024-04-25T22:31:19.554942" elapsed="0.000492"/>
</kw>
<kw name="Call Method" owner="BuiltIn">
<arg>${chrome_options}</arg>
<arg>add_experimental_option</arg>
<arg>prefs</arg>
<arg>${prefs}</arg>
<doc>Calls the named method of the given object with the provided arguments.</doc>
<status status="PASS" start="2024-04-25T22:31:19.556440" elapsed="0.001998"/>
</kw>
<kw name="Call Method" owner="BuiltIn">
<arg>${chrome_options}</arg>
<arg>add_argument</arg>
<arg>--incognito</arg>
<doc>Calls the named method of the given object with the provided arguments.</doc>
<status status="PASS" start="2024-04-25T22:31:19.559974" elapsed="0.002040"/>
</kw>
<kw name="Create Webdriver" owner="SeleniumLibrary">
<msg time="2024-04-25T22:31:19.563012" level="INFO">Creating an instance of the Chrome WebDriver.</msg>
<arg>Chrome</arg>
<arg>options=${chrome_options}</arg>
<doc>Creates an instance of Selenium WebDriver.</doc>
<status status="PASS" start="2024-04-25T22:31:19.563012" elapsed="1.935918"/>
</kw>
<kw name="Go To" owner="SeleniumLibrary">
<msg time="2024-04-25T22:31:21.499934" level="INFO">Opening url 'https://www.krakovany.sk/?page_id=19224'</msg>
<arg>${URL}</arg>
<doc>Navigates the current browser window to the provided ``url``.</doc>
<status status="PASS" start="2024-04-25T22:31:21.498930" elapsed="4.351265"/>
</kw>
<kw name="Maximize Browser Window" owner="SeleniumLibrary">
<doc>Maximizes current browser window.</doc>
<status status="PASS" start="2024-04-25T22:31:25.851192" elapsed="0.065088"/>
</kw>
<arg>${URL_TvKrakovany}</arg>
<doc>Open Chrome browser in incognito mode with English language</doc>
<status status="PASS" start="2024-04-25T22:31:19.550887" elapsed="6.365393"/>
</kw>
<status status="PASS" start="2024-04-25T22:31:19.548939" elapsed="6.368325"/>
</test>
<test id="s1-s3-s1-t2" name="TC_001_001_014-001 - Kontrola interakcie videa" line="25">
<kw name="Wait Until Element Is Visible" owner="SeleniumLibrary">
<arg>${IFRAME_Video}</arg>
<arg>10s</arg>
<doc>Waits until the element ``locator`` is visible.</doc>
<status status="PASS" start="2024-04-25T22:31:25.923286" elapsed="0.076108"/>
</kw>
<kw name="Scroll Element Into View" owner="SeleniumLibrary">
<arg>${IFRAME_Video}</arg>
<doc>Scrolls the element identified by ``locator`` into view.</doc>
<status status="PASS" start="2024-04-25T22:31:26.000395" elapsed="0.313423"/>
</kw>
<kw name="Select Frame" owner="SeleniumLibrary">
<msg time="2024-04-25T22:31:26.314817" level="INFO">Selecting frame '//*[@id="page-content"]/div/div/div/div[2]/iframe'.</msg>
<arg>${IFRAME_Video}</arg>
<doc>Sets frame identified by ``locator`` as the current frame.</doc>
<status status="PASS" start="2024-04-25T22:31:26.314817" elapsed="0.055659"/>
</kw>
<kw name="Button interaction" owner="keywords">
<kw name="Wait Until Element Is Visible" owner="SeleniumLibrary">
<arg>${BUTTON}</arg>
<arg>15 seconds</arg>
<doc>Waits until the element ``locator`` is visible.</doc>
<status status="PASS" start="2024-04-25T22:31:26.371476" elapsed="0.040863"/>
</kw>
<kw name="Set Selenium Speed" owner="SeleniumLibrary">
<arg>0.2</arg>
<doc>Sets the delay that is waited after each Selenium command.</doc>
<status status="PASS" start="2024-04-25T22:31:26.413338" elapsed="0.000000"/>
</kw>
<kw name="Click Element" owner="SeleniumLibrary">
<msg time="2024-04-25T22:31:26.413338" level="INFO">Clicking element '//*[@id="movie_player"]/div[4]/button'.</msg>
<arg>${BUTTON}</arg>
<doc>Click the element identified by ``locator``.</doc>
<status status="PASS" start="2024-04-25T22:31:26.413338" elapsed="0.841507"/>
</kw>
<kw name="Set Selenium Speed" owner="SeleniumLibrary">
<arg>0</arg>
<doc>Sets the delay that is waited after each Selenium command.</doc>
<status status="PASS" start="2024-04-25T22:31:27.254845" elapsed="0.000000"/>
</kw>
<arg>${BUTTON_Video_PlayBig}</arg>
<status status="PASS" start="2024-04-25T22:31:26.371476" elapsed="0.883369"/>
</kw>
<status status="PASS" start="2024-04-25T22:31:25.921277" elapsed="1.334577"/>
</test>
<test id="s1-s3-s1-t3" name="TC_001_001_014-002 - Kontrola tlačítka `Play`" line="32">
<kw name="Button interaction" owner="keywords">
<kw name="Wait Until Element Is Visible" owner="SeleniumLibrary">
<arg>${BUTTON}</arg>
<arg>15 seconds</arg>
<doc>Waits until the element ``locator`` is visible.</doc>
<status status="PASS" start="2024-04-25T22:31:27.261312" elapsed="0.039229"/>
</kw>
<kw name="Set Selenium Speed" owner="SeleniumLibrary">
<arg>0.2</arg>
<doc>Sets the delay that is waited after each Selenium command.</doc>
<status status="PASS" start="2024-04-25T22:31:27.300541" elapsed="0.001015"/>
</kw>
<kw name="Click Element" owner="SeleniumLibrary">
<msg time="2024-04-25T22:31:27.303097" level="INFO">Clicking element '//*[@id="movie_player"]/div[27]/div[2]/div[1]/button'.</msg>
<arg>${BUTTON}</arg>
<doc>Click the element identified by ``locator``.</doc>
<status status="PASS" start="2024-04-25T22:31:27.301556" elapsed="0.528221"/>
</kw>
<kw name="Set Selenium Speed" owner="SeleniumLibrary">
<arg>0</arg>
<doc>Sets the delay that is waited after each Selenium command.</doc>
<status status="PASS" start="2024-04-25T22:31:27.829777" elapsed="0.000000"/>
</kw>
<arg>${BUTTON_Video_Play}</arg>
<status status="PASS" start="2024-04-25T22:31:27.257853" elapsed="0.573198"/>
</kw>
<kw name="Element Attribute Value Should Be" owner="SeleniumLibrary">
<msg time="2024-04-25T22:31:27.871650" level="INFO">Element '//*[@id="movie_player"]/div[27]/div[2]/div[1]/button' attribute 'data-title-no-tooltip' contains value 'Play'.</msg>
<arg>${BUTTON_Video_Play}</arg>
<arg>${VALUE_AttributeDTNT}</arg>
<arg>${VALUE_Play}</arg>
<doc>Verifies element identified by ``locator`` contains expected attribute value.</doc>
<status status="PASS" start="2024-04-25T22:31:27.832044" elapsed="0.039606"/>
</kw>
<kw name="Button interaction" owner="keywords">
<kw name="Wait Until Element Is Visible" owner="SeleniumLibrary">
<arg>${BUTTON}</arg>
<arg>15 seconds</arg>
<doc>Waits until the element ``locator`` is visible.</doc>
<status status="PASS" start="2024-04-25T22:31:27.872646" elapsed="0.040443"/>
</kw>
<kw name="Set Selenium Speed" owner="SeleniumLibrary">
<arg>0.2</arg>
<doc>Sets the delay that is waited after each Selenium command.</doc>
<status status="PASS" start="2024-04-25T22:31:27.913089" elapsed="0.000000"/>
</kw>
<kw name="Click Element" owner="SeleniumLibrary">
<msg time="2024-04-25T22:31:27.914124" level="INFO">Clicking element '//*[@id="movie_player"]/div[27]/div[2]/div[1]/button'.</msg>
<arg>${BUTTON}</arg>
<doc>Click the element identified by ``locator``.</doc>
<status status="PASS" start="2024-04-25T22:31:27.914124" elapsed="0.581259"/>
</kw>
<kw name="Set Selenium Speed" owner="SeleniumLibrary">
<arg>0</arg>
<doc>Sets the delay that is waited after each Selenium command.</doc>
<status status="PASS" start="2024-04-25T22:31:28.495383" elapsed="0.000000"/>
</kw>
<arg>${BUTTON_Video_Play}</arg>
<status status="PASS" start="2024-04-25T22:31:27.872646" elapsed="0.622737"/>
</kw>
<kw name="Element Attribute Value Should Be" owner="SeleniumLibrary">
<msg time="2024-04-25T22:31:28.524033" level="INFO">Element '//*[@id="movie_player"]/div[27]/div[2]/div[1]/button' attribute 'data-title-no-tooltip' contains value 'Pause'.</msg>
<arg>${BUTTON_Video_Play}</arg>
<arg>${VALUE_AttributeDTNT}</arg>
<arg>${VALUE_Pause}</arg>
<doc>Verifies element identified by ``locator`` contains expected attribute value.</doc>
<status status="PASS" start="2024-04-25T22:31:28.496390" elapsed="0.027643"/>
</kw>
<status status="PASS" start="2024-04-25T22:31:27.256855" elapsed="1.268181"/>
</test>
<test id="s1-s3-s1-t4" name="TC_001_001_014-003 - Kontrola funkcie posunutia vpred o 5 sekúnd" line="39">
<kw name="Button interaction" owner="keywords">
<kw name="Wait Until Element Is Visible" owner="SeleniumLibrary">
<arg>${BUTTON}</arg>
<arg>15 seconds</arg>
<doc>Waits until the element ``locator`` is visible.</doc>
<status status="PASS" start="2024-04-25T22:31:28.528591" elapsed="0.142870"/>
</kw>
<kw name="Set Selenium Speed" owner="SeleniumLibrary">
<arg>0.2</arg>
<doc>Sets the delay that is waited after each Selenium command.</doc>
<status status="PASS" start="2024-04-25T22:31:28.671461" elapsed="0.000000"/>
</kw>
<kw name="Click Element" owner="SeleniumLibrary">
<msg time="2024-04-25T22:31:28.672458" level="INFO">Clicking element '//*[@id="movie_player"]/div[27]/div[2]/div[1]/button'.</msg>
<arg>${BUTTON}</arg>
<doc>Click the element identified by ``locator``.</doc>
<status status="PASS" start="2024-04-25T22:31:28.672458" elapsed="0.638593"/>
</kw>
<kw name="Set Selenium Speed" owner="SeleniumLibrary">
<arg>0</arg>
<doc>Sets the delay that is waited after each Selenium command.</doc>
<status status="PASS" start="2024-04-25T22:31:29.313081" elapsed="0.001016"/>
</kw>
<arg>${BUTTON_Video_Play}</arg>
<status status="PASS" start="2024-04-25T22:31:28.527565" elapsed="0.788036"/>
</kw>
<kw name="Button interaction" owner="keywords">
<kw name="Wait Until Element Is Visible" owner="SeleniumLibrary">
<arg>${BUTTON}</arg>
<arg>15 seconds</arg>
<doc>Waits until the element ``locator`` is visible.</doc>
<status status="PASS" start="2024-04-25T22:31:29.321907" elapsed="0.084198"/>
</kw>
<kw name="Set Selenium Speed" owner="SeleniumLibrary">
<arg>0.2</arg>
<doc>Sets the delay that is waited after each Selenium command.</doc>
<status status="PASS" start="2024-04-25T22:31:29.407101" elapsed="0.001004"/>
</kw>
<kw name="Click Element" owner="SeleniumLibrary">
<msg time="2024-04-25T22:31:29.409102" level="INFO">Clicking element '//*[@id="movie_player"]/div[18]/div/button[1]'.</msg>
<arg>${BUTTON}</arg>
<doc>Click the element identified by ``locator``.</doc>
<status status="PASS" start="2024-04-25T22:31:29.408105" elapsed="0.546446"/>
</kw>
<kw name="Set Selenium Speed" owner="SeleniumLibrary">
<arg>0</arg>
<doc>Sets the delay that is waited after each Selenium command.</doc>
<status status="PASS" start="2024-04-25T22:31:29.955212" elapsed="0.000887"/>
</kw>
<arg>${BUTTON_Video_ClosePopUp}</arg>
<status status="PASS" start="2024-04-25T22:31:29.319905" elapsed="0.637198"/>
</kw>
<kw name="Get time from span YT video" owner="keywords">
<kw name="Get Text" owner="SeleniumLibrary">
<msg time="2024-04-25T22:31:30.087748" level="INFO">${time} = 0:00</msg>
<var>${time}</var>
<arg>${SPAN}</arg>
<doc>Returns the text value of the element identified by ``locator``.</doc>
<status status="PASS" start="2024-04-25T22:31:29.961194" elapsed="0.126554"/>
</kw>
<kw name="Get Last Two Characters" owner="keywords">
<kw name="Execute Javascript" owner="SeleniumLibrary">
<msg time="2024-04-25T22:31:30.093744" level="INFO">Executing JavaScript:
return arguments[0].slice(-2);
By using argument:
'0:00'</msg>
<msg time="2024-04-25T22:31:30.118859" level="INFO">${first_two_characters} = 00</msg>
<var>${first_two_characters}</var>
<arg>return arguments[0].slice(-2);</arg>
<arg>ARGUMENTS</arg>
<arg>${TEXT}</arg>
<doc>Executes the given JavaScript code with possible arguments.</doc>
<status status="PASS" start="2024-04-25T22:31:30.091691" elapsed="0.027168"/>
</kw>
<kw name="Log" owner="BuiltIn">
<msg time="2024-04-25T22:31:30.119844" level="INFO">00</msg>
<arg>${first_two_characters}</arg>
<doc>Logs the given message with the given level.</doc>
<status status="PASS" start="2024-04-25T22:31:30.119844" elapsed="0.000000"/>
</kw>
<return>
<value>${first_two_characters}</value>
<status status="PASS" start="2024-04-25T22:31:30.120923" elapsed="0.000000"/>
</return>
<msg time="2024-04-25T22:31:30.121895" level="INFO">${time} = 00</msg>
<var>${time}</var>
<arg>${time}</arg>
<doc>Get last two characters from string</doc>
<status status="PASS" start="2024-04-25T22:31:30.088714" elapsed="0.033181"/>
</kw>
<kw name="Convert To Integer" owner="BuiltIn">
<msg time="2024-04-25T22:31:30.123845" level="INFO">${time} = 0</msg>
<var>${time}</var>
<arg>${time}</arg>
<doc>Converts the given item to an integer number.</doc>
<status status="PASS" start="2024-04-25T22:31:30.121895" elapsed="0.001950"/>
</kw>
<kw name="Log" owner="BuiltIn">
<msg time="2024-04-25T22:31:30.127398" level="INFO">0</msg>
<arg>${time}</arg>
<doc>Logs the given message with the given level.</doc>
<status status="PASS" start="2024-04-25T22:31:30.125375" elapsed="0.002023"/>
</kw>
<return>
<value>${time}</value>
<status status="PASS" start="2024-04-25T22:31:30.128396" elapsed="0.000000"/>
</return>
<msg time="2024-04-25T22:31:30.129926" level="INFO">${time_before} = 0</msg>
<var>${time_before}</var>
<arg>${SPAN_TimeCurrent}</arg>
<doc>Get time from span element</doc>
<status status="PASS" start="2024-04-25T22:31:29.960132" elapsed="0.169794"/>
</kw>
<kw name="Press Keys" owner="SeleniumLibrary">
<msg time="2024-04-25T22:31:30.134963" level="INFO">Sending key(s) ('ARROW_RIGHT',) to //*[@id="movie_player"]/div[1]/video element.</msg>
<msg time="2024-04-25T22:31:30.626803" level="INFO">Pressing special key ARROW_RIGHT to element.</msg>
<msg time="2024-04-25T22:31:30.626803" level="INFO">Releasing special key ARROW_RIGHT.</msg>
<arg>${VIDEO_TvKrakovany}</arg>
<arg>${KEY_Right}</arg>
<doc>Simulates the user pressing key(s) to an element or on the active browser.</doc>
<status status="PASS" start="2024-04-25T22:31:30.132956" elapsed="0.554263"/>
</kw>
<kw name="Get time from span YT video" owner="keywords">
<kw name="Get Text" owner="SeleniumLibrary">
<msg time="2024-04-25T22:31:30.740235" level="INFO">${time} = 0:05</msg>
<var>${time}</var>
<arg>${SPAN}</arg>
<doc>Returns the text value of the element identified by ``locator``.</doc>
<status status="PASS" start="2024-04-25T22:31:30.693237" elapsed="0.046998"/>
</kw>
<kw name="Get Last Two Characters" owner="keywords">
<kw name="Execute Javascript" owner="SeleniumLibrary">
<msg time="2024-04-25T22:31:30.742244" level="INFO">Executing JavaScript:
return arguments[0].slice(-2);
By using argument:
'0:05'</msg>
<msg time="2024-04-25T22:31:30.752686" level="INFO">${first_two_characters} = 05</msg>
<var>${first_two_characters}</var>
<arg>return arguments[0].slice(-2);</arg>
<arg>ARGUMENTS</arg>
<arg>${TEXT}</arg>
<doc>Executes the given JavaScript code with possible arguments.</doc>
<status status="PASS" start="2024-04-25T22:31:30.741234" elapsed="0.011452"/>
</kw>
<kw name="Log" owner="BuiltIn">
<msg time="2024-04-25T22:31:30.753720" level="INFO">05</msg>
<arg>${first_two_characters}</arg>
<doc>Logs the given message with the given level.</doc>
<status status="PASS" start="2024-04-25T22:31:30.753720" elapsed="0.000000"/>
</kw>
<return>
<value>${first_two_characters}</value>
<status status="PASS" start="2024-04-25T22:31:30.753720" elapsed="0.000000"/>
</return>
<msg time="2024-04-25T22:31:30.753720" level="INFO">${time} = 05</msg>
<var>${time}</var>
<arg>${time}</arg>
<doc>Get last two characters from string</doc>
<status status="PASS" start="2024-04-25T22:31:30.740235" elapsed="0.013485"/>
</kw>
<kw name="Convert To Integer" owner="BuiltIn">
<msg time="2024-04-25T22:31:30.754720" level="INFO">${time} = 5</msg>
<var>${time}</var>
<arg>${time}</arg>
<doc>Converts the given item to an integer number.</doc>
<status status="PASS" start="2024-04-25T22:31:30.753720" elapsed="0.001000"/>
</kw>
<kw name="Log" owner="BuiltIn">
<msg time="2024-04-25T22:31:30.755266" level="INFO">5</msg>
<arg>${time}</arg>
<doc>Logs the given message with the given level.</doc>
<status status="PASS" start="2024-04-25T22:31:30.754720" elapsed="0.000546"/>
</kw>
<return>
<value>${time}</value>
<status status="PASS" start="2024-04-25T22:31:30.755266" elapsed="0.000000"/>
</return>
<msg time="2024-04-25T22:31:30.755266" level="INFO">${time_after} = 5</msg>
<var>${time_after}</var>
<arg>${SPAN_TimeCurrent}</arg>
<doc>Get time from span element</doc>
<status status="PASS" start="2024-04-25T22:31:30.690233" elapsed="0.066046"/>
</kw>
<kw name="Subtract" owner="keywords">
<kw name="Evaluate" owner="BuiltIn">
<msg time="2024-04-25T22:31:30.757279" level="INFO">${result} = 5</msg>
<var>${result}</var>
<arg>${VALUE1} - ${VALUE2}</arg>
<doc>Evaluates the given expression in Python and returns the result.</doc>
<status status="PASS" start="2024-04-25T22:31:30.757279" elapsed="0.001013"/>
</kw>
<kw name="Log" owner="BuiltIn">
<msg time="2024-04-25T22:31:30.758292" level="INFO">5</msg>
<arg>${result}</arg>
<doc>Logs the given message with the given level.</doc>
<status status="PASS" start="2024-04-25T22:31:30.758292" elapsed="0.000000"/>
</kw>
<return>
<value>${result}</value>
<status status="PASS" start="2024-04-25T22:31:30.758292" elapsed="0.000000"/>
</return>
<msg time="2024-04-25T22:31:30.759292" level="INFO">${time_diff} = 5</msg>
<var>${time_diff}</var>
<arg>${time_after}</arg>
<arg>${time_before}</arg>
<doc>Subtract two values</doc>
<status status="PASS" start="2024-04-25T22:31:30.756279" elapsed="0.003013"/>
</kw>
<kw name="Log" owner="BuiltIn">
<msg time="2024-04-25T22:31:30.760295" level="INFO">5</msg>
<arg>${time_diff}</arg>
<doc>Logs the given message with the given level.</doc>
<status status="PASS" start="2024-04-25T22:31:30.760295" elapsed="0.000000"/>
</kw>
<kw name="Should Be Equal As Numbers" owner="BuiltIn">
<msg time="2024-04-25T22:31:30.761292" level="INFO">Argument types are:
&lt;class 'int'&gt;
&lt;class 'str'&gt;</msg>
<arg>${time_diff}</arg>
<arg>5</arg>
<doc>Fails if objects are unequal after converting them to real numbers.</doc>
<status status="PASS" start="2024-04-25T22:31:30.761292" elapsed="0.000000"/>
</kw>
<status status="PASS" start="2024-04-25T22:31:28.526559" elapsed="2.235730"/>
</test>
<test id="s1-s3-s1-t5" name="TC_001_001_014-004 - Kontrola funkcie posunutia vzad o 5 sekúnd" line="50">
<kw name="Button interaction" owner="keywords">
<kw name="Wait Until Element Is Visible" owner="SeleniumLibrary">
<arg>${BUTTON}</arg>
<arg>15 seconds</arg>
<doc>Waits until the element ``locator`` is visible.</doc>
<status status="PASS" start="2024-04-25T22:31:30.765809" elapsed="0.030175"/>
</kw>
<kw name="Set Selenium Speed" owner="SeleniumLibrary">
<arg>0.2</arg>
<doc>Sets the delay that is waited after each Selenium command.</doc>
<status status="PASS" start="2024-04-25T22:31:30.796986" elapsed="0.000000"/>
</kw>
<kw name="Click Element" owner="SeleniumLibrary">
<msg time="2024-04-25T22:31:30.798980" level="INFO">Clicking element '//*[@id="movie_player"]/div[27]/div[2]/div[1]/button'.</msg>
<arg>${BUTTON}</arg>
<doc>Click the element identified by ``locator``.</doc>
<status status="PASS" start="2024-04-25T22:31:30.797982" elapsed="0.547607"/>
</kw>
<kw name="Set Selenium Speed" owner="SeleniumLibrary">
<arg>0</arg>
<doc>Sets the delay that is waited after each Selenium command.</doc>
<status status="PASS" start="2024-04-25T22:31:31.346096" elapsed="0.001022"/>
</kw>
<arg>${BUTTON_Video_Play}</arg>
<status status="PASS" start="2024-04-25T22:31:30.764799" elapsed="0.583317"/>
</kw>
<kw name="Get time from span YT video" owner="keywords">
<kw name="Get Text" owner="SeleniumLibrary">
<msg time="2024-04-25T22:31:31.423470" level="INFO">${time} = 0:06</msg>
<var>${time}</var>
<arg>${SPAN}</arg>
<doc>Returns the text value of the element identified by ``locator``.</doc>
<status status="PASS" start="2024-04-25T22:31:31.351149" elapsed="0.072321"/>
</kw>
<kw name="Get Last Two Characters" owner="keywords">
<kw name="Execute Javascript" owner="SeleniumLibrary">
<msg time="2024-04-25T22:31:31.428025" level="INFO">Executing JavaScript:
return arguments[0].slice(-2);
By using argument:
'0:06'</msg>
<msg time="2024-04-25T22:31:31.448692" level="INFO">${first_two_characters} = 06</msg>
<var>${first_two_characters}</var>
<arg>return arguments[0].slice(-2);</arg>
<arg>ARGUMENTS</arg>
<arg>${TEXT}</arg>
<doc>Executes the given JavaScript code with possible arguments.</doc>
<status status="PASS" start="2024-04-25T22:31:31.426031" elapsed="0.023661"/>
</kw>
<kw name="Log" owner="BuiltIn">
<msg time="2024-04-25T22:31:31.450690" level="INFO">06</msg>
<arg>${first_two_characters}</arg>
<doc>Logs the given message with the given level.</doc>
<status status="PASS" start="2024-04-25T22:31:31.449692" elapsed="0.000998"/>
</kw>
<return>
<value>${first_two_characters}</value>
<status status="PASS" start="2024-04-25T22:31:31.450690" elapsed="0.000000"/>
</return>
<msg time="2024-04-25T22:31:31.451690" level="INFO">${time} = 06</msg>
<var>${time}</var>
<arg>${time}</arg>
<doc>Get last two characters from string</doc>
<status status="PASS" start="2024-04-25T22:31:31.425091" elapsed="0.026599"/>
</kw>
<kw name="Convert To Integer" owner="BuiltIn">
<msg time="2024-04-25T22:31:31.452690" level="INFO">${time} = 6</msg>
<var>${time}</var>
<arg>${time}</arg>
<doc>Converts the given item to an integer number.</doc>
<status status="PASS" start="2024-04-25T22:31:31.451690" elapsed="0.001000"/>
</kw>
<kw name="Log" owner="BuiltIn">
<msg time="2024-04-25T22:31:31.455285" level="INFO">6</msg>
<arg>${time}</arg>
<doc>Logs the given message with the given level.</doc>
<status status="PASS" start="2024-04-25T22:31:31.453691" elapsed="0.001594"/>
</kw>
<return>
<value>${time}</value>
<status status="PASS" start="2024-04-25T22:31:31.455285" elapsed="0.000948"/>
</return>
<msg time="2024-04-25T22:31:31.457229" level="INFO">${time_before} = 6</msg>
<var>${time_before}</var>
<arg>${SPAN_TimeCurrent}</arg>
<doc>Get time from span element</doc>
<status status="PASS" start="2024-04-25T22:31:31.350161" elapsed="0.107068"/>
</kw>
<kw name="Press Keys" owner="SeleniumLibrary">
<msg time="2024-04-25T22:31:31.459528" level="INFO">Sending key(s) ('ARROW_LEFT',) to //*[@id="movie_player"]/div[1]/video element.</msg>
<msg time="2024-04-25T22:31:31.938029" level="INFO">Pressing special key ARROW_LEFT to element.</msg>
<msg time="2024-04-25T22:31:31.938029" level="INFO">Releasing special key ARROW_LEFT.</msg>
<arg>${VIDEO_TvKrakovany}</arg>
<arg>${KEY_Left}</arg>
<doc>Simulates the user pressing key(s) to an element or on the active browser.</doc>
<status status="PASS" start="2024-04-25T22:31:31.458490" elapsed="0.500613"/>
</kw>
<kw name="Get time from span YT video" owner="keywords">
<kw name="Get Text" owner="SeleniumLibrary">
<msg time="2024-04-25T22:31:31.995502" level="INFO">${time} = 0:01</msg>
<var>${time}</var>
<arg>${SPAN}</arg>
<doc>Returns the text value of the element identified by ``locator``.</doc>
<status status="PASS" start="2024-04-25T22:31:31.961102" elapsed="0.034400"/>
</kw>
<kw name="Get Last Two Characters" owner="keywords">
<kw name="Execute Javascript" owner="SeleniumLibrary">
<msg time="2024-04-25T22:31:31.997512" level="INFO">Executing JavaScript:
return arguments[0].slice(-2);
By using argument:
'0:01'</msg>
<msg time="2024-04-25T22:31:32.009059" level="INFO">${first_two_characters} = 01</msg>
<var>${first_two_characters}</var>
<arg>return arguments[0].slice(-2);</arg>
<arg>ARGUMENTS</arg>
<arg>${TEXT}</arg>
<doc>Executes the given JavaScript code with possible arguments.</doc>
<status status="PASS" start="2024-04-25T22:31:31.997512" elapsed="0.012755"/>
</kw>
<kw name="Log" owner="BuiltIn">
<msg time="2024-04-25T22:31:32.011061" level="INFO">01</msg>
<arg>${first_two_characters}</arg>
<doc>Logs the given message with the given level.</doc>
<status status="PASS" start="2024-04-25T22:31:32.010267" elapsed="0.000794"/>
</kw>
<return>
<value>${first_two_characters}</value>
<status status="PASS" start="2024-04-25T22:31:32.011061" elapsed="0.000000"/>
</return>
<msg time="2024-04-25T22:31:32.011938" level="INFO">${time} = 01</msg>
<var>${time}</var>
<arg>${time}</arg>
<doc>Get last two characters from string</doc>
<status status="PASS" start="2024-04-25T22:31:31.996513" elapsed="0.015425"/>
</kw>
<kw name="Convert To Integer" owner="BuiltIn">
<msg time="2024-04-25T22:31:32.012446" level="INFO">${time} = 1</msg>
<var>${time}</var>
<arg>${time}</arg>
<doc>Converts the given item to an integer number.</doc>
<status status="PASS" start="2024-04-25T22:31:32.011938" elapsed="0.000508"/>
</kw>
<kw name="Log" owner="BuiltIn">
<msg time="2024-04-25T22:31:32.013752" level="INFO">1</msg>
<arg>${time}</arg>
<doc>Logs the given message with the given level.</doc>
<status status="PASS" start="2024-04-25T22:31:32.013185" elapsed="0.000567"/>
</kw>
<return>
<value>${time}</value>
<status status="PASS" start="2024-04-25T22:31:32.013752" elapsed="0.000509"/>
</return>
<msg time="2024-04-25T22:31:32.014784" level="INFO">${time_after} = 1</msg>
<var>${time_after}</var>
<arg>${SPAN_TimeCurrent}</arg>
<doc>Get time from span element</doc>
<status status="PASS" start="2024-04-25T22:31:31.960104" elapsed="0.054752"/>
</kw>
<kw name="Subtract" owner="keywords">
<kw name="Evaluate" owner="BuiltIn">
<msg time="2024-04-25T22:31:32.017130" level="INFO">${result} = 5</msg>
<var>${result}</var>
<arg>${VALUE1} - ${VALUE2}</arg>
<doc>Evaluates the given expression in Python and returns the result.</doc>
<status status="PASS" start="2024-04-25T22:31:32.016544" elapsed="0.001092"/>
</kw>
<kw name="Log" owner="BuiltIn">
<msg time="2024-04-25T22:31:32.017636" level="INFO">5</msg>
<arg>${result}</arg>
<doc>Logs the given message with the given level.</doc>
<status status="PASS" start="2024-04-25T22:31:32.017636" elapsed="0.000000"/>
</kw>
<return>
<value>${result}</value>
<status status="PASS" start="2024-04-25T22:31:32.018166" elapsed="0.000000"/>
</return>
<msg time="2024-04-25T22:31:32.018166" level="INFO">${time_diff} = 5</msg>
<var>${time_diff}</var>
<arg>${time_before}</arg>
<arg>${time_after}</arg>
<doc>Subtract two values</doc>
<status status="PASS" start="2024-04-25T22:31:32.015370" elapsed="0.002796"/>
</kw>
<kw name="Log" owner="BuiltIn">
<msg time="2024-04-25T22:31:32.019311" level="INFO">5</msg>
<arg>${time_diff}</arg>
<doc>Logs the given message with the given level.</doc>
<status status="PASS" start="2024-04-25T22:31:32.018752" elapsed="0.000559"/>
</kw>
<kw name="Should Be Equal As Numbers" owner="BuiltIn">
<msg time="2024-04-25T22:31:32.020374" level="INFO">Argument types are:
&lt;class 'int'&gt;
&lt;class 'str'&gt;</msg>
<arg>${time_diff}</arg>
<arg>5</arg>
<doc>Fails if objects are unequal after converting them to real numbers.</doc>
<status status="PASS" start="2024-04-25T22:31:32.019817" elapsed="0.000557"/>
</kw>
<status status="PASS" start="2024-04-25T22:31:30.763290" elapsed="1.258254"/>
</test>
<test id="s1-s3-s1-t6" name="TC_001_001_014-005 - Kontrola tlačítka `Mute`" line="60">
<kw name="Button interaction" owner="keywords">
<kw name="Wait Until Element Is Visible" owner="SeleniumLibrary">
<arg>${BUTTON}</arg>
<arg>15 seconds</arg>
<doc>Waits until the element ``locator`` is visible.</doc>
<status status="PASS" start="2024-04-25T22:31:32.025807" elapsed="0.036354"/>
</kw>
<kw name="Set Selenium Speed" owner="SeleniumLibrary">
<arg>0.2</arg>
<doc>Sets the delay that is waited after each Selenium command.</doc>
<status status="PASS" start="2024-04-25T22:31:32.062700" elapsed="0.000000"/>
</kw>
<kw name="Click Element" owner="SeleniumLibrary">
<msg time="2024-04-25T22:31:32.063712" level="INFO">Clicking element '//*[@id="movie_player"]/div[27]/div[2]/div[1]/span/button'.</msg>
<arg>${BUTTON}</arg>
<doc>Click the element identified by ``locator``.</doc>
<status status="PASS" start="2024-04-25T22:31:32.063712" elapsed="0.564746"/>
</kw>
<kw name="Set Selenium Speed" owner="SeleniumLibrary">
<arg>0</arg>
<doc>Sets the delay that is waited after each Selenium command.</doc>
<status status="PASS" start="2024-04-25T22:31:32.629470" elapsed="0.000000"/>
</kw>
<arg>${BUTTON_Video_Mute}</arg>
<status status="PASS" start="2024-04-25T22:31:32.024416" elapsed="0.605054"/>
</kw>
<kw name="Element Attribute Value Should Be" owner="SeleniumLibrary">
<msg time="2024-04-25T22:31:32.656039" level="INFO">Element '//*[@id="movie_player"]/div[27]/div[2]/div[1]/span/button' attribute 'data-title-no-tooltip' contains value 'Unmute'.</msg>
<arg>${BUTTON_Video_Mute}</arg>
<arg>${VALUE_AttributeDTNT}</arg>
<arg>${VALUE_Unmute}</arg>
<doc>Verifies element identified by ``locator`` contains expected attribute value.</doc>
<status status="PASS" start="2024-04-25T22:31:32.630473" elapsed="0.025566"/>
</kw>
<kw name="Button interaction" owner="keywords">
<kw name="Wait Until Element Is Visible" owner="SeleniumLibrary">
<arg>${BUTTON}</arg>
<arg>15 seconds</arg>
<doc>Waits until the element ``locator`` is visible.</doc>
<status status="PASS" start="2024-04-25T22:31:32.658048" elapsed="0.029844"/>
</kw>
<kw name="Set Selenium Speed" owner="SeleniumLibrary">
<arg>0.2</arg>
<doc>Sets the delay that is waited after each Selenium command.</doc>
<status status="PASS" start="2024-04-25T22:31:32.688898" elapsed="0.000000"/>
</kw>
<kw name="Click Element" owner="SeleniumLibrary">
<msg time="2024-04-25T22:31:32.689892" level="INFO">Clicking element '//*[@id="movie_player"]/div[27]/div[2]/div[1]/span/button'.</msg>
<arg>${BUTTON}</arg>
<doc>Click the element identified by ``locator``.</doc>
<status status="PASS" start="2024-04-25T22:31:32.689892" elapsed="0.572393"/>
</kw>
<kw name="Set Selenium Speed" owner="SeleniumLibrary">
<arg>0</arg>
<doc>Sets the delay that is waited after each Selenium command.</doc>
<status status="PASS" start="2024-04-25T22:31:33.262797" elapsed="0.000000"/>
</kw>
<arg>${BUTTON_Video_Mute}</arg>
<status status="PASS" start="2024-04-25T22:31:32.658048" elapsed="0.604749"/>
</kw>
<kw name="Element Attribute Value Should Be" owner="SeleniumLibrary">
<msg time="2024-04-25T22:31:33.292079" level="INFO">Element '//*[@id="movie_player"]/div[27]/div[2]/div[1]/span/button' attribute 'data-title-no-tooltip' contains value 'Mute'.</msg>
<arg>${BUTTON_Video_Mute}</arg>
<arg>${VALUE_AttributeDTNT}</arg>
<arg>${VALUE_Mute}</arg>
<doc>Verifies element identified by ``locator`` contains expected attribute value.</doc>
<status status="PASS" start="2024-04-25T22:31:33.264814" elapsed="0.027265"/>
</kw>
<status status="PASS" start="2024-04-25T22:31:32.022733" elapsed="1.270344"/>
</test>
<test id="s1-s3-s1-t7" name="TC_001_001_014-006 - Kontrola funkcie `Play-back speed` a nastavenie rýchlosti prehrávania na 0.5" line="67">
<kw name="Button interaction" owner="keywords">
<kw name="Wait Until Element Is Visible" owner="SeleniumLibrary">
<arg>${BUTTON}</arg>
<arg>15 seconds</arg>
<doc>Waits until the element ``locator`` is visible.</doc>
<status status="PASS" start="2024-04-25T22:31:33.296990" elapsed="0.041823"/>
</kw>
<kw name="Set Selenium Speed" owner="SeleniumLibrary">
<arg>0.2</arg>
<doc>Sets the delay that is waited after each Selenium command.</doc>
<status status="PASS" start="2024-04-25T22:31:33.339819" elapsed="0.001001"/>
</kw>
<kw name="Click Element" owner="SeleniumLibrary">
<msg time="2024-04-25T22:31:33.341812" level="INFO">Clicking element '//*[@id="movie_player"]/div[27]/div[2]/div[2]/button[2]'.</msg>
<arg>${BUTTON}</arg>
<doc>Click the element identified by ``locator``.</doc>
<status status="PASS" start="2024-04-25T22:31:33.340820" elapsed="0.560090"/>
</kw>
<kw name="Set Selenium Speed" owner="SeleniumLibrary">
<arg>0</arg>
<doc>Sets the delay that is waited after each Selenium command.</doc>
<status status="PASS" start="2024-04-25T22:31:33.900910" elapsed="0.000000"/>
</kw>
<arg>${BUTTON_Video_Settings}</arg>
<status status="PASS" start="2024-04-25T22:31:33.295588" elapsed="0.605322"/>
</kw>
<kw name="Set Selenium Speed" owner="SeleniumLibrary">
<arg>1</arg>
<doc>Sets the delay that is waited after each Selenium command.</doc>
<status status="PASS" start="2024-04-25T22:31:33.901920" elapsed="0.000000"/>
</kw>
<kw name="Click Element" owner="SeleniumLibrary">
<msg time="2024-04-25T22:31:33.903921" level="INFO">Clicking element '//*[@id="ytp-id-17"]/div/div/div[1]'.</msg>
<arg>${DIV_Video_PlayBackSpeed}</arg>
<doc>Click the element identified by ``locator``.</doc>
<status status="PASS" start="2024-04-25T22:31:33.902920" elapsed="2.265540"/>
</kw>
<kw name="Click Element" owner="SeleniumLibrary">
<msg time="2024-04-25T22:31:36.174145" level="INFO">Clicking element '//*[@id="ytp-id-17"]/div/div[2]/div[2]'.</msg>
<arg>${DIV_Video_PlayBackSpeed_05}</arg>
<doc>Click the element identified by ``locator``.</doc>
<status status="PASS" start="2024-04-25T22:31:36.172484" elapsed="2.505067"/>
</kw>
<kw name="Set Selenium Speed" owner="SeleniumLibrary">
<arg>0</arg>
<doc>Sets the delay that is waited after each Selenium command.</doc>
<status status="PASS" start="2024-04-25T22:31:38.678582" elapsed="0.000000"/>
</kw>
<kw name="Get time from span YT video" owner="keywords">
<kw name="Get Text" owner="SeleniumLibrary">
<msg time="2024-04-25T22:31:38.732963" level="INFO">${time} = 0:07</msg>
<var>${time}</var>
<arg>${SPAN}</arg>
<doc>Returns the text value of the element identified by ``locator``.</doc>
<status status="PASS" start="2024-04-25T22:31:38.680857" elapsed="0.053097"/>
</kw>
<kw name="Get Last Two Characters" owner="keywords">
<kw name="Execute Javascript" owner="SeleniumLibrary">
<msg time="2024-04-25T22:31:38.736487" level="INFO">Executing JavaScript:
return arguments[0].slice(-2);
By using argument:
'0:07'</msg>
<msg time="2024-04-25T22:31:38.760071" level="INFO">${first_two_characters} = 07</msg>
<var>${first_two_characters}</var>
<arg>return arguments[0].slice(-2);</arg>
<arg>ARGUMENTS</arg>
<arg>${TEXT}</arg>
<doc>Executes the given JavaScript code with possible arguments.</doc>
<status status="PASS" start="2024-04-25T22:31:38.735470" elapsed="0.024601"/>
</kw>
<kw name="Log" owner="BuiltIn">
<msg time="2024-04-25T22:31:38.762074" level="INFO">07</msg>
<arg>${first_two_characters}</arg>
<doc>Logs the given message with the given level.</doc>
<status status="PASS" start="2024-04-25T22:31:38.761077" elapsed="0.000997"/>
</kw>
<return>
<value>${first_two_characters}</value>
<status status="PASS" start="2024-04-25T22:31:38.762074" elapsed="0.000000"/>
</return>
<msg time="2024-04-25T22:31:38.763066" level="INFO">${time} = 07</msg>
<var>${time}</var>
<arg>${time}</arg>
<doc>Get last two characters from string</doc>
<status status="PASS" start="2024-04-25T22:31:38.733954" elapsed="0.029112"/>
</kw>
<kw name="Convert To Integer" owner="BuiltIn">
<msg time="2024-04-25T22:31:38.764065" level="INFO">${time} = 7</msg>
<var>${time}</var>
<arg>${time}</arg>
<doc>Converts the given item to an integer number.</doc>
[...]
</iter>
<iter>
<kw name="Press Keys" owner="SeleniumLibrary">
<msg time="2024-04-25T22:33:18.181234" level="INFO">Sending key(s) ('ARROW_UP',) to //*[@id="mapDiv"]/div/div[3]/div[1]/div[2] element.</msg>
<msg time="2024-04-25T22:33:18.529404" level="INFO">Pressing special key ARROW_UP to element.</msg>
<msg time="2024-04-25T22:33:18.529404" level="INFO">Releasing special key ARROW_UP.</msg>
<arg>${DIV}</arg>
<arg>${KEY}</arg>
<doc>Simulates the user pressing key(s) to an element or on the active browser.</doc>
<status status="PASS" start="2024-04-25T22:33:18.180227" elapsed="0.387526"/>
</kw>
<kw name="Evaluate" owner="BuiltIn">
<msg time="2024-04-25T22:33:18.572328" level="INFO">${count} = 4</msg>
<var>${count}</var>
<arg>${count} + 1</arg>
<doc>Evaluates the given expression in Python and returns the result.</doc>
<status status="PASS" start="2024-04-25T22:33:18.570327" elapsed="0.003010"/>
</kw>
<status status="PASS" start="2024-04-25T22:33:18.180227" elapsed="0.394105"/>
</iter>
<iter>
<kw name="Press Keys" owner="SeleniumLibrary">
<msg time="2024-04-25T22:33:18.580476" level="INFO">Sending key(s) ('ARROW_UP',) to //*[@id="mapDiv"]/div/div[3]/div[1]/div[2] element.</msg>
<msg time="2024-04-25T22:33:19.097329" level="INFO">Pressing special key ARROW_UP to element.</msg>
<msg time="2024-04-25T22:33:19.097329" level="INFO">Releasing special key ARROW_UP.</msg>
<arg>${DIV}</arg>
<arg>${KEY}</arg>
<doc>Simulates the user pressing key(s) to an element or on the active browser.</doc>
<status status="PASS" start="2024-04-25T22:33:18.575892" elapsed="0.558400"/>
</kw>
<kw name="Evaluate" owner="BuiltIn">
<msg time="2024-04-25T22:33:19.137230" level="INFO">${count} = 5</msg>
<var>${count}</var>
<arg>${count} + 1</arg>
<doc>Evaluates the given expression in Python and returns the result.</doc>
<status status="PASS" start="2024-04-25T22:33:19.135232" elapsed="0.001998"/>
</kw>
<status status="PASS" start="2024-04-25T22:33:18.574332" elapsed="0.563909"/>
</iter>
<iter>
<kw name="Press Keys" owner="SeleniumLibrary">
<msg time="2024-04-25T22:33:19.141277" level="INFO">Sending key(s) ('ARROW_UP',) to //*[@id="mapDiv"]/div/div[3]/div[1]/div[2] element.</msg>
<msg time="2024-04-25T22:33:19.562987" level="INFO">Pressing special key ARROW_UP to element.</msg>
<msg time="2024-04-25T22:33:19.562987" level="INFO">Releasing special key ARROW_UP.</msg>
<arg>${DIV}</arg>
<arg>${KEY}</arg>
<doc>Simulates the user pressing key(s) to an element or on the active browser.</doc>
<status status="PASS" start="2024-04-25T22:33:19.139278" elapsed="0.461298"/>
</kw>
<kw name="Evaluate" owner="BuiltIn">
<msg time="2024-04-25T22:33:19.603582" level="INFO">${count} = 6</msg>
<var>${count}</var>
<arg>${count} + 1</arg>
<doc>Evaluates the given expression in Python and returns the result.</doc>
<status status="PASS" start="2024-04-25T22:33:19.602578" elapsed="0.002002"/>
</kw>
<status status="PASS" start="2024-04-25T22:33:19.138241" elapsed="0.466339"/>
</iter>
<status status="PASS" start="2024-04-25T22:33:16.816754" elapsed="2.789317"/>
</while>
<kw name="Get Element Attribute" owner="SeleniumLibrary">
<msg time="2024-04-25T22:33:19.700667" level="INFO">${matrix} = position: absolute; z-index: 986; transform: matrix(1, 0, 0, 1, -2, -73);</msg>
<var>${matrix}</var>
<arg>${MATRIX}</arg>
<arg>style</arg>
<doc>Returns the value of ``attribute`` from the element ``locator``.</doc>
<status status="PASS" start="2024-04-25T22:33:19.607065" elapsed="0.093602"/>
</kw>
<kw name="Log" owner="BuiltIn">
<msg time="2024-04-25T22:33:19.704268" level="INFO">position: absolute; z-index: 986; transform: matrix(1, 0, 0, 1, -2, -73);</msg>
<arg>${matrix}</arg>
<doc>Logs the given message with the given level.</doc>
<status status="PASS" start="2024-04-25T22:33:19.702656" elapsed="0.001612"/>
</kw>
<kw name="Should Be Equal" owner="BuiltIn">
<arg>${matrix}</arg>
<arg>${VALUE}</arg>
<doc>Fails if the given objects are unequal.</doc>
<status status="PASS" start="2024-04-25T22:33:19.705224" elapsed="0.001984"/>
</kw>
<arg>${DIV_Map_frame}</arg>
<arg>${KEY_Up}</arg>
<arg>${DIV_Map_matrix}</arg>
<arg>${VALUE_Map_matrix_move_up}</arg>
<status status="PASS" start="2024-04-25T22:33:16.814751" elapsed="2.892457"/>
</kw>
<status status="PASS" start="2024-04-25T22:33:16.813514" elapsed="2.894896"/>
</test>
<test id="s1-s8-s1-t8" name="TC_001_006-007 - Kontrola funkcie `Move down`" line="63">
<kw name="Move functionality" owner="keywords">
<kw name="Convert To Integer" owner="BuiltIn">
<msg time="2024-04-25T22:33:19.721289" level="INFO">${count} = 0</msg>
<var>${count}</var>
<arg>0</arg>
<doc>Converts the given item to an integer number.</doc>
<status status="PASS" start="2024-04-25T22:33:19.720297" elapsed="0.000992"/>
</kw>
<while condition="${count} &lt;= 5">
<iter>
<kw name="Press Keys" owner="SeleniumLibrary">
<msg time="2024-04-25T22:33:19.726372" level="INFO">Sending key(s) ('ARROW_DOWN',) to //*[@id="mapDiv"]/div/div[3]/div[1]/div[2] element.</msg>
<msg time="2024-04-25T22:33:20.152690" level="INFO">Pressing special key ARROW_DOWN to element.</msg>
<msg time="2024-04-25T22:33:20.152690" level="INFO">Releasing special key ARROW_DOWN.</msg>
<arg>${DIV}</arg>
<arg>${KEY}</arg>
<doc>Simulates the user pressing key(s) to an element or on the active browser.</doc>
<status status="PASS" start="2024-04-25T22:33:19.723309" elapsed="0.467968"/>
</kw>
<kw name="Evaluate" owner="BuiltIn">
<msg time="2024-04-25T22:33:20.194744" level="INFO">${count} = 1</msg>
<var>${count}</var>
<arg>${count} + 1</arg>
<doc>Evaluates the given expression in Python and returns the result.</doc>
<status status="PASS" start="2024-04-25T22:33:20.192279" elapsed="0.002465"/>
</kw>
<status status="PASS" start="2024-04-25T22:33:19.722312" elapsed="0.472432"/>
</iter>
<iter>
<kw name="Press Keys" owner="SeleniumLibrary">
<msg time="2024-04-25T22:33:20.199317" level="INFO">Sending key(s) ('ARROW_DOWN',) to //*[@id="mapDiv"]/div/div[3]/div[1]/div[2] element.</msg>
<msg time="2024-04-25T22:33:20.647590" level="INFO">Pressing special key ARROW_DOWN to element.</msg>
<msg time="2024-04-25T22:33:20.647590" level="INFO">Releasing special key ARROW_DOWN.</msg>
<arg>${DIV}</arg>
<arg>${KEY}</arg>
<doc>Simulates the user pressing key(s) to an element or on the active browser.</doc>
<status status="PASS" start="2024-04-25T22:33:20.196778" elapsed="0.497828"/>
</kw>
<kw name="Evaluate" owner="BuiltIn">
<msg time="2024-04-25T22:33:20.697564" level="INFO">${count} = 2</msg>
<var>${count}</var>
<arg>${count} + 1</arg>
<doc>Evaluates the given expression in Python and returns the result.</doc>
<status status="PASS" start="2024-04-25T22:33:20.695533" elapsed="0.002031"/>
</kw>
<status status="PASS" start="2024-04-25T22:33:20.194744" elapsed="0.503808"/>
</iter>
<iter>
<kw name="Press Keys" owner="SeleniumLibrary">
<msg time="2024-04-25T22:33:20.700548" level="INFO">Sending key(s) ('ARROW_DOWN',) to //*[@id="mapDiv"]/div/div[3]/div[1]/div[2] element.</msg>
<msg time="2024-04-25T22:33:21.113134" level="INFO">Pressing special key ARROW_DOWN to element.</msg>
<msg time="2024-04-25T22:33:21.113134" level="INFO">Releasing special key ARROW_DOWN.</msg>
<arg>${DIV}</arg>
<arg>${KEY}</arg>
<doc>Simulates the user pressing key(s) to an element or on the active browser.</doc>
<status status="PASS" start="2024-04-25T22:33:20.699551" elapsed="0.445852"/>
</kw>
<kw name="Evaluate" owner="BuiltIn">
<msg time="2024-04-25T22:33:21.146402" level="INFO">${count} = 3</msg>
<var>${count}</var>
<arg>${count} + 1</arg>
<doc>Evaluates the given expression in Python and returns the result.</doc>
<status status="PASS" start="2024-04-25T22:33:21.145403" elapsed="0.000999"/>
</kw>
<status status="PASS" start="2024-04-25T22:33:20.698552" elapsed="0.447850"/>
</iter>
<iter>
<kw name="Press Keys" owner="SeleniumLibrary">
<msg time="2024-04-25T22:33:21.148886" level="INFO">Sending key(s) ('ARROW_DOWN',) to //*[@id="mapDiv"]/div/div[3]/div[1]/div[2] element.</msg>
<msg time="2024-04-25T22:33:21.600672" level="INFO">Pressing special key ARROW_DOWN to element.</msg>
<msg time="2024-04-25T22:33:21.601673" level="INFO">Releasing special key ARROW_DOWN.</msg>
<arg>${DIV}</arg>
<arg>${KEY}</arg>
<doc>Simulates the user pressing key(s) to an element or on the active browser.</doc>
<status status="PASS" start="2024-04-25T22:33:21.147866" elapsed="0.495594"/>
</kw>
<kw name="Evaluate" owner="BuiltIn">
<msg time="2024-04-25T22:33:21.646025" level="INFO">${count} = 4</msg>
<var>${count}</var>
<arg>${count} + 1</arg>
<doc>Evaluates the given expression in Python and returns the result.</doc>
<status status="PASS" start="2024-04-25T22:33:21.644990" elapsed="0.001035"/>
</kw>
<status status="PASS" start="2024-04-25T22:33:21.146402" elapsed="0.500639"/>
</iter>
<iter>
<kw name="Press Keys" owner="SeleniumLibrary">
<msg time="2024-04-25T22:33:21.651568" level="INFO">Sending key(s) ('ARROW_DOWN',) to //*[@id="mapDiv"]/div/div[3]/div[1]/div[2] element.</msg>
<msg time="2024-04-25T22:33:22.055190" level="INFO">Pressing special key ARROW_DOWN to element.</msg>
<msg time="2024-04-25T22:33:22.055190" level="INFO">Releasing special key ARROW_DOWN.</msg>
<arg>${DIV}</arg>
<arg>${KEY}</arg>
<doc>Simulates the user pressing key(s) to an element or on the active browser.</doc>
<status status="PASS" start="2024-04-25T22:33:21.648015" elapsed="0.448127"/>
</kw>
<kw name="Evaluate" owner="BuiltIn">
<msg time="2024-04-25T22:33:22.098141" level="INFO">${count} = 5</msg>
<var>${count}</var>
<arg>${count} + 1</arg>
<doc>Evaluates the given expression in Python and returns the result.</doc>
<status status="PASS" start="2024-04-25T22:33:22.097142" elapsed="0.000999"/>
</kw>
<status status="PASS" start="2024-04-25T22:33:21.647041" elapsed="0.452129"/>
</iter>
<iter>
<kw name="Press Keys" owner="SeleniumLibrary">
<msg time="2024-04-25T22:33:22.103172" level="INFO">Sending key(s) ('ARROW_DOWN',) to //*[@id="mapDiv"]/div/div[3]/div[1]/div[2] element.</msg>
<msg time="2024-04-25T22:33:22.586598" level="INFO">Pressing special key ARROW_DOWN to element.</msg>
<msg time="2024-04-25T22:33:22.587606" level="INFO">Releasing special key ARROW_DOWN.</msg>
<arg>${DIV}</arg>
<arg>${KEY}</arg>
<doc>Simulates the user pressing key(s) to an element or on the active browser.</doc>
<status status="PASS" start="2024-04-25T22:33:22.101176" elapsed="0.528099"/>
</kw>
<kw name="Evaluate" owner="BuiltIn">
<msg time="2024-04-25T22:33:22.632199" level="INFO">${count} = 6</msg>
<var>${count}</var>
<arg>${count} + 1</arg>
<doc>Evaluates the given expression in Python and returns the result.</doc>
<status status="PASS" start="2024-04-25T22:33:22.630274" elapsed="0.001925"/>
</kw>
<status status="PASS" start="2024-04-25T22:33:22.099170" elapsed="0.534028"/>
</iter>
<status status="PASS" start="2024-04-25T22:33:19.722312" elapsed="2.913052"/>
</while>
<kw name="Get Element Attribute" owner="SeleniumLibrary">
<msg time="2024-04-25T22:33:22.724882" level="INFO">${matrix} = position: absolute; z-index: 986; transform: matrix(1, 0, 0, 1, -2, -79);</msg>
<var>${matrix}</var>
<arg>${MATRIX}</arg>
<arg>style</arg>
<doc>Returns the value of ``attribute`` from the element ``locator``.</doc>
<status status="PASS" start="2024-04-25T22:33:22.636396" elapsed="0.089183"/>
</kw>
<kw name="Log" owner="BuiltIn">
<msg time="2024-04-25T22:33:22.727767" level="INFO">position: absolute; z-index: 986; transform: matrix(1, 0, 0, 1, -2, -79);</msg>
<arg>${matrix}</arg>
<doc>Logs the given message with the given level.</doc>
<status status="PASS" start="2024-04-25T22:33:22.726747" elapsed="0.001020"/>
</kw>
<kw name="Should Be Equal" owner="BuiltIn">
<arg>${matrix}</arg>
<arg>${VALUE}</arg>
<doc>Fails if the given objects are unequal.</doc>
<status status="PASS" start="2024-04-25T22:33:22.727767" elapsed="0.001545"/>
</kw>
<arg>${DIV_Map_frame}</arg>
<arg>${KEY_Down}</arg>
<arg>${DIV_Map_matrix}</arg>
<arg>${VALUE_Map_matrix_move_down}</arg>
<status status="PASS" start="2024-04-25T22:33:19.717276" elapsed="3.013085"/>
</kw>
<status status="PASS" start="2024-04-25T22:33:19.713008" elapsed="3.018341"/>
</test>
<test id="s1-s8-s1-t9" name="TC_001_006-008 - Kontrola tlačítka `Show satellite imagery`" line="67">
<kw name="Button interaction" owner="keywords">
<kw name="Wait Until Element Is Visible" owner="SeleniumLibrary">
<arg>${BUTTON}</arg>
<arg>15 seconds</arg>
<doc>Waits until the element ``locator`` is visible.</doc>
<status status="PASS" start="2024-04-25T22:33:22.741559" elapsed="0.079117"/>
</kw>
<kw name="Set Selenium Speed" owner="SeleniumLibrary">
<arg>0.2</arg>
<doc>Sets the delay that is waited after each Selenium command.</doc>
<status status="PASS" start="2024-04-25T22:33:22.821677" elapsed="0.000000"/>
</kw>
<kw name="Click Element" owner="SeleniumLibrary">
<msg time="2024-04-25T22:33:22.821677" level="INFO">Clicking element '//*[@id="mapDiv"]/div/div[3]/div[13]/div/div/button/div[1]'.</msg>
<arg>${BUTTON}</arg>
<doc>Click the element identified by ``locator``.</doc>
<status status="PASS" start="2024-04-25T22:33:22.821677" elapsed="0.579663"/>
</kw>
<kw name="Set Selenium Speed" owner="SeleniumLibrary">
<arg>0</arg>
<doc>Sets the delay that is waited after each Selenium command.</doc>
<status status="PASS" start="2024-04-25T22:33:23.401340" elapsed="0.000000"/>
</kw>
<arg>${BUTTON_Satellite}</arg>
<status status="PASS" start="2024-04-25T22:33:22.739588" elapsed="0.661752"/>
</kw>
<status status="PASS" start="2024-04-25T22:33:22.737578" elapsed="0.665022"/>
</test>
<test id="s1-s8-s1-t10" name="TC_001_006-009 - Kontrola tlačítka `Show street map`" line="71">
<kw name="Button interaction" owner="keywords">
<kw name="Wait Until Element Is Visible" owner="SeleniumLibrary">
<arg>${BUTTON}</arg>
<arg>15 seconds</arg>
<doc>Waits until the element ``locator`` is visible.</doc>
<status status="PASS" start="2024-04-25T22:33:23.408471" elapsed="0.046045"/>
</kw>
<kw name="Set Selenium Speed" owner="SeleniumLibrary">
<arg>0.2</arg>
<doc>Sets the delay that is waited after each Selenium command.</doc>
<status status="PASS" start="2024-04-25T22:33:23.455534" elapsed="0.000272"/>
</kw>
<kw name="Click Element" owner="SeleniumLibrary">
<msg time="2024-04-25T22:33:23.455806" level="INFO">Clicking element '//*[@id="mapDiv"]/div/div[3]/div[13]/div/div/button/div[1]'.</msg>
<arg>${BUTTON}</arg>
<doc>Click the element identified by ``locator``.</doc>
<status status="PASS" start="2024-04-25T22:33:23.455806" elapsed="0.763189"/>
</kw>
<kw name="Set Selenium Speed" owner="SeleniumLibrary">
<arg>0</arg>
<doc>Sets the delay that is waited after each Selenium command.</doc>
<status status="PASS" start="2024-04-25T22:33:24.218995" elapsed="0.001036"/>
</kw>
<arg>${BUTTON_Street}</arg>
<status status="PASS" start="2024-04-25T22:33:23.407459" elapsed="0.812572"/>
</kw>
<status status="PASS" start="2024-04-25T22:33:23.405133" elapsed="0.815897"/>
</test>
<test id="s1-s8-s1-t11" name="TC_001_006-010 - Kontrola tlačítka `View larger map`" line="75">
<kw name="Wait Until Element Is Visible" owner="SeleniumLibrary">
<arg>${BUTTON_LargerMap}</arg>
<arg>10s</arg>
<doc>Waits until the element ``locator`` is visible.</doc>
<status status="PASS" start="2024-04-25T22:33:24.227558" elapsed="0.079999"/>
</kw>
<kw name="Click Element" owner="SeleniumLibrary">
<msg time="2024-04-25T22:33:24.320641" level="INFO">Clicking element '//*[@id="mapDiv"]/div/div[3]/div[3]/div/div/div/div/a'.</msg>
<arg>${BUTTON_LargerMap}</arg>
<doc>Click the element identified by ``locator``.</doc>
<status status="PASS" start="2024-04-25T22:33:24.320641" elapsed="0.171487"/>
</kw>
<kw name="Switch Window" owner="SeleniumLibrary">
<arg>NEW</arg>
<doc>Switches to browser window matching ``locator``.</doc>
<status status="PASS" start="2024-04-25T22:33:24.492128" elapsed="0.034701"/>
</kw>
<kw name="Wait Until Element Is Visible" owner="SeleniumLibrary">
<arg>${BUTTON_AcceptGoogle}</arg>
<arg>10s</arg>
<doc>Waits until the element ``locator`` is visible.</doc>
<status status="PASS" start="2024-04-25T22:33:24.527825" elapsed="0.965419"/>
</kw>
<kw name="Scroll Element Into View" owner="SeleniumLibrary">
<arg>${BUTTON_AcceptGoogle}</arg>
<doc>Scrolls the element identified by ``locator`` into view.</doc>
<status status="PASS" start="2024-04-25T22:33:25.494246" elapsed="0.345151"/>
</kw>
<kw name="Click Element" owner="SeleniumLibrary">
<msg time="2024-04-25T22:33:25.841426" level="INFO">Clicking element '//*[@id="yDmH0d"]/c-wiz/div/div/div/div[2]/div[1]/div[3]/div[1]/div[1]/form[2]/div/div/button'.</msg>
<arg>${BUTTON_AcceptGoogle}</arg>
<doc>Click the element identified by ``locator``.</doc>
<status status="PASS" start="2024-04-25T22:33:25.840429" elapsed="1.880927"/>
</kw>
<kw name="Location Should Be" owner="SeleniumLibrary">
<msg time="2024-04-25T22:33:27.897567" level="INFO">Current location is 'https://www.google.com/maps?t=m&amp;hl=en&amp;gl=US&amp;q=Krakovany+922+02'.</msg>
<arg>${URL_GoogleMap}</arg>
<doc>Verifies that the current URL is exactly ``url``.</doc>
<status status="PASS" start="2024-04-25T22:33:27.721356" elapsed="0.177211"/>
</kw>
<status status="PASS" start="2024-04-25T22:33:24.225559" elapsed="3.673008"/>
</test>
<test id="s1-s8-s1-t12" name="Post-conditions" line="85">
<kw name="Close" owner="keywords">
<kw name="Sleep" owner="BuiltIn">
<msg time="2024-04-25T22:33:28.101727" level="INFO">Slept 200 milliseconds.</msg>
<arg>200ms</arg>
<doc>Pauses the test executed for the given time.</doc>
<status status="PASS" start="2024-04-25T22:33:27.901556" elapsed="0.200171"/>
</kw>
<kw name="Close Browser" owner="SeleniumLibrary">
<doc>Closes the current browser.</doc>
<status status="PASS" start="2024-04-25T22:33:28.101727" elapsed="2.298218"/>
</kw>
<status status="PASS" start="2024-04-25T22:33:27.901556" elapsed="2.499364"/>
</kw>
<status status="PASS" start="2024-04-25T22:33:27.900556" elapsed="2.500364"/>
</test>
<status status="PASS" start="2024-04-25T22:32:51.765822" elapsed="38.637076"/>
</suite>
<status status="PASS" start="2024-04-25T22:32:51.753678" elapsed="38.652746"/>
</suite>
<status status="PASS" start="2024-04-25T22:29:50.159867" elapsed="220.249559"/>
</suite>
<statistics>
<total>
<stat pass="63" fail="0" skip="0">All Tests</stat>
</total>
<tag>
</tag>
<suite>
<stat pass="63" fail="0" skip="0" id="s1" name="TS 001">TS 001</stat>
<stat pass="17" fail="0" skip="0" id="s1-s1" name="TS 001 001 001">TS 001.TS 001 001 001</stat>
<stat pass="17" fail="0" skip="0" id="s1-s1-s1" name="TS 001 001 001">TS 001.TS 001 001 001.TS 001 001 001</stat>
<stat pass="7" fail="0" skip="0" id="s1-s2" name="TS 001 001 001 001">TS 001.TS 001 001 001 001</stat>
<stat pass="7" fail="0" skip="0" id="s1-s2-s1" name="TS 001 001 001 001">TS 001.TS 001 001 001 001.TS 001 001 001 001</stat>
<stat pass="10" fail="0" skip="0" id="s1-s3" name="TS 001 001 014">TS 001.TS 001 001 014</stat>
<stat pass="10" fail="0" skip="0" id="s1-s3-s1" name="TS 001 001 014">TS 001.TS 001 001 014.TS 001 001 014</stat>
<stat pass="3" fail="0" skip="0" id="s1-s4" name="TS 001 002">TS 001.TS 001 002</stat>
<stat pass="3" fail="0" skip="0" id="s1-s4-s1" name="TS 001 002">TS 001.TS 001 002.TS 001 002</stat>
<stat pass="5" fail="0" skip="0" id="s1-s5" name="TS 001 003">TS 001.TS 001 003</stat>
<stat pass="5" fail="0" skip="0" id="s1-s5-s1" name="TS 001 003">TS 001.TS 001 003.TS 001 003</stat>
<stat pass="3" fail="0" skip="0" id="s1-s6" name="TS 001 004">TS 001.TS 001 004</stat>
<stat pass="3" fail="0" skip="0" id="s1-s6-s1" name="TS 001 004">TS 001.TS 001 004.TS 001 004</stat>
<stat pass="6" fail="0" skip="0" id="s1-s7" name="TS 001 005">TS 001.TS 001 005</stat>
<stat pass="6" fail="0" skip="0" id="s1-s7-s1" name="TS 001 005">TS 001.TS 001 005.TS 001 005</stat>
<stat pass="12" fail="0" skip="0" id="s1-s8" name="TS 001 006">TS 001.TS 001 006</stat>
<stat pass="12" fail="0" skip="0" id="s1-s8-s1" name="TS 001 006">TS 001.TS 001 006.TS 001 006</stat>
</suite>
</statistics>
<errors>
</errors>
</robot>
