<?xml version="1.0" encoding="UTF-8"?>
<robot generator="Robot 7.0 (Python 3.11.0 on win32)" generated="2024-03-29T22:17:03.668354" rpa="false" schemaversion="5">
<suite id="s1" name="TS 001 001 001 001" source="C:\Users\bucka\Documents\GitHub\Simon\SWI\4. semester\Testování software\Projekt\_ukol\..\_projekt\TS_001_001_001_001.robot">
<test id="s1-t1" name="Pre-conditions" line="9">
<kw name="Sleep" owner="BuiltIn">
<msg time="2024-03-29T22:17:04.179777" level="INFO">Slept 200 milliseconds.</msg>
<arg>200 milliseconds</arg>
<doc>Pauses the test executed for the given time.</doc>
<status status="PASS" start="2024-03-29T22:17:03.979586" elapsed="0.200750"/>
</kw>
<status status="PASS" start="2024-03-29T22:17:03.977586" elapsed="0.203758"/>
</test>
<test id="s1-t2" name="TC_001_001_001_001-001 - Kontrola interakcie pola &quot;Komentár&quot;" line="12">
<kw name="Open Browser" owner="SeleniumLibrary">
<msg time="2024-03-29T22:17:04.188018" level="INFO">Opening browser 'Chrome' to base url 'https://www.krakovany.sk/?p=979'.</msg>
<msg time="2024-03-29T22:17:05.125905" level="WARN">The chromedriver version (122.0.6261.69) detected in PATH at C:\Users\bucka\AppData\Local\Programs\Python\Python311\Scripts\chromedriver.exe might not be compatible with the detected chrome version (123.0.6312.86); currently, chromedriver 123.0.6312.86 is recommended for chrome 123.*, so it is advised to delete the driver in PATH and retry</msg>
<arg>${URL_ZakladneUdajeAKontakty}</arg>
<arg>${BROWSER_CHROME}</arg>
<doc>Opens a new browser instance to the optional ``url``.</doc>
<status status="PASS" start="2024-03-29T22:17:04.187010" elapsed="7.363484"/>
</kw>
<kw name="Sleep" owner="BuiltIn">
<msg time="2024-03-29T22:17:16.555433" level="INFO">Slept 5 seconds.</msg>
<arg>5 seconds</arg>
<doc>Pauses the test executed for the given time.</doc>
<status status="PASS" start="2024-03-29T22:17:11.552489" elapsed="5.003459"/>
</kw>
<status status="PASS" start="2024-03-29T22:17:04.185022" elapsed="12.372948"/>
</test>
<test id="s1-t3" name="post conditions" line="16">
<kw name="Close Browser" owner="SeleniumLibrary">
<doc>Closes the current browser.</doc>
<status status="PASS" start="2024-03-29T22:17:16.562995" elapsed="2.444759"/>
</kw>
<status status="PASS" start="2024-03-29T22:17:16.560971" elapsed="2.448769"/>
</test>
<status status="PASS" start="2024-03-29T22:17:03.672071" elapsed="15.342199"/>
</suite>
<statistics>
<total>
<stat pass="3" fail="0" skip="0">All Tests</stat>
</total>
<tag>
</tag>
<suite>
<stat pass="3" fail="0" skip="0" id="s1" name="TS 001 001 001 001">TS 001 001 001 001</stat>
</suite>
</statistics>
<errors>
<msg time="2024-03-29T22:17:03.970705" level="WARN">Imported resource file 'C:\Users\bucka\Documents\GitHub\Simon\SWI\4. semester\Testování software\Projekt\_projekt\resources\keywords.robot' is empty.</msg>
<msg time="2024-03-29T22:17:05.125905" level="WARN">The chromedriver version (122.0.6261.69) detected in PATH at C:\Users\bucka\AppData\Local\Programs\Python\Python311\Scripts\chromedriver.exe might not be compatible with the detected chrome version (123.0.6312.86); currently, chromedriver 123.0.6312.86 is recommended for chrome 123.*, so it is advised to delete the driver in PATH and retry</msg>
</errors>
</robot>
