<?xml version="1.0" encoding="UTF-8"?>
<robot generator="Robot 7.0 (Python 3.11.0 on win32)" generated="2024-05-07T18:06:45.816626" rpa="false" schemaversion="5">
<suite id="s1" name="TS 001" source="C:\Users\bucka\Documents\GitHub\Simon\SWI\4. semester\Testování software\Projekt\_projekt\Automatizovane\TS_001">
<suite id="s1-s1" name="TS 001 001" source="C:\Users\bucka\Documents\GitHub\Simon\SWI\4. semester\Testování software\Projekt\_projekt\Automatizovane\TS_001\TS_001_001">
<suite id="s1-s1-s1" name="TS 001 001 014" source="C:\Users\bucka\Documents\GitHub\Simon\SWI\4. semester\Testování software\Projekt\_projekt\Automatizovane\TS_001\TS_001_001\TS_001_001_014.robot">
<test id="s1-s1-s1-t1" name="Pre-conditions" line="21">
<kw name="Open EN Incognito Chrome Webdriver" owner="Keywords">
<kw name="Evaluate" owner="BuiltIn">
<msg time="2024-05-07T18:06:46.148915" level="INFO">${chrome_options} = &lt;selenium.webdriver.chrome.options.Options object at 0x0000020A0387B810&gt;</msg>
<var>${chrome_options}</var>
<arg>sys.modules['selenium.webdriver'].ChromeOptions()</arg>
<arg>sys, selenium.webdriver</arg>
<doc>Evaluates the given expression in Python and returns the result.</doc>
<status status="PASS" start="2024-05-07T18:06:46.148915" elapsed="0.000000"/>
</kw>
<kw name="Create Dictionary" owner="BuiltIn">
<msg time="2024-05-07T18:06:46.149914" level="INFO">${prefs} = {'intl.accept_languages': 'en'}</msg>
<var>${prefs}</var>
<arg>intl.accept_languages</arg>
<arg>en</arg>
<doc>Creates and returns a dictionary based on the given ``items``.</doc>
<status status="PASS" start="2024-05-07T18:06:46.149914" elapsed="0.000000"/>
</kw>
<kw name="Call Method" owner="BuiltIn">
<arg>${chrome_options}</arg>
<arg>add_experimental_option</arg>
<arg>prefs</arg>
<arg>${prefs}</arg>
<doc>Calls the named method of the given object with the provided arguments.</doc>
<status status="PASS" start="2024-05-07T18:06:46.150420" elapsed="0.000000"/>
</kw>
<kw name="Call Method" owner="BuiltIn">
<arg>${chrome_options}</arg>
<arg>add_argument</arg>
<arg>--incognito</arg>
<doc>Calls the named method of the given object with the provided arguments.</doc>
<status status="PASS" start="2024-05-07T18:06:46.150420" elapsed="0.000000"/>
</kw>
<kw name="Create Webdriver" owner="SeleniumLibrary">
<msg time="2024-05-07T18:06:46.151426" level="INFO">Creating an instance of the Chrome WebDriver.</msg>
<arg>Chrome</arg>
<arg>options=${chrome_options}</arg>
<doc>Creates an instance of Selenium WebDriver.</doc>
<status status="PASS" start="2024-05-07T18:06:46.150420" elapsed="1.740727"/>
</kw>
<kw name="Go To" owner="SeleniumLibrary">
<msg time="2024-05-07T18:06:47.892151" level="INFO">Opening url 'https://www.krakovany.sk/?page_id=19224'</msg>
<arg>${URL}</arg>
<doc>Navigates the current browser window to the provided ``url``.</doc>
<status status="PASS" start="2024-05-07T18:06:47.892151" elapsed="9.700101"/>
</kw>
<kw name="Maximize Browser Window" owner="SeleniumLibrary">
<doc>Maximizes current browser window.</doc>
<status status="PASS" start="2024-05-07T18:06:57.592252" elapsed="0.060869"/>
</kw>
<arg>${URL_TvKrakovany}</arg>
<doc>Open Chrome browser in incognito mode with English language</doc>
<status status="PASS" start="2024-05-07T18:06:46.147902" elapsed="11.505219"/>
</kw>
<status status="PASS" start="2024-05-07T18:06:46.147241" elapsed="11.507881"/>
</test>
<test id="s1-s1-s1-t2" name="TC_001_001_014-001 - Kontrola interakcie videa" line="25">
<kw name="Wait Until Element Is Visible" owner="SeleniumLibrary">
<arg>${IFRAME_Video}</arg>
<arg>10s</arg>
<doc>Waits until the element ``locator`` is visible.</doc>
<status status="PASS" start="2024-05-07T18:06:57.664166" elapsed="0.060949"/>
</kw>
<kw name="Scroll Element Into View" owner="SeleniumLibrary">
<arg>${IFRAME_Video}</arg>
<doc>Scrolls the element identified by ``locator`` into view.</doc>
<status status="PASS" start="2024-05-07T18:06:57.726119" elapsed="0.309706"/>
</kw>
<kw name="Element Attribute Value Should Be" owner="SeleniumLibrary">
<msg time="2024-05-07T18:06:58.068926" level="INFO">Element '//*[@id="page-content"]/div/div/div/div[2]/iframe' attribute 'src' contains value 'https://www.youtube.com/embed/Pv9qX_wfMS0'.</msg>
<arg>${IFRAME_Video}</arg>
<arg>${VALUE_Src}</arg>
<arg>${URL_Video_EmbededYT}</arg>
<doc>Verifies element identified by ``locator`` contains expected attribute value.</doc>
<status status="PASS" start="2024-05-07T18:06:58.036825" elapsed="0.032101"/>
</kw>
<kw name="Select Frame" owner="SeleniumLibrary">
<msg time="2024-05-07T18:06:58.069925" level="INFO">Selecting frame '//*[@id="page-content"]/div/div/div/div[2]/iframe'.</msg>
<arg>${IFRAME_Video}</arg>
<doc>Sets frame identified by ``locator`` as the current frame.</doc>
<status status="PASS" start="2024-05-07T18:06:58.069925" elapsed="0.055040"/>
</kw>
<kw name="Button interaction" owner="Keywords">
<kw name="Wait Until Element Is Visible" owner="SeleniumLibrary">
<arg>${BUTTON}</arg>
<arg>15 seconds</arg>
<doc>Waits until the element ``locator`` is visible.</doc>
<status status="PASS" start="2024-05-07T18:06:58.126995" elapsed="0.042915"/>
</kw>
<kw name="Set Selenium Speed" owner="SeleniumLibrary">
<arg>0.2</arg>
<doc>Sets the delay that is waited after each Selenium command.</doc>
<status status="PASS" start="2024-05-07T18:06:58.169910" elapsed="0.000938"/>
</kw>
<kw name="Click Element" owner="SeleniumLibrary">
<msg time="2024-05-07T18:06:58.170848" level="INFO">Clicking element '//*[@id="movie_player"]/div[4]/button'.</msg>
<arg>${BUTTON}</arg>
<doc>Click the element identified by ``locator``.</doc>
<status status="PASS" start="2024-05-07T18:06:58.170848" elapsed="0.547327"/>
</kw>
<kw name="Set Selenium Speed" owner="SeleniumLibrary">
<arg>0</arg>
<doc>Sets the delay that is waited after each Selenium command.</doc>
<status status="PASS" start="2024-05-07T18:06:58.718175" elapsed="0.001027"/>
</kw>
<arg>${BUTTON_Video_PlayBig}</arg>
<status status="PASS" start="2024-05-07T18:06:58.125960" elapsed="0.593242"/>
</kw>
<kw name="Take Screenshot" owner="Keywords">
<kw name="Capture Page Screenshot" owner="SeleniumLibrary">
<msg time="2024-05-07T18:06:59.167078" level="INFO" html="true">&lt;/td&gt;&lt;/tr&gt;&lt;tr&gt;&lt;td colspan="3"&gt;&lt;a href="Screenshots/TC_001_001_014-001.png"&gt;&lt;img src="Screenshots/TC_001_001_014-001.png" width="800px"&gt;&lt;/a&gt;</msg>
<arg>Screenshots/${NAME}.png</arg>
<doc>Takes a screenshot of the current page and embeds it into a log file.</doc>
<status status="PASS" start="2024-05-07T18:06:58.720696" elapsed="0.446382"/>
</kw>
<arg>TC_001_001_014-001</arg>
<doc>take screenshot of the page and save it in the Screenshots folder</doc>
<status status="PASS" start="2024-05-07T18:06:58.720696" elapsed="0.446382"/>
</kw>
<status status="PASS" start="2024-05-07T18:06:57.662654" elapsed="1.505416"/>
</test>
<test id="s1-s1-s1-t3" name="TC_001_001_014-002 - Kontrola tlačítka `Play`" line="34">
<kw name="Button interaction" owner="Keywords">
<kw name="Wait Until Element Is Visible" owner="SeleniumLibrary">
<arg>${BUTTON}</arg>
<arg>15 seconds</arg>
<doc>Waits until the element ``locator`` is visible.</doc>
<status status="PASS" start="2024-05-07T18:06:59.172603" elapsed="0.043688"/>
</kw>
<kw name="Set Selenium Speed" owner="SeleniumLibrary">
<arg>0.2</arg>
<doc>Sets the delay that is waited after each Selenium command.</doc>
<status status="PASS" start="2024-05-07T18:06:59.216291" elapsed="0.001004"/>
</kw>
<kw name="Click Element" owner="SeleniumLibrary">
<msg time="2024-05-07T18:06:59.217295" level="INFO">Clicking element '//*[@id="movie_player"]/div[27]/div[2]/div[1]/button'.</msg>
<arg>${BUTTON}</arg>
<doc>Click the element identified by ``locator``.</doc>
<status status="PASS" start="2024-05-07T18:06:59.217295" elapsed="0.556173"/>
</kw>
<kw name="Set Selenium Speed" owner="SeleniumLibrary">
<arg>0</arg>
<doc>Sets the delay that is waited after each Selenium command.</doc>
<status status="PASS" start="2024-05-07T18:06:59.773468" elapsed="0.000000"/>
</kw>
<arg>${BUTTON_Video_Play}</arg>
<status status="PASS" start="2024-05-07T18:06:59.170581" elapsed="0.602887"/>
</kw>
<kw name="Element Attribute Value Should Be" owner="SeleniumLibrary">
<msg time="2024-05-07T18:06:59.800249" level="INFO">Element '//*[@id="movie_player"]/div[27]/div[2]/div[1]/button' attribute 'data-title-no-tooltip' contains value 'Play'.</msg>
<arg>${BUTTON_Video_Play}</arg>
<arg>${VALUE_AttributeDTNT}</arg>
<arg>${VALUE_Play}</arg>
<doc>Verifies element identified by ``locator`` contains expected attribute value.</doc>
<status status="PASS" start="2024-05-07T18:06:59.774480" elapsed="0.025769"/>
</kw>
<kw name="Button interaction" owner="Keywords">
<kw name="Wait Until Element Is Visible" owner="SeleniumLibrary">
<arg>${BUTTON}</arg>
<arg>15 seconds</arg>
<doc>Waits until the element ``locator`` is visible.</doc>
<status status="PASS" start="2024-05-07T18:06:59.801170" elapsed="0.069679"/>
</kw>
<kw name="Set Selenium Speed" owner="SeleniumLibrary">
<arg>0.2</arg>
<doc>Sets the delay that is waited after each Selenium command.</doc>
<status status="PASS" start="2024-05-07T18:06:59.870849" elapsed="0.000000"/>
</kw>
<kw name="Click Element" owner="SeleniumLibrary">
<msg time="2024-05-07T18:06:59.871853" level="INFO">Clicking element '//*[@id="movie_player"]/div[27]/div[2]/div[1]/button'.</msg>
<arg>${BUTTON}</arg>
<doc>Click the element identified by ``locator``.</doc>
<status status="PASS" start="2024-05-07T18:06:59.870849" elapsed="0.670480"/>
</kw>
<kw name="Set Selenium Speed" owner="SeleniumLibrary">
<arg>0</arg>
<doc>Sets the delay that is waited after each Selenium command.</doc>
<status status="PASS" start="2024-05-07T18:07:00.541329" elapsed="0.000000"/>
</kw>
<arg>${BUTTON_Video_Play}</arg>
<status status="PASS" start="2024-05-07T18:06:59.801170" elapsed="0.740159"/>
</kw>
<kw name="Element Attribute Value Should Be" owner="SeleniumLibrary">
<msg time="2024-05-07T18:07:00.571914" level="INFO">Element '//*[@id="movie_player"]/div[27]/div[2]/div[1]/button' attribute 'data-title-no-tooltip' contains value 'Pause'.</msg>
<arg>${BUTTON_Video_Play}</arg>
<arg>${VALUE_AttributeDTNT}</arg>
<arg>${VALUE_Pause}</arg>
<doc>Verifies element identified by ``locator`` contains expected attribute value.</doc>
<status status="PASS" start="2024-05-07T18:07:00.542338" elapsed="0.029576"/>
</kw>
<status status="PASS" start="2024-05-07T18:06:59.169069" elapsed="1.403835"/>
</test>
<test id="s1-s1-s1-t4" name="TC_001_001_014-003 - Kontrola funkcie posunutia vpred o 5 sekúnd" line="41">
<kw name="Button interaction" owner="Keywords">
<kw name="Wait Until Element Is Visible" owner="SeleniumLibrary">
<arg>${BUTTON}</arg>
<arg>15 seconds</arg>
<doc>Waits until the element ``locator`` is visible.</doc>
<status status="PASS" start="2024-05-07T18:07:00.575902" elapsed="0.039751"/>
</kw>
<kw name="Set Selenium Speed" owner="SeleniumLibrary">
<arg>0.2</arg>
<doc>Sets the delay that is waited after each Selenium command.</doc>
<status status="PASS" start="2024-05-07T18:07:00.615653" elapsed="0.000536"/>
</kw>
<kw name="Click Element" owner="SeleniumLibrary">
<msg time="2024-05-07T18:07:00.616802" level="INFO">Clicking element '//*[@id="movie_player"]/div[27]/div[2]/div[1]/button'.</msg>
<arg>${BUTTON}</arg>
<doc>Click the element identified by ``locator``.</doc>
<status status="PASS" start="2024-05-07T18:07:00.616189" elapsed="0.616715"/>
</kw>
<kw name="Set Selenium Speed" owner="SeleniumLibrary">
<arg>0</arg>
<doc>Sets the delay that is waited after each Selenium command.</doc>
<status status="PASS" start="2024-05-07T18:07:01.232904" elapsed="0.001025"/>
</kw>
<arg>${BUTTON_Video_Play}</arg>
<status status="PASS" start="2024-05-07T18:07:00.575902" elapsed="0.659028"/>
</kw>
<kw name="Button interaction" owner="Keywords">
<kw name="Wait Until Element Is Visible" owner="SeleniumLibrary">
<arg>${BUTTON}</arg>
<arg>15 seconds</arg>
<doc>Waits until the element ``locator`` is visible.</doc>
<status status="PASS" start="2024-05-07T18:07:01.238955" elapsed="0.121128"/>
</kw>
<kw name="Set Selenium Speed" owner="SeleniumLibrary">
<arg>0.2</arg>
<doc>Sets the delay that is waited after each Selenium command.</doc>
<status status="PASS" start="2024-05-07T18:07:01.361049" elapsed="0.000000"/>
</kw>
<kw name="Click Element" owner="SeleniumLibrary">
<msg time="2024-05-07T18:07:01.363049" level="INFO">Clicking element '//*[@id="movie_player"]/div[18]/div/button[1]'.</msg>
<arg>${BUTTON}</arg>
<doc>Click the element identified by ``locator``.</doc>
<status status="PASS" start="2024-05-07T18:07:01.362048" elapsed="0.527377"/>
</kw>
<kw name="Set Selenium Speed" owner="SeleniumLibrary">
<arg>0</arg>
<doc>Sets the delay that is waited after each Selenium command.</doc>
<status status="PASS" start="2024-05-07T18:07:01.890067" elapsed="0.000000"/>
</kw>
<arg>${BUTTON_Video_ClosePopUp}</arg>
<status status="PASS" start="2024-05-07T18:07:01.236933" elapsed="0.654037"/>
</kw>
<kw name="Get time from span YT video" owner="Keywords">
<kw name="Get Text" owner="SeleniumLibrary">
<msg time="2024-05-07T18:07:01.937228" level="INFO">${time} = 0:00</msg>
<var>${time}</var>
<arg>${SPAN}</arg>
<doc>Returns the text value of the element identified by ``locator``.</doc>
<status status="PASS" start="2024-05-07T18:07:01.891970" elapsed="0.045258"/>
</kw>
<kw name="Get Last Two Characters" owner="Keywords">
<kw name="Execute Javascript" owner="SeleniumLibrary">
<msg time="2024-05-07T18:07:01.938226" level="INFO">Executing JavaScript:
return arguments[0].slice(-2);
By using argument:
'0:00'</msg>
<msg time="2024-05-07T18:07:01.948767" level="INFO">${first_two_characters} = 00</msg>
<var>${first_two_characters}</var>
<arg>return arguments[0].slice(-2);</arg>
<arg>ARGUMENTS</arg>
<arg>${TEXT}</arg>
<doc>Executes the given JavaScript code with possible arguments.</doc>
<status status="PASS" start="2024-05-07T18:07:01.938226" elapsed="0.011544"/>
</kw>
<kw name="Log" owner="BuiltIn">
<msg time="2024-05-07T18:07:01.950282" level="INFO">00</msg>
<arg>${first_two_characters}</arg>
<doc>Logs the given message with the given level.</doc>
<status status="PASS" start="2024-05-07T18:07:01.950282" elapsed="0.000000"/>
</kw>
<return>
<value>${first_two_characters}</value>
<status status="PASS" start="2024-05-07T18:07:01.950282" elapsed="0.001015"/>
</return>
<msg time="2024-05-07T18:07:01.951297" level="INFO">${time} = 00</msg>
<var>${time}</var>
<arg>${time}</arg>
<doc>Get last two characters from string</doc>
<status status="PASS" start="2024-05-07T18:07:01.937228" elapsed="0.014069"/>
</kw>
<kw name="Convert To Integer" owner="BuiltIn">
<msg time="2024-05-07T18:07:01.952293" level="INFO">${time} = 0</msg>
<var>${time}</var>
<arg>${time}</arg>
<doc>Converts the given item to an integer number.</doc>
<status status="PASS" start="2024-05-07T18:07:01.951297" elapsed="0.000996"/>
</kw>
<kw name="Log" owner="BuiltIn">
<msg time="2024-05-07T18:07:01.953305" level="INFO">0</msg>
<arg>${time}</arg>
<doc>Logs the given message with the given level.</doc>
<status status="PASS" start="2024-05-07T18:07:01.952293" elapsed="0.001012"/>
</kw>
<return>
<value>${time}</value>
<status status="PASS" start="2024-05-07T18:07:01.953305" elapsed="0.000000"/>
</return>
<msg time="2024-05-07T18:07:01.953305" level="INFO">${time_before} = 0</msg>
<var>${time_before}</var>
<arg>${SPAN_TimeCurrent}</arg>
<doc>Get time from span element</doc>
<status status="PASS" start="2024-05-07T18:07:01.890970" elapsed="0.062335"/>
</kw>
<kw name="Press Keys" owner="SeleniumLibrary">
<msg time="2024-05-07T18:07:01.955300" level="INFO">Sending key(s) ('ARROW_RIGHT',) to //*[@id="movie_player"]/div[1]/video element.</msg>
<msg time="2024-05-07T18:07:02.307323" level="INFO">Pressing special key ARROW_RIGHT to element.</msg>
<msg time="2024-05-07T18:07:02.307323" level="INFO">Releasing special key ARROW_RIGHT.</msg>
<arg>${VIDEO_TvKrakovany}</arg>
<arg>${KEY_Right}</arg>
<doc>Simulates the user pressing key(s) to an element or on the active browser.</doc>
<status status="PASS" start="2024-05-07T18:07:01.954337" elapsed="0.369856"/>
</kw>
<kw name="Get time from span YT video" owner="Keywords">
<kw name="Get Text" owner="SeleniumLibrary">
<msg time="2024-05-07T18:07:02.353427" level="INFO">${time} = 0:05</msg>
<var>${time}</var>
<arg>${SPAN}</arg>
<doc>Returns the text value of the element identified by ``locator``.</doc>
<status status="PASS" start="2024-05-07T18:07:02.326199" elapsed="0.027228"/>
</kw>
<kw name="Get Last Two Characters" owner="Keywords">
<kw name="Execute Javascript" owner="SeleniumLibrary">
<msg time="2024-05-07T18:07:02.354474" level="INFO">Executing JavaScript:
return arguments[0].slice(-2);
By using argument:
'0:05'</msg>
<msg time="2024-05-07T18:07:02.363943" level="INFO">${first_two_characters} = 05</msg>
<var>${first_two_characters}</var>
<arg>return arguments[0].slice(-2);</arg>
<arg>ARGUMENTS</arg>
<arg>${TEXT}</arg>
<doc>Executes the given JavaScript code with possible arguments.</doc>
<status status="PASS" start="2024-05-07T18:07:02.354474" elapsed="0.009469"/>
</kw>
<kw name="Log" owner="BuiltIn">
<msg time="2024-05-07T18:07:02.364983" level="INFO">05</msg>
<arg>${first_two_characters}</arg>
<doc>Logs the given message with the given level.</doc>
<status status="PASS" start="2024-05-07T18:07:02.364983" elapsed="0.000000"/>
</kw>
<return>
<value>${first_two_characters}</value>
<status status="PASS" start="2024-05-07T18:07:02.364983" elapsed="0.000000"/>
</return>
<msg time="2024-05-07T18:07:02.364983" level="INFO">${time} = 05</msg>
<var>${time}</var>
<arg>${time}</arg>
<doc>Get last two characters from string</doc>
<status status="PASS" start="2024-05-07T18:07:02.353427" elapsed="0.011556"/>
</kw>
<kw name="Convert To Integer" owner="BuiltIn">
<msg time="2024-05-07T18:07:02.365980" level="INFO">${time} = 5</msg>
<var>${time}</var>
<arg>${time}</arg>
<doc>Converts the given item to an integer number.</doc>
<status status="PASS" start="2024-05-07T18:07:02.364983" elapsed="0.000997"/>
</kw>
<kw name="Log" owner="BuiltIn">
<msg time="2024-05-07T18:07:02.365980" level="INFO">5</msg>
<arg>${time}</arg>
<doc>Logs the given message with the given level.</doc>
<status status="PASS" start="2024-05-07T18:07:02.365980" elapsed="0.000000"/>
</kw>
<return>
<value>${time}</value>
<status status="PASS" start="2024-05-07T18:07:02.366945" elapsed="0.000000"/>
</return>
<msg time="2024-05-07T18:07:02.366945" level="INFO">${time_after} = 5</msg>
<var>${time_after}</var>
<arg>${SPAN_TimeCurrent}</arg>
<doc>Get time from span element</doc>
<status status="PASS" start="2024-05-07T18:07:02.325200" elapsed="0.041745"/>
</kw>
<kw name="Subtract" owner="Keywords">
<kw name="Evaluate" owner="BuiltIn">
<msg time="2024-05-07T18:07:02.369947" level="INFO">${result} = 5</msg>
<var>${result}</var>
<arg>${VALUE1} - ${VALUE2}</arg>
<doc>Evaluates the given expression in Python and returns the result.</doc>
<status status="PASS" start="2024-05-07T18:07:02.369947" elapsed="0.000000"/>
</kw>
<kw name="Log" owner="BuiltIn">
<msg time="2024-05-07T18:07:02.371228" level="INFO">5</msg>
<arg>${result}</arg>
<doc>Logs the given message with the given level.</doc>
<status status="PASS" start="2024-05-07T18:07:02.371228" elapsed="0.000000"/>
</kw>
<return>
<value>${result}</value>
<status status="PASS" start="2024-05-07T18:07:02.371228" elapsed="0.000000"/>
</return>
<msg time="2024-05-07T18:07:02.372226" level="INFO">${time_diff} = 5</msg>
<var>${time_diff}</var>
<arg>${time_after}</arg>
<arg>${time_before}</arg>
<doc>Subtract two values</doc>
<status status="PASS" start="2024-05-07T18:07:02.368947" elapsed="0.003279"/>
</kw>
<kw name="Log" owner="BuiltIn">
<msg time="2024-05-07T18:07:02.373235" level="INFO">5</msg>
<arg>${time_diff}</arg>
<doc>Logs the given message with the given level.</doc>
<status status="PASS" start="2024-05-07T18:07:02.372226" elapsed="0.001009"/>
</kw>
<kw name="Should Be Equal As Numbers" owner="BuiltIn">
<msg time="2024-05-07T18:07:02.374235" level="INFO">Argument types are:
&lt;class 'int'&gt;
&lt;class 'str'&gt;</msg>
<arg>${time_diff}</arg>
<arg>5</arg>
<doc>Fails if objects are unequal after converting them to real numbers.</doc>
<status status="PASS" start="2024-05-07T18:07:02.373235" elapsed="0.001000"/>
</kw>
<status status="PASS" start="2024-05-07T18:07:00.573904" elapsed="1.801324"/>
</test>
<test id="s1-s1-s1-t5" name="TC_001_001_014-004 - Kontrola funkcie posunutia vzad o 5 sekúnd" line="52">
<kw name="Button interaction" owner="Keywords">
<kw name="Wait Until Element Is Visible" owner="SeleniumLibrary">
<arg>${BUTTON}</arg>
<arg>15 seconds</arg>
<doc>Waits until the element ``locator`` is visible.</doc>
<status status="PASS" start="2024-05-07T18:07:02.378228" elapsed="0.028061"/>
</kw>
<kw name="Set Selenium Speed" owner="SeleniumLibrary">
<arg>0.2</arg>
<doc>Sets the delay that is waited after each Selenium command.</doc>
<status status="PASS" start="2024-05-07T18:07:02.406289" elapsed="0.000999"/>
</kw>
<kw name="Click Element" owner="SeleniumLibrary">
<msg time="2024-05-07T18:07:02.408288" level="INFO">Clicking element '//*[@id="movie_player"]/div[27]/div[2]/div[1]/button'.</msg>
<arg>${BUTTON}</arg>
<doc>Click the element identified by ``locator``.</doc>
<status status="PASS" start="2024-05-07T18:07:02.407288" elapsed="0.552265"/>
</kw>
<kw name="Set Selenium Speed" owner="SeleniumLibrary">
<arg>0</arg>
<doc>Sets the delay that is waited after each Selenium command.</doc>
<status status="PASS" start="2024-05-07T18:07:02.960063" elapsed="0.000000"/>
</kw>
<arg>${BUTTON_Video_Play}</arg>
<status status="PASS" start="2024-05-07T18:07:02.378228" elapsed="0.582846"/>
</kw>
<kw name="Get time from span YT video" owner="Keywords">
<kw name="Get Text" owner="SeleniumLibrary">
<msg time="2024-05-07T18:07:03.006020" level="INFO">${time} = 0:05</msg>
<var>${time}</var>
<arg>${SPAN}</arg>
<doc>Returns the text value of the element identified by ``locator``.</doc>
<status status="PASS" start="2024-05-07T18:07:02.962073" elapsed="0.043947"/>
</kw>
<kw name="Get Last Two Characters" owner="Keywords">
<kw name="Execute Javascript" owner="SeleniumLibrary">
<msg time="2024-05-07T18:07:03.008719" level="INFO">Executing JavaScript:
return arguments[0].slice(-2);
By using argument:
'0:05'</msg>
<msg time="2024-05-07T18:07:03.018156" level="INFO">${first_two_characters} = 05</msg>
<var>${first_two_characters}</var>
<arg>return arguments[0].slice(-2);</arg>
<arg>ARGUMENTS</arg>
<arg>${TEXT}</arg>
<doc>Executes the given JavaScript code with possible arguments.</doc>
<status status="PASS" start="2024-05-07T18:07:03.007702" elapsed="0.010454"/>
</kw>
<kw name="Log" owner="BuiltIn">
<msg time="2024-05-07T18:07:03.019167" level="INFO">05</msg>
<arg>${first_two_characters}</arg>
<doc>Logs the given message with the given level.</doc>
<status status="PASS" start="2024-05-07T18:07:03.018156" elapsed="0.001011"/>
</kw>
<return>
<value>${first_two_characters}</value>
<status status="PASS" start="2024-05-07T18:07:03.019167" elapsed="0.000000"/>
</return>
<msg time="2024-05-07T18:07:03.019167" level="INFO">${time} = 05</msg>
<var>${time}</var>
<arg>${time}</arg>
<doc>Get last two characters from string</doc>
<status status="PASS" start="2024-05-07T18:07:03.006645" elapsed="0.012522"/>
</kw>
<kw name="Convert To Integer" owner="BuiltIn">
<msg time="2024-05-07T18:07:03.020166" level="INFO">${time} = 5</msg>
<var>${time}</var>
<arg>${time}</arg>
<doc>Converts the given item to an integer number.</doc>
<status status="PASS" start="2024-05-07T18:07:03.020166" elapsed="0.000508"/>
</kw>
<kw name="Log" owner="BuiltIn">
<msg time="2024-05-07T18:07:03.020674" level="INFO">5</msg>
<arg>${time}</arg>
<doc>Logs the given message with the given level.</doc>
<status status="PASS" start="2024-05-07T18:07:03.020674" elapsed="0.000000"/>
</kw>
<return>
<value>${time}</value>
<status status="PASS" start="2024-05-07T18:07:03.020674" elapsed="0.000000"/>
</return>
<msg time="2024-05-07T18:07:03.021787" level="INFO">${time_before} = 5</msg>
<var>${time_before}</var>
<arg>${SPAN_TimeCurrent}</arg>
<doc>Get time from span element</doc>
<status status="PASS" start="2024-05-07T18:07:02.962073" elapsed="0.059714"/>
</kw>
<kw name="Press Keys" owner="SeleniumLibrary">
<msg time="2024-05-07T18:07:03.023372" level="INFO">Sending key(s) ('ARROW_LEFT',) to //*[@id="movie_player"]/div[1]/video element.</msg>
<msg time="2024-05-07T18:07:03.382815" level="INFO">Pressing special key ARROW_LEFT to element.</msg>
<msg time="2024-05-07T18:07:03.382815" level="INFO">Releasing special key ARROW_LEFT.</msg>
<arg>${VIDEO_TvKrakovany}</arg>
<arg>${KEY_Left}</arg>
<doc>Simulates the user pressing key(s) to an element or on the active browser.</doc>
<status status="PASS" start="2024-05-07T18:07:03.022832" elapsed="0.377691"/>
</kw>
<kw name="Get time from span YT video" owner="Keywords">
<kw name="Get Text" owner="SeleniumLibrary">
<msg time="2024-05-07T18:07:03.429966" level="INFO">${time} = 0:00</msg>
<var>${time}</var>
<arg>${SPAN}</arg>
<doc>Returns the text value of the element identified by ``locator``.</doc>
<status status="PASS" start="2024-05-07T18:07:03.402536" elapsed="0.027430"/>
</kw>
<kw name="Get Last Two Characters" owner="Keywords">
<kw name="Execute Javascript" owner="SeleniumLibrary">
<msg time="2024-05-07T18:07:03.430971" level="INFO">Executing JavaScript:
return arguments[0].slice(-2);
By using argument:
'0:00'</msg>
<msg time="2024-05-07T18:07:03.439091" level="INFO">${first_two_characters} = 00</msg>
<var>${first_two_characters}</var>
<arg>return arguments[0].slice(-2);</arg>
<arg>ARGUMENTS</arg>
<arg>${TEXT}</arg>
<doc>Executes the given JavaScript code with possible arguments.</doc>
<status status="PASS" start="2024-05-07T18:07:03.430971" elapsed="0.008120"/>
</kw>
<kw name="Log" owner="BuiltIn">
<msg time="2024-05-07T18:07:03.440096" level="INFO">00</msg>
<arg>${first_two_characters}</arg>
<doc>Logs the given message with the given level.</doc>
<status status="PASS" start="2024-05-07T18:07:03.439091" elapsed="0.001005"/>
</kw>
<return>
<value>${first_two_characters}</value>
<status status="PASS" start="2024-05-07T18:07:03.440096" elapsed="0.000000"/>
</return>
<msg time="2024-05-07T18:07:03.441288" level="INFO">${time} = 00</msg>
<var>${time}</var>
<arg>${time}</arg>
<doc>Get last two characters from string</doc>
<status status="PASS" start="2024-05-07T18:07:03.429966" elapsed="0.011322"/>
</kw>
<kw name="Convert To Integer" owner="BuiltIn">
<msg time="2024-05-07T18:07:03.441288" level="INFO">${time} = 0</msg>
<var>${time}</var>
<arg>${time}</arg>
<doc>Converts the given item to an integer number.</doc>
<status status="PASS" start="2024-05-07T18:07:03.441288" elapsed="0.001002"/>
</kw>
<kw name="Log" owner="BuiltIn">
<msg time="2024-05-07T18:07:03.442290" level="INFO">0</msg>
<arg>${time}</arg>
<doc>Logs the given message with the given level.</doc>
<status status="PASS" start="2024-05-07T18:07:03.442290" elapsed="0.000000"/>
</kw>
<return>
<value>${time}</value>
<status status="PASS" start="2024-05-07T18:07:03.442290" elapsed="0.000996"/>
</return>
<msg time="2024-05-07T18:07:03.443286" level="INFO">${time_after} = 0</msg>
<var>${time_after}</var>
<arg>${SPAN_TimeCurrent}</arg>
<doc>Get time from span element</doc>
<status status="PASS" start="2024-05-07T18:07:03.401539" elapsed="0.041747"/>
</kw>
<kw name="Subtract" owner="Keywords">
<kw name="Evaluate" owner="BuiltIn">
<msg time="2024-05-07T18:07:03.446292" level="INFO">${result} = 5</msg>
<var>${result}</var>
<arg>${VALUE1} - ${VALUE2}</arg>
<doc>Evaluates the given expression in Python and returns the result.</doc>
<status status="PASS" start="2024-05-07T18:07:03.446292" elapsed="0.000997"/>
</kw>
<kw name="Log" owner="BuiltIn">
<msg time="2024-05-07T18:07:03.447289" level="INFO">5</msg>
<arg>${result}</arg>
<doc>Logs the given message with the given level.</doc>
<status status="PASS" start="2024-05-07T18:07:03.447289" elapsed="0.000000"/>
</kw>
<return>
<value>${result}</value>
<status status="PASS" start="2024-05-07T18:07:03.447289" elapsed="0.000000"/>
</return>
<msg time="2024-05-07T18:07:03.447289" level="INFO">${time_diff} = 5</msg>
<var>${time_diff}</var>
<arg>${time_before}</arg>
<arg>${time_after}</arg>
<doc>Subtract two values</doc>
<status status="PASS" start="2024-05-07T18:07:03.444288" elapsed="0.003001"/>
</kw>
<kw name="Log" owner="BuiltIn">
<msg time="2024-05-07T18:07:03.448290" level="INFO">5</msg>
<arg>${time_diff}</arg>
<doc>Logs the given message with the given level.</doc>
<status status="PASS" start="2024-05-07T18:07:03.448290" elapsed="0.000000"/>
</kw>
<kw name="Should Be Equal As Numbers" owner="BuiltIn">
<msg time="2024-05-07T18:07:03.449798" level="INFO">Argument types are:
&lt;class 'int'&gt;
&lt;class 'str'&gt;</msg>
<arg>${time_diff}</arg>
<arg>5</arg>
<doc>Fails if objects are unequal after converting them to real numbers.</doc>
<status status="PASS" start="2024-05-07T18:07:03.449798" elapsed="0.000000"/>
</kw>
<status status="PASS" start="2024-05-07T18:07:02.377226" elapsed="1.073588"/>
</test>
<test id="s1-s1-s1-t6" name="TC_001_001_014-005 - Kontrola tlačítka `Mute`" line="62">
<kw name="Button interaction" owner="Keywords">
<kw name="Wait Until Element Is Visible" owner="SeleniumLibrary">
<arg>${BUTTON}</arg>
<arg>15 seconds</arg>
<doc>Waits until the element ``locator`` is visible.</doc>
<status status="PASS" start="2024-05-07T18:07:03.453812" elapsed="0.034610"/>
</kw>
<kw name="Set Selenium Speed" owner="SeleniumLibrary">
<arg>0.2</arg>
<doc>Sets the delay that is waited after each Selenium command.</doc>
<status status="PASS" start="2024-05-07T18:07:03.488422" elapsed="0.000000"/>
</kw>
<kw name="Click Element" owner="SeleniumLibrary">
<msg time="2024-05-07T18:07:03.488422" level="INFO">Clicking element '//*[@id="movie_player"]/div[27]/div[2]/div[1]/span/button'.</msg>
<arg>${BUTTON}</arg>
<doc>Click the element identified by ``locator``.</doc>
<status status="PASS" start="2024-05-07T18:07:03.488422" elapsed="0.534550"/>
</kw>
<kw name="Set Selenium Speed" owner="SeleniumLibrary">
<arg>0</arg>
<doc>Sets the delay that is waited after each Selenium command.</doc>
<status status="PASS" start="2024-05-07T18:07:04.024320" elapsed="0.000983"/>
</kw>
<arg>${BUTTON_Video_Mute}</arg>
<status status="PASS" start="2024-05-07T18:07:03.453812" elapsed="0.572511"/>
</kw>
<kw name="Element Attribute Value Should Be" owner="SeleniumLibrary">
<msg time="2024-05-07T18:07:04.119949" level="INFO">Element '//*[@id="movie_player"]/div[27]/div[2]/div[1]/span/button' attribute 'data-title-no-tooltip' contains value 'Unmute'.</msg>
<arg>${BUTTON_Video_Mute}</arg>
<arg>${VALUE_AttributeDTNT}</arg>
<arg>${VALUE_Unmute}</arg>
<doc>Verifies element identified by ``locator`` contains expected attribute value.</doc>
<status status="PASS" start="2024-05-07T18:07:04.027318" elapsed="0.092631"/>
</kw>
<kw name="Button interaction" owner="Keywords">
<kw name="Wait Until Element Is Visible" owner="SeleniumLibrary">
<arg>${BUTTON}</arg>
<arg>15 seconds</arg>
<doc>Waits until the element ``locator`` is visible.</doc>
<status status="PASS" start="2024-05-07T18:07:04.124897" elapsed="0.088659"/>
</kw>
<kw name="Set Selenium Speed" owner="SeleniumLibrary">
<arg>0.2</arg>
<doc>Sets the delay that is waited after each Selenium command.</doc>
<status status="PASS" start="2024-05-07T18:07:04.215088" elapsed="0.001025"/>
</kw>
<kw name="Click Element" owner="SeleniumLibrary">
<msg time="2024-05-07T18:07:04.219187" level="INFO">Clicking element '//*[@id="movie_player"]/div[27]/div[2]/div[1]/span/button'.</msg>
<arg>${BUTTON}</arg>
<doc>Click the element identified by ``locator``.</doc>
<status status="PASS" start="2024-05-07T18:07:04.217134" elapsed="0.636352"/>
</kw>
<kw name="Set Selenium Speed" owner="SeleniumLibrary">
<arg>0</arg>
<doc>Sets the delay that is waited after each Selenium command.</doc>
<status status="PASS" start="2024-05-07T18:07:04.854008" elapsed="0.001024"/>
</kw>
<arg>${BUTTON_Video_Mute}</arg>
<status status="PASS" start="2024-05-07T18:07:04.121911" elapsed="0.733121"/>
</kw>
<kw name="Element Attribute Value Should Be" owner="SeleniumLibrary">
<msg time="2024-05-07T18:07:04.980164" level="INFO">Element '//*[@id="movie_player"]/div[27]/div[2]/div[1]/span/button' attribute 'data-title-no-tooltip' contains value 'Mute'.</msg>
<arg>${BUTTON_Video_Mute}</arg>
<arg>${VALUE_AttributeDTNT}</arg>
<arg>${VALUE_Mute}</arg>
<doc>Verifies element identified by ``locator`` contains expected attribute value.</doc>
<status status="PASS" start="2024-05-07T18:07:04.858046" elapsed="0.122118"/>
</kw>
<status status="PASS" start="2024-05-07T18:07:03.452812" elapsed="1.528362"/>
</test>
<test id="s1-s1-s1-t7" name="TC_001_001_014-006 - Kontrola funkcie `Play-back speed` a nastavenie rýchlosti prehrávania na 0.5" line="69">
<kw name="Button interaction" owner="Keywords">
<kw name="Wait Until Element Is Visible" owner="SeleniumLibrary">
<arg>${BUTTON}</arg>
<arg>15 seconds</arg>
<doc>Waits until the element ``locator`` is visible.</doc>
<status status="PASS" start="2024-05-07T18:07:04.983184" elapsed="0.033184"/>
</kw>
<kw name="Set Selenium Speed" owner="SeleniumLibrary">
<arg>0.2</arg>
<doc>Sets the delay that is waited after each Selenium command.</doc>
<status status="PASS" start="2024-05-07T18:07:05.016368" elapsed="0.000000"/>
</kw>
<kw name="Click Element" owner="SeleniumLibrary">
<msg time="2024-05-07T18:07:05.017404" level="INFO">Clicking element '//*[@id="movie_player"]/div[27]/div[2]/div[2]/button[2]'.</msg>
<arg>${BUTTON}</arg>
<doc>Click the element identified by ``locator``.</doc>
<status status="PASS" start="2024-05-07T18:07:05.017404" elapsed="0.625641"/>
</kw>
<kw name="Set Selenium Speed" owner="SeleniumLibrary">
<arg>0</arg>
<doc>Sets the delay that is waited after each Selenium command.</doc>
<status status="PASS" start="2024-05-07T18:07:05.644379" elapsed="0.000999"/>
</kw>
<arg>${BUTTON_Video_Settings}</arg>
<status status="PASS" start="2024-05-07T18:07:04.983184" elapsed="0.662194"/>
</kw>
<kw name="Set Selenium Speed" owner="SeleniumLibrary">
<arg>1</arg>
<doc>Sets the delay that is waited after each Selenium command.</doc>
<status status="PASS" start="2024-05-07T18:07:05.648379" elapsed="0.000000"/>
</kw>
<kw name="Click Element" owner="SeleniumLibrary">
<msg time="2024-05-07T18:07:05.651964" level="INFO">Clicking element '//*[@id="ytp-id-17"]/div/div/div[1]'.</msg>
<arg>${DIV_Video_PlayBackSpeed}</arg>
<doc>Click the element identified by ``locator``.</doc>
<status status="PASS" start="2024-05-07T18:07:05.650965" elapsed="2.265189"/>
</kw>
<kw name="Click Element" owner="SeleniumLibrary">
<msg time="2024-05-07T18:07:07.918598" level="INFO">Clicking element '//*[@id="ytp-id-17"]/div/div[2]/div[2]'.</msg>
<arg>${DIV_Video_PlayBackSpeed_05}</arg>
<doc>Click the element identified by ``locator``.</doc>
<status status="PASS" start="2024-05-07T18:07:07.918081" elapsed="2.203763"/>
</kw>
<kw name="Set Selenium Speed" owner="SeleniumLibrary">
<arg>0</arg>
<doc>Sets the delay that is waited after each Selenium command.</doc>
<status status="PASS" start="2024-05-07T18:07:10.123868" elapsed="0.004022"/>
</kw>
<kw name="Get time from span YT video" owner="Keywords">
<kw name="Get Text" owner="SeleniumLibrary">
<msg time="2024-05-07T18:07:10.236135" level="INFO">${time} = 0:06</msg>
<var>${time}</var>
<arg>${SPAN}</arg>
<doc>Returns the text value of the element identified by ``locator``.</doc>
<status status="PASS" start="2024-05-07T18:07:10.138482" elapsed="0.097653"/>
</kw>
<kw name="Get Last Two Characters" owner="Keywords">
<kw name="Execute Javascript" owner="SeleniumLibrary">
<msg time="2024-05-07T18:07:10.238129" level="INFO">Executing JavaScript:
return arguments[0].slice(-2);
By using argument:
'0:06'</msg>
<msg time="2024-05-07T18:07:10.245714" level="INFO">${first_two_characters} = 06</msg>
<var>${first_two_characters}</var>
<arg>return arguments[0].slice(-2);</arg>
<arg>ARGUMENTS</arg>
<arg>${TEXT}</arg>
<doc>Executes the given JavaScript code with possible arguments.</doc>
<status status="PASS" start="2024-05-07T18:07:10.237130" elapsed="0.008584"/>
</kw>
<kw name="Log" owner="BuiltIn">
<msg time="2024-05-07T18:07:10.245714" level="INFO">06</msg>
<arg>${first_two_characters}</arg>
<doc>Logs the given message with the given level.</doc>
<status status="PASS" start="2024-05-07T18:07:10.245714" elapsed="0.000995"/>
</kw>
<return>
<value>${first_two_characters}</value>
<status status="PASS" start="2024-05-07T18:07:10.246709" elapsed="0.000000"/>
</return>
<msg time="2024-05-07T18:07:10.246709" level="INFO">${time} = 06</msg>
<var>${time}</var>
<arg>${time}</arg>
<doc>Get last two characters from string</doc>
<status status="PASS" start="2024-05-07T18:07:10.236135" elapsed="0.010574"/>
</kw>
<kw name="Convert To Integer" owner="BuiltIn">
<msg time="2024-05-07T18:07:10.247711" level="INFO">${time} = 6</msg>
<var>${time}</var>
<arg>${time}</arg>
<doc>Converts the given item to an integer number.</doc>
<status status="PASS" start="2024-05-07T18:07:10.246709" elapsed="0.001002"/>
</kw>
<kw name="Log" owner="BuiltIn">
<msg time="2024-05-07T18:07:10.248717" level="INFO">6</msg>
<arg>${time}</arg>
<doc>Logs the given message with the given level.</doc>
<status status="PASS" start="2024-05-07T18:07:10.248717" elapsed="0.000000"/>
</kw>
<return>
<value>${time}</value>
<status status="PASS" start="2024-05-07T18:07:10.248717" elapsed="0.000000"/>
</return>
<msg time="2024-05-07T18:07:10.250226" level="INFO">${time_before} = 6</msg>
<var>${time_before}</var>
<arg>${SPAN_TimeCurrent}</arg>
<doc>Get time from span element</doc>
<status status="PASS" start="2024-05-07T18:07:10.137498" elapsed="0.112728"/>
</kw>
<kw name="Sleep" owner="BuiltIn">
<msg time="2024-05-07T18:07:14.251866" level="INFO">Slept 4 seconds.</msg>
<arg>4s</arg>
<doc>Pauses the test executed for the given time.</doc>
<status status="PASS" start="2024-05-07T18:07:10.251236" elapsed="4.000630"/>
</kw>
<kw name="Get time from span YT video" owner="Keywords">
<kw name="Get Text" owner="SeleniumLibrary">
<msg time="2024-05-07T18:07:14.368776" level="INFO">${time} = 0:08</msg>
<var>${time}</var>
<arg>${SPAN}</arg>
<doc>Returns the text value of the element identified by ``locator``.</doc>
<status status="PASS" start="2024-05-07T18:07:14.256911" elapsed="0.111865"/>
</kw>
<kw name="Get Last Two Characters" owner="Keywords">
<kw name="Execute Javascript" owner="SeleniumLibrary">
<msg time="2024-05-07T18:07:14.372307" level="INFO">Executing JavaScript:
return arguments[0].slice(-2);
By using argument:
'0:08'</msg>
<msg time="2024-05-07T18:07:14.397424" level="INFO">${first_two_characters} = 08</msg>
<var>${first_two_characters}</var>
<arg>return arguments[0].slice(-2);</arg>
<arg>ARGUMENTS</arg>
<arg>${TEXT}</arg>
<doc>Executes the given JavaScript code with possible arguments.</doc>
<status status="PASS" start="2024-05-07T18:07:14.371302" elapsed="0.026122"/>
</kw>
<kw name="Log" owner="BuiltIn">
<msg time="2024-05-07T18:07:14.398408" level="INFO">08</msg>
<arg>${first_two_characters}</arg>
<doc>Logs the given message with the given level.</doc>
<status status="PASS" start="2024-05-07T18:07:14.398408" elapsed="0.000000"/>
</kw>
<return>
<value>${first_two_characters}</value>
<status status="PASS" start="2024-05-07T18:07:14.400035" elapsed="0.000000"/>
</return>
<msg time="2024-05-07T18:07:14.400975" level="INFO">${time} = 08</msg>
<var>${time}</var>
<arg>${time}</arg>
<doc>Get last two characters from string</doc>
<status status="PASS" start="2024-05-07T18:07:14.369762" elapsed="0.031213"/>
</kw>
<kw name="Convert To Integer" owner="BuiltIn">
<msg time="2024-05-07T18:07:14.402959" level="INFO">${time} = 8</msg>
<var>${time}</var>
<arg>${time}</arg>
<doc>Converts the given item to an integer number.</doc>
<status status="PASS" start="2024-05-07T18:07:14.401968" elapsed="0.000991"/>
</kw>
<kw name="Log" owner="BuiltIn">
<msg time="2024-05-07T18:07:14.403965" level="INFO">8</msg>
<arg>${time}</arg>
<doc>Logs the given message with the given level.</doc>
<status status="PASS" start="2024-05-07T18:07:14.403965" elapsed="0.000000"/>
</kw>
<return>
<value>${time}</value>
<status status="PASS" start="2024-05-07T18:07:14.404960" elapsed="0.001002"/>
</return>
<msg time="2024-05-07T18:07:14.405962" level="INFO">${time_after} = 8</msg>
<var>${time_after}</var>
<arg>${SPAN_TimeCurrent}</arg>
<doc>Get time from span element</doc>
<status status="PASS" start="2024-05-07T18:07:14.253915" elapsed="0.153050"/>
</kw>
<kw name="Subtract" owner="Keywords">
<kw name="Evaluate" owner="BuiltIn">
<msg time="2024-05-07T18:07:14.409984" level="INFO">${result} = 2</msg>
<var>${result}</var>
<arg>${VALUE1} - ${VALUE2}</arg>
<doc>Evaluates the given expression in Python and returns the result.</doc>
<status status="PASS" start="2024-05-07T18:07:14.409984" elapsed="0.001413"/>
</kw>
<kw name="Log" owner="BuiltIn">
<msg time="2024-05-07T18:07:14.412386" level="INFO">2</msg>
<arg>${result}</arg>
<doc>Logs the given message with the given level.</doc>
<status status="PASS" start="2024-05-07T18:07:14.411397" elapsed="0.000989"/>
</kw>
<return>
<value>${result}</value>
<status status="PASS" start="2024-05-07T18:07:14.412386" elapsed="0.000000"/>
</return>
<msg time="2024-05-07T18:07:14.412386" level="INFO">${time_diff} = 2</msg>
<var>${time_diff}</var>
<arg>${time_after}</arg>
<arg>${time_before}</arg>
<doc>Subtract two values</doc>
<status status="PASS" start="2024-05-07T18:07:14.407968" elapsed="0.005437"/>
</kw>
<kw name="Log" owner="BuiltIn">
<msg time="2024-05-07T18:07:14.416404" level="INFO">2</msg>
<arg>${time_diff}</arg>
<doc>Logs the given message with the given level.</doc>
<status status="PASS" start="2024-05-07T18:07:14.415407" elapsed="0.002022"/>
</kw>
<kw name="Should Be Equal As Numbers" owner="BuiltIn">
<msg time="2024-05-07T18:07:14.419930" level="INFO">Argument types are:
&lt;class 'int'&gt;
&lt;class 'str'&gt;</msg>
<arg>${time_diff}</arg>
<arg>2</arg>
<doc>Fails if objects are unequal after converting them to real numbers.</doc>
<status status="PASS" start="2024-05-07T18:07:14.418409" elapsed="0.001650"/>
</kw>
<status status="PASS" start="2024-05-07T18:07:04.982175" elapsed="9.438777"/>
</test>
<test id="s1-s1-s1-t8" name="TC_001_001_014-007 - Kontrola funkcie `Full-screen` a minimalizoavanie" line="83">
<kw name="Button interaction" owner="Keywords">
<kw name="Wait Until Element Is Visible" owner="SeleniumLibrary">
<arg>${BUTTON}</arg>
<arg>15 seconds</arg>
<doc>Waits until the element ``locator`` is visible.</doc>
<status status="PASS" start="2024-05-07T18:07:14.428019" elapsed="0.656785"/>
</kw>
<kw name="Set Selenium Speed" owner="SeleniumLibrary">
<arg>0.2</arg>
<doc>Sets the delay that is waited after each Selenium command.</doc>
<status status="PASS" start="2024-05-07T18:07:15.086801" elapsed="0.000993"/>
</kw>
<kw name="Click Element" owner="SeleniumLibrary">
<msg time="2024-05-07T18:07:15.091375" level="INFO">Clicking element '//*[@id="movie_player"]/div[27]/div[2]/div[2]/button[6]'.</msg>
<arg>${BUTTON}</arg>
<doc>Click the element identified by ``locator``.</doc>
<status status="PASS" start="2024-05-07T18:07:15.089805" elapsed="0.700916"/>
</kw>
<kw name="Set Selenium Speed" owner="SeleniumLibrary">
<arg>0</arg>
<doc>Sets the delay that is waited after each Selenium command.</doc>
<status status="PASS" start="2024-05-07T18:07:15.791762" elapsed="0.000000"/>
</kw>
<arg>${BUTTON_Video_FullScreen}</arg>
<status status="PASS" start="2024-05-07T18:07:14.426957" elapsed="1.365808"/>
</kw>
<kw name="Element Attribute Value Should Be" owner="SeleniumLibrary">
<msg time="2024-05-07T18:07:15.886085" level="INFO">Element '//*[@id="movie_player"]/div[27]/div[2]/div[2]/button[6]' attribute 'title' contains value 'Exit full screen (f)'.</msg>
<arg>${BUTTON_Video_FullScreen}</arg>
<arg>${VALUE_AttributeTitle}</arg>
<arg>${VALUE_ExitFullscreen}</arg>
<doc>Verifies element identified by ``locator`` contains expected attribute value.</doc>
<status status="PASS" start="2024-05-07T18:07:15.794818" elapsed="0.092212"/>
</kw>
<kw name="Take Screenshot" owner="Keywords">
<kw name="Capture Page Screenshot" owner="SeleniumLibrary">
<msg time="2024-05-07T18:07:16.907427" level="INFO" html="true">&lt;/td&gt;&lt;/tr&gt;&lt;tr&gt;&lt;td colspan="3"&gt;&lt;a href="Screenshots/TC_001_001_014-007-FullScreen.png"&gt;&lt;img src="Screenshots/TC_001_001_014-007-FullScreen.png" width="800px"&gt;&lt;/a&gt;</msg>
<arg>Screenshots/${NAME}.png</arg>
<doc>Takes a screenshot of the current page and embeds it into a log file.</doc>
<status status="PASS" start="2024-05-07T18:07:15.891622" elapsed="1.015805"/>
</kw>
<arg>TC_001_001_014-007-FullScreen</arg>
<doc>take screenshot of the page and save it in the Screenshots folder</doc>
<status status="PASS" start="2024-05-07T18:07:15.889044" elapsed="1.018383"/>
</kw>
<kw name="Button interaction" owner="Keywords">
<kw name="Wait Until Element Is Visible" owner="SeleniumLibrary">
<arg>${BUTTON}</arg>
<arg>15 seconds</arg>
<doc>Waits until the element ``locator`` is visible.</doc>
<status status="PASS" start="2024-05-07T18:07:16.908466" elapsed="0.025691"/>
</kw>
<kw name="Set Selenium Speed" owner="SeleniumLibrary">
<arg>0.2</arg>
<doc>Sets the delay that is waited after each Selenium command.</doc>
<status status="PASS" start="2024-05-07T18:07:16.935186" elapsed="0.000000"/>
</kw>
<kw name="Click Element" owner="SeleniumLibrary">
<msg time="2024-05-07T18:07:16.936159" level="INFO">Clicking element '//*[@id="movie_player"]/div[27]/div[2]/div[2]/button[6]'.</msg>
<arg>${BUTTON}</arg>
<doc>Click the element identified by ``locator``.</doc>
<status status="PASS" start="2024-05-07T18:07:16.935186" elapsed="0.874007"/>
</kw>
<kw name="Set Selenium Speed" owner="SeleniumLibrary">
<arg>0</arg>
<doc>Sets the delay that is waited after each Selenium command.</doc>
<status status="PASS" start="2024-05-07T18:07:17.809193" elapsed="0.000000"/>
</kw>
<arg>${BUTTON_Video_FullScreen}</arg>
<status status="PASS" start="2024-05-07T18:07:16.907427" elapsed="0.902467"/>
</kw>
<kw name="Element Attribute Value Should Be" owner="SeleniumLibrary">
<msg time="2024-05-07T18:07:17.835664" level="INFO">Element '//*[@id="movie_player"]/div[27]/div[2]/div[2]/button[6]' attribute 'title' contains value 'Full screen (f)'.</msg>
<arg>${BUTTON_Video_FullScreen}</arg>
<arg>${VALUE_AttributeTitle}</arg>
<arg>${VALUE_FullScreen}</arg>
<doc>Verifies element identified by ``locator`` contains expected attribute value.</doc>
<status status="PASS" start="2024-05-07T18:07:17.809993" elapsed="0.025671"/>
</kw>
<kw name="Take Screenshot" owner="Keywords">
<kw name="Capture Page Screenshot" owner="SeleniumLibrary">
<msg time="2024-05-07T18:07:18.181875" level="INFO" html="true">&lt;/td&gt;&lt;/tr&gt;&lt;tr&gt;&lt;td colspan="3"&gt;&lt;a href="Screenshots/TC_001_001_014-007-ExitFullScreen.png"&gt;&lt;img src="Screenshots/TC_001_001_014-007-ExitFullScreen.png" width="800px"&gt;&lt;/a&gt;</msg>
<arg>Screenshots/${NAME}.png</arg>
<doc>Takes a screenshot of the current page and embeds it into a log file.</doc>
<status status="PASS" start="2024-05-07T18:07:17.836663" elapsed="0.345212"/>
</kw>
<arg>TC_001_001_014-007-ExitFullScreen</arg>
<doc>take screenshot of the page and save it in the Screenshots folder</doc>
<status status="PASS" start="2024-05-07T18:07:17.836663" elapsed="0.345212"/>
</kw>
<status status="PASS" start="2024-05-07T18:07:14.424960" elapsed="3.756915"/>
</test>
<test id="s1-s1-s1-t9" name="TC_001_001_014-008 - Kontrola tlačítka `Quality` a zmena kvality na 144p" line="92">
<kw name="Set Selenium Speed" owner="SeleniumLibrary">
<arg>0.5</arg>
<doc>Sets the delay that is waited after each Selenium command.</doc>
<status status="PASS" start="2024-05-07T18:07:18.184877" elapsed="0.000000"/>
</kw>
<kw name="Mouse Over" owner="SeleniumLibrary">
<msg time="2024-05-07T18:07:18.185914" level="INFO">Simulating Mouse Over on element '//*[@id="movie_player"]/div[1]/video'.</msg>
<arg>${VIDEO_TvKrakovany}</arg>
<doc>Simulates hovering the mouse over the element ``locator``.</doc>
<status status="PASS" start="2024-05-07T18:07:18.184877" elapsed="1.356233"/>
</kw>
<kw name="Button interaction" owner="Keywords">
<kw name="Wait Until Element Is Visible" owner="SeleniumLibrary">
<arg>${BUTTON}</arg>
<arg>15 seconds</arg>
<doc>Waits until the element ``locator`` is visible.</doc>
<status status="PASS" start="2024-05-07T18:07:19.544193" elapsed="1.070282"/>
</kw>
<kw name="Set Selenium Speed" owner="SeleniumLibrary">
<arg>0.2</arg>
<doc>Sets the delay that is waited after each Selenium command.</doc>
<status status="PASS" start="2024-05-07T18:07:20.615072" elapsed="0.001024"/>
</kw>
<kw name="Click Element" owner="SeleniumLibrary">
<msg time="2024-05-07T18:07:20.617158" level="INFO">Clicking element '//*[@id="movie_player"]/div[27]/div[2]/div[1]/button'.</msg>
<arg>${BUTTON}</arg>
<doc>Click the element identified by ``locator``.</doc>
<status status="PASS" start="2024-05-07T18:07:20.616096" elapsed="0.701493"/>
</kw>
<kw name="Set Selenium Speed" owner="SeleniumLibrary">
<arg>0</arg>
<doc>Sets the delay that is waited after each Selenium command.</doc>
<status status="PASS" start="2024-05-07T18:07:21.317589" elapsed="0.001093"/>
</kw>
<arg>${BUTTON_Video_Play}</arg>
<status status="PASS" start="2024-05-07T18:07:19.543177" elapsed="1.775505"/>
</kw>
<kw name="Button interaction" owner="Keywords">
<kw name="Wait Until Element Is Visible" owner="SeleniumLibrary">
<arg>${BUTTON}</arg>
<arg>15 seconds</arg>
<doc>Waits until the element ``locator`` is visible.</doc>
<status status="PASS" start="2024-05-07T18:07:21.321231" elapsed="0.057909"/>
</kw>
<kw name="Set Selenium Speed" owner="SeleniumLibrary">
<arg>0.2</arg>
<doc>Sets the delay that is waited after each Selenium command.</doc>
<status status="PASS" start="2024-05-07T18:07:21.379140" elapsed="0.001047"/>
</kw>
<kw name="Click Element" owner="SeleniumLibrary">
<msg time="2024-05-07T18:07:21.380187" level="INFO">Clicking element '//*[@id="movie_player"]/div[27]/div[2]/div[2]/button[2]'.</msg>
<arg>${BUTTON}</arg>
<doc>Click the element identified by ``locator``.</doc>
<status status="PASS" start="2024-05-07T18:07:21.380187" elapsed="0.626573"/>
</kw>
<kw name="Set Selenium Speed" owner="SeleniumLibrary">
<arg>0</arg>
<doc>Sets the delay that is waited after each Selenium command.</doc>
<status status="PASS" start="2024-05-07T18:07:22.007275" elapsed="0.001030"/>
</kw>
<arg>${DIV_MoviePlayer}</arg>
<status status="PASS" start="2024-05-07T18:07:21.320260" elapsed="0.688045"/>
</kw>
<kw name="Button interaction" owner="Keywords">
<kw name="Wait Until Element Is Visible" owner="SeleniumLibrary">
<arg>${BUTTON}</arg>
<arg>15 seconds</arg>
<doc>Waits until the element ``locator`` is visible.</doc>
<status status="PASS" start="2024-05-07T18:07:22.010841" elapsed="0.065152"/>
</kw>
<kw name="Set Selenium Speed" owner="SeleniumLibrary">
<arg>0.2</arg>
<doc>Sets the delay that is waited after each Selenium command.</doc>
<status status="PASS" start="2024-05-07T18:07:22.077044" elapsed="0.001009"/>
</kw>
<kw name="Click Element" owner="SeleniumLibrary">
<msg time="2024-05-07T18:07:22.078053" level="INFO">Clicking element '//*[@id="ytp-id-17"]/div/div/div[2]'.</msg>
<arg>${BUTTON}</arg>
<doc>Click the element identified by ``locator``.</doc>
<status status="PASS" start="2024-05-07T18:07:22.078053" elapsed="0.698515"/>
</kw>
<kw name="Set Selenium Speed" owner="SeleniumLibrary">
<arg>0</arg>
<doc>Sets the delay that is waited after each Selenium command.</doc>
<status status="PASS" start="2024-05-07T18:07:22.777714" elapsed="0.001093"/>
</kw>
<arg>${DIV_Video_Quality}</arg>
<status status="PASS" start="2024-05-07T18:07:22.009910" elapsed="0.768897"/>
</kw>
<kw name="Button interaction" owner="Keywords">
<kw name="Wait Until Element Is Visible" owner="SeleniumLibrary">
<arg>${BUTTON}</arg>
<arg>15 seconds</arg>
<doc>Waits until the element ``locator`` is visible.</doc>
<status status="PASS" start="2024-05-07T18:07:22.784729" elapsed="0.047425"/>
</kw>
<kw name="Set Selenium Speed" owner="SeleniumLibrary">
<arg>0.2</arg>
<doc>Sets the delay that is waited after each Selenium command.</doc>
<status status="PASS" start="2024-05-07T18:07:22.833166" elapsed="0.000000"/>
</kw>
<kw name="Click Element" owner="SeleniumLibrary">
<msg time="2024-05-07T18:07:22.834242" level="INFO">Clicking element '//*[@id="ytp-id-17"]/div/div[2]/div[2]'.</msg>
<arg>${BUTTON}</arg>
<doc>Click the element identified by ``locator``.</doc>
<status status="PASS" start="2024-05-07T18:07:22.833166" elapsed="0.701803"/>
</kw>
<kw name="Set Selenium Speed" owner="SeleniumLibrary">
<arg>0</arg>
<doc>Sets the delay that is waited after each Selenium command.</doc>
<status status="PASS" start="2024-05-07T18:07:23.534969" elapsed="0.000000"/>
</kw>
<arg>${DIV_Video_Quality_144}</arg>
<status status="PASS" start="2024-05-07T18:07:22.781837" elapsed="0.753132"/>
</kw>
<kw name="Button interaction" owner="Keywords">
<kw name="Wait Until Element Is Visible" owner="SeleniumLibrary">
<arg>${BUTTON}</arg>
<arg>15 seconds</arg>
<doc>Waits until the element ``locator`` is visible.</doc>
<status status="PASS" start="2024-05-07T18:07:23.535977" elapsed="0.017948"/>
</kw>
<kw name="Set Selenium Speed" owner="SeleniumLibrary">
<arg>0.2</arg>
<doc>Sets the delay that is waited after each Selenium command.</doc>
<status status="PASS" start="2024-05-07T18:07:23.553925" elapsed="0.001011"/>
</kw>
<kw name="Click Element" owner="SeleniumLibrary">
<msg time="2024-05-07T18:07:23.554936" level="INFO">Clicking element '//*[@id="movie_player"]/div[27]/div[2]/div[2]/button[2]'.</msg>
<arg>${BUTTON}</arg>
<doc>Click the element identified by ``locator``.</doc>
<status status="PASS" start="2024-05-07T18:07:23.554936" elapsed="0.579790"/>
</kw>
<kw name="Set Selenium Speed" owner="SeleniumLibrary">
<arg>0</arg>
<doc>Sets the delay that is waited after each Selenium command.</doc>
<status status="PASS" start="2024-05-07T18:07:24.134726" elapsed="0.001064"/>
</kw>
<arg>${DIV_MoviePlayer}</arg>
<status status="PASS" start="2024-05-07T18:07:23.535977" elapsed="0.599813"/>
</kw>
<kw name="Wait Until Element Is Visible" owner="SeleniumLibrary">
<arg>${SPAN_Quality}</arg>
<arg>30s</arg>
<doc>Waits until the element ``locator`` is visible.</doc>
<status status="PASS" start="2024-05-07T18:07:24.136746" elapsed="0.058135"/>
</kw>
<kw name="Get Text" owner="SeleniumLibrary">
<msg time="2024-05-07T18:07:24.241283" level="INFO">${text} = 144p</msg>
<var>${text}</var>
<arg>${SPAN_Quality}</arg>
<doc>Returns the text value of the element identified by ``locator``.</doc>
<status status="PASS" start="2024-05-07T18:07:24.195834" elapsed="0.045449"/>
</kw>
<kw name="Set Selenium Speed" owner="SeleniumLibrary">
<arg>0</arg>
<doc>Sets the delay that is waited after each Selenium command.</doc>
<status status="PASS" start="2024-05-07T18:07:24.242281" elapsed="0.000989"/>
</kw>
<kw name="Log" owner="BuiltIn">
<msg time="2024-05-07T18:07:24.244322" level="INFO">144p</msg>
<arg>${text}</arg>
<doc>Logs the given message with the given level.</doc>
<status status="PASS" start="2024-05-07T18:07:24.244322" elapsed="0.000000"/>
</kw>
<kw name="Should Be Equal" owner="BuiltIn">
<arg>${text}</arg>
<arg>${VALUE_144p}</arg>
<doc>Fails if the given objects are unequal.</doc>
<status status="PASS" start="2024-05-07T18:07:24.246268" elapsed="0.001002"/>
</kw>
<kw name="Take Screenshot" owner="Keywords">
<kw name="Capture Page Screenshot" owner="SeleniumLibrary">
<msg time="2024-05-07T18:07:24.635839" level="INFO" html="true">&lt;/td&gt;&lt;/tr&gt;&lt;tr&gt;&lt;td colspan="3"&gt;&lt;a href="Screenshots/TC_001_001_014-008.png"&gt;&lt;img src="Screenshots/TC_001_001_014-008.png" width="800px"&gt;&lt;/a&gt;</msg>
<arg>Screenshots/${NAME}.png</arg>
<doc>Takes a screenshot of the current page and embeds it into a log file.</doc>
<status status="PASS" start="2024-05-07T18:07:24.249880" elapsed="0.385959"/>
</kw>
<arg>TC_001_001_014-008</arg>
<doc>take screenshot of the page and save it in the Screenshots folder</doc>
<status status="PASS" start="2024-05-07T18:07:24.248267" elapsed="0.387572"/>
</kw>
<status status="PASS" start="2024-05-07T18:07:18.183876" elapsed="6.451963"/>
</test>
<test id="s1-s1-s1-t10" name="Post-conditions" line="108">
<kw name="Close" owner="Keywords">
<kw name="Sleep" owner="BuiltIn">
<msg time="2024-05-07T18:07:24.839094" level="INFO">Slept 200 milliseconds.</msg>
<arg>200ms</arg>
<doc>Pauses the test executed for the given time.</doc>
<status status="PASS" start="2024-05-07T18:07:24.638837" elapsed="0.200257"/>
</kw>
<kw name="Close Browser" owner="SeleniumLibrary">
<doc>Closes the current browser.</doc>
<status status="PASS" start="2024-05-07T18:07:24.840174" elapsed="2.298568"/>
</kw>
<status status="PASS" start="2024-05-07T18:07:24.637839" elapsed="2.500903"/>
</kw>
<status status="PASS" start="2024-05-07T18:07:24.637839" elapsed="2.503087"/>
</test>
<status status="PASS" start="2024-05-07T18:06:45.851869" elapsed="41.293075"/>
</suite>
<status status="PASS" start="2024-05-07T18:06:45.848320" elapsed="41.303809"/>
</suite>
<suite id="s1-s2" name="TS 001 001 001" source="C:\Users\bucka\Documents\GitHub\Simon\SWI\4. semester\Testování software\Projekt\_projekt\Automatizovane\TS_001\TS_001_001_001">
<suite id="s1-s2-s1" name="TS 001 001 001" source="C:\Users\bucka\Documents\GitHub\Simon\SWI\4. semester\Testování software\Projekt\_projekt\Automatizovane\TS_001\TS_001_001_001\TS_001_001_001.robot">
<test id="s1-s2-s1-t1" name="Pre-conditions" line="17">
<kw name="Open EN Incognito Chrome Webdriver" owner="Keywords">
<kw name="Evaluate" owner="BuiltIn">
<msg time="2024-05-07T18:07:27.233326" level="INFO">${chrome_options} = &lt;selenium.webdriver.chrome.options.Options object at 0x0000020A038E4C10&gt;</msg>
<var>${chrome_options}</var>
<arg>sys.modules['selenium.webdriver'].ChromeOptions()</arg>
<arg>sys, selenium.webdriver</arg>
<doc>Evaluates the given expression in Python and returns the result.</doc>
<status status="PASS" start="2024-05-07T18:07:27.231332" elapsed="0.001994"/>
</kw>
<kw name="Create Dictionary" owner="BuiltIn">
<msg time="2024-05-07T18:07:27.234847" level="INFO">${prefs} = {'intl.accept_languages': 'en'}</msg>
<var>${prefs}</var>
<arg>intl.accept_languages</arg>
<arg>en</arg>
<doc>Creates and returns a dictionary based on the given ``items``.</doc>
<status status="PASS" start="2024-05-07T18:07:27.233326" elapsed="0.002548"/>
</kw>
<kw name="Call Method" owner="BuiltIn">
<arg>${chrome_options}</arg>
<arg>add_experimental_option</arg>
<arg>prefs</arg>
<arg>${prefs}</arg>
<doc>Calls the named method of the given object with the provided arguments.</doc>
<status status="PASS" start="2024-05-07T18:07:27.236870" elapsed="0.001006"/>
</kw>
<kw name="Call Method" owner="BuiltIn">
<arg>${chrome_options}</arg>
<arg>add_argument</arg>
<arg>--incognito</arg>
<doc>Calls the named method of the given object with the provided arguments.</doc>
<status status="PASS" start="2024-05-07T18:07:27.238873" elapsed="0.001520"/>
</kw>
<kw name="Create Webdriver" owner="SeleniumLibrary">
<msg time="2024-05-07T18:07:27.242435" level="INFO">Creating an instance of the Chrome WebDriver.</msg>
<arg>Chrome</arg>
<arg>options=${chrome_options}</arg>
<doc>Creates an instance of Selenium WebDriver.</doc>
<status status="PASS" start="2024-05-07T18:07:27.241419" elapsed="1.793141"/>
</kw>
<kw name="Go To" owner="SeleniumLibrary">
<msg time="2024-05-07T18:07:29.035560" level="INFO">Opening url 'https://www.krakovany.sk'</msg>
<arg>${URL}</arg>
<doc>Navigates the current browser window to the provided ``url``.</doc>
<status status="PASS" start="2024-05-07T18:07:29.035560" elapsed="9.509727"/>
</kw>
<kw name="Maximize Browser Window" owner="SeleniumLibrary">
<doc>Maximizes current browser window.</doc>
<status status="PASS" start="2024-05-07T18:07:38.545287" elapsed="0.059075"/>
</kw>
<arg>${URL_MainPage}</arg>
<doc>Open Chrome browser in incognito mode with English language</doc>
<status status="PASS" start="2024-05-07T18:07:27.228793" elapsed="11.375569"/>
</kw>
<status status="PASS" start="2024-05-07T18:07:27.226797" elapsed="11.378563"/>
</test>
<test id="s1-s2-s1-t2" name="TC_001_001_001-001 - Kontrola interakcie tláčítka Základné údaje a kontakty" line="21">
<kw name="Button interaction main menu" owner="Keywords">
<kw name="Wait Until Element Is Visible" owner="SeleniumLibrary">
<arg>${BUTTON_MAIN}</arg>
<arg>10 seconds</arg>
<doc>Waits until the element ``locator`` is visible.</doc>
<status status="PASS" start="2024-05-07T18:07:38.610888" elapsed="0.055071"/>
</kw>
<kw name="Mouse Over" owner="SeleniumLibrary">
<msg time="2024-05-07T18:07:38.666959" level="INFO">Simulating Mouse Over on element '//*[@id="menu-hlavne-1"]/li[2]/a'.</msg>
<arg>${BUTTON_MAIN}</arg>
<doc>Simulates hovering the mouse over the element ``locator``.</doc>
<status status="PASS" start="2024-05-07T18:07:38.665959" elapsed="0.292860"/>
</kw>
<kw name="Wait Until Element Is Visible" owner="SeleniumLibrary">
<arg>${BUTTON_SUB}</arg>
<arg>10 seconds</arg>
<doc>Waits until the element ``locator`` is visible.</doc>
<status status="PASS" start="2024-05-07T18:07:38.958819" elapsed="0.125282"/>
</kw>
<kw name="Scroll Element Into View" owner="SeleniumLibrary">
<arg>${BUTTON_SUB}</arg>
<doc>Scrolls the element identified by ``locator`` into view.</doc>
<status status="PASS" start="2024-05-07T18:07:39.085098" elapsed="0.308830"/>
</kw>
<kw name="Click Element" owner="SeleniumLibrary">
<msg time="2024-05-07T18:07:39.394925" level="INFO">Clicking element '//*[@id="menu-hlavne-1"]/li[2]/ul/li[1]/a'.</msg>
<arg>${BUTTON_SUB}</arg>
<doc>Click the element identified by ``locator``.</doc>
<status status="PASS" start="2024-05-07T18:07:39.393928" elapsed="3.685781"/>
</kw>
<kw name="Location Should Be" owner="SeleniumLibrary">
<msg time="2024-05-07T18:07:43.086721" level="INFO">Current location is 'https://www.krakovany.sk/?p=979'.</msg>
<arg>${URL_TO_CHECK}</arg>
<doc>Verifies that the current URL is exactly ``url``.</doc>
<status status="PASS" start="2024-05-07T18:07:43.079709" elapsed="0.007012"/>
</kw>
<kw name="Page Should Contain Element" owner="SeleniumLibrary">
<msg time="2024-05-07T18:07:43.106934" level="INFO">Current page contains element '//*[@id="page-header"]/div[1]/h1/font'.</msg>
<arg>${HEADER_LOCATOR}</arg>
<doc>Verifies that element ``locator`` is found on the current page.</doc>
<status status="PASS" start="2024-05-07T18:07:43.086721" elapsed="0.020213"/>
</kw>
<kw name="Element Should Contain" owner="SeleniumLibrary">
<msg time="2024-05-07T18:07:43.138074" level="INFO">Element '//*[@id="page-header"]/div[1]/h1/font' contains text 'Základné údaje a kontakty'.</msg>
<arg>${HEADER_LOCATOR}</arg>
<arg>${HEADER_TEXT}</arg>
<doc>Verifies that element ``locator`` contains text ``expected``.</doc>
<status status="PASS" start="2024-05-07T18:07:43.107935" elapsed="0.030139"/>
</kw>
<kw name="Page Should Contain Element" owner="SeleniumLibrary">
<msg time="2024-05-07T18:07:43.156058" level="INFO">Current page contains element '//*[@id="page-header"]/div[2]/ul/li[3]'.</msg>
<arg>${LIST_LOCATOR}</arg>
<doc>Verifies that element ``locator`` is found on the current page.</doc>
<status status="PASS" start="2024-05-07T18:07:43.138074" elapsed="0.017984"/>
</kw>
<kw name="Element Should Contain" owner="SeleniumLibrary">
<msg time="2024-05-07T18:07:43.182074" level="INFO">Element '//*[@id="page-header"]/div[2]/ul/li[3]' contains text 'Základné údaje a kontakty'.</msg>
<arg>${LIST_LOCATOR}</arg>
<arg>${LIST_TEXT}</arg>
<doc>Verifies that element ``locator`` contains text ``expected``.</doc>
<status status="PASS" start="2024-05-07T18:07:43.156058" elapsed="0.026016"/>
</kw>
<arg>${BUTTON_Obec}</arg>
<arg>${BUTTON_Obec_ZakladneUdajeAkontakty}</arg>
<arg>${URL_Obec_ZakladneUdajeAKontakty}</arg>
<arg>${FONT_Obec_Heading}</arg>
<arg>${VALUE_ZakladneUdajeaKontakty}</arg>
<arg>${LIST_ThirdElement}</arg>
<arg>${VALUE_ZakladneUdajeaKontakty}</arg>
<status status="PASS" start="2024-05-07T18:07:38.608358" elapsed="4.573716"/>
</kw>
<kw name="Take Screenshot" owner="Keywords">
<kw name="Capture Page Screenshot" owner="SeleniumLibrary">
<msg time="2024-05-07T18:07:43.758245" level="INFO" html="true">&lt;/td&gt;&lt;/tr&gt;&lt;tr&gt;&lt;td colspan="3"&gt;&lt;a href="Screenshots/TC_001_001_001-001.png"&gt;&lt;img src="Screenshots/TC_001_001_001-001.png" width="800px"&gt;&lt;/a&gt;</msg>
<arg>Screenshots/${NAME}.png</arg>
<doc>Takes a screenshot of the current page and embeds it into a log file.</doc>
<status status="PASS" start="2024-05-07T18:07:43.182866" elapsed="0.575915"/>
</kw>
<arg>TC_001_001_001-001</arg>
<doc>take screenshot of the page and save it in the Screenshots folder</doc>
<status status="PASS" start="2024-05-07T18:07:43.182866" elapsed="0.575915"/>
</kw>
<status status="PASS" start="2024-05-07T18:07:38.607366" elapsed="5.151940"/>
</test>
<test id="s1-s2-s1-t3" name="TC_001_001_001-002 - Kontrola interakcie tláčítka Geografická poloha" line="26">
<kw name="Button interaction main menu" owner="Keywords">
<kw name="Wait Until Element Is Visible" owner="SeleniumLibrary">
<arg>${BUTTON_MAIN}</arg>
<arg>10 seconds</arg>
<doc>Waits until the element ``locator`` is visible.</doc>
<status status="PASS" start="2024-05-07T18:07:43.762715" elapsed="0.050135"/>
</kw>
<kw name="Mouse Over" owner="SeleniumLibrary">
<msg time="2024-05-07T18:07:43.813850" level="INFO">Simulating Mouse Over on element '//*[@id="menu-hlavne-1"]/li[2]/a'.</msg>
<arg>${BUTTON_MAIN}</arg>
<doc>Simulates hovering the mouse over the element ``locator``.</doc>
<status status="PASS" start="2024-05-07T18:07:43.812850" elapsed="0.332445"/>
</kw>
<kw name="Wait Until Element Is Visible" owner="SeleniumLibrary">
<arg>${BUTTON_SUB}</arg>
<arg>10 seconds</arg>
<doc>Waits until the element ``locator`` is visible.</doc>
<status status="PASS" start="2024-05-07T18:07:44.146298" elapsed="0.053929"/>
</kw>
<kw name="Scroll Element Into View" owner="SeleniumLibrary">
<arg>${BUTTON_SUB}</arg>
<doc>Scrolls the element identified by ``locator`` into view.</doc>
<status status="PASS" start="2024-05-07T18:07:44.201234" elapsed="0.297425"/>
</kw>
<kw name="Click Element" owner="SeleniumLibrary">
<msg time="2024-05-07T18:07:44.499663" level="INFO">Clicking element '//*[@id="menu-hlavne-1"]/li[2]/ul/li[2]/a'.</msg>
<arg>${BUTTON_SUB}</arg>
<doc>Click the element identified by ``locator``.</doc>
<status status="PASS" start="2024-05-07T18:07:44.499663" elapsed="8.620172"/>
</kw>
<kw name="Location Should Be" owner="SeleniumLibrary">
<msg time="2024-05-07T18:07:53.130006" level="INFO">Current location is 'https://www.krakovany.sk/?p=48'.</msg>
<arg>${URL_TO_CHECK}</arg>
<doc>Verifies that the current URL is exactly ``url``.</doc>
<status status="PASS" start="2024-05-07T18:07:53.120347" elapsed="0.010557"/>
</kw>
<kw name="Page Should Contain Element" owner="SeleniumLibrary">
<msg time="2024-05-07T18:07:53.144873" level="INFO">Current page contains element '//*[@id="page-header"]/div[1]/h1/font'.</msg>
<arg>${HEADER_LOCATOR}</arg>
<doc>Verifies that element ``locator`` is found on the current page.</doc>
<status status="PASS" start="2024-05-07T18:07:53.130904" elapsed="0.014627"/>
</kw>
<kw name="Element Should Contain" owner="SeleniumLibrary">
<msg time="2024-05-07T18:07:53.168333" level="INFO">Element '//*[@id="page-header"]/div[1]/h1/font' contains text 'Geografická poloha'.</msg>
<arg>${HEADER_LOCATOR}</arg>
<arg>${HEADER_TEXT}</arg>
<doc>Verifies that element ``locator`` contains text ``expected``.</doc>
<status status="PASS" start="2024-05-07T18:07:53.145531" elapsed="0.023335"/>
</kw>
<kw name="Page Should Contain Element" owner="SeleniumLibrary">
<msg time="2024-05-07T18:07:53.180370" level="INFO">Current page contains element '//*[@id="page-header"]/div[2]/ul/li[3]'.</msg>
<arg>${LIST_LOCATOR}</arg>
<doc>Verifies that element ``locator`` is found on the current page.</doc>
<status status="PASS" start="2024-05-07T18:07:53.168866" elapsed="0.011504"/>
</kw>
<kw name="Element Should Contain" owner="SeleniumLibrary">
<msg time="2024-05-07T18:07:53.205607" level="INFO">Element '//*[@id="page-header"]/div[2]/ul/li[3]' contains text 'Geografická poloha'.</msg>
<arg>${LIST_LOCATOR}</arg>
<arg>${LIST_TEXT}</arg>
<doc>Verifies that element ``locator`` contains text ``expected``.</doc>
<status status="PASS" start="2024-05-07T18:07:53.180370" elapsed="0.025237"/>
</kw>
<arg>${BUTTON_Obec}</arg>
<arg>${BUTTON_Obec_GeografickaPoloha}</arg>
<arg>${URL_Obec_GeografickaPoloha}</arg>
<arg>${FONT_Obec_Heading}</arg>
<arg>${VALUE_GeografickaPoloha}</arg>
<arg>${LIST_ThirdElement}</arg>
<arg>${VALUE_GeografickaPoloha}</arg>
<status status="PASS" start="2024-05-07T18:07:43.762125" elapsed="9.444016"/>
</kw>
<kw name="Take Screenshot" owner="Keywords">
<kw name="Capture Page Screenshot" owner="SeleniumLibrary">
<msg time="2024-05-07T18:07:53.924569" level="INFO" html="true">&lt;/td&gt;&lt;/tr&gt;&lt;tr&gt;&lt;td colspan="3"&gt;&lt;a href="Screenshots/TC_001_001_001-002.png"&gt;&lt;img src="Screenshots/TC_001_001_001-002.png" width="800px"&gt;&lt;/a&gt;</msg>
<arg>Screenshots/${NAME}.png</arg>
<doc>Takes a screenshot of the current page and embeds it into a log file.</doc>
<status status="PASS" start="2024-05-07T18:07:53.206821" elapsed="0.717748"/>
</kw>
<arg>TC_001_001_001-002</arg>
<doc>take screenshot of the page and save it in the Screenshots folder</doc>
<status status="PASS" start="2024-05-07T18:07:53.206821" elapsed="0.719741"/>
</kw>
<status status="PASS" start="2024-05-07T18:07:43.761078" elapsed="10.167479"/>
</test>
<test id="s1-s2-s1-t4" name="TC_001_001_001-003 - Kontrola interakcie tláčítka História obce Krakovany" line="31">
<kw name="Button interaction main menu" owner="Keywords">
<kw name="Wait Until Element Is Visible" owner="SeleniumLibrary">
<arg>${BUTTON_MAIN}</arg>
<arg>10 seconds</arg>
<doc>Waits until the element ``locator`` is visible.</doc>
<status status="PASS" start="2024-05-07T18:07:53.938194" elapsed="0.096026"/>
</kw>
<kw name="Mouse Over" owner="SeleniumLibrary">
<msg time="2024-05-07T18:07:54.035227" level="INFO">Simulating Mouse Over on element '//*[@id="menu-hlavne-1"]/li[2]/a'.</msg>
<arg>${BUTTON_MAIN}</arg>
<doc>Simulates hovering the mouse over the element ``locator``.</doc>
<status status="PASS" start="2024-05-07T18:07:54.034220" elapsed="0.301203"/>
</kw>
<kw name="Wait Until Element Is Visible" owner="SeleniumLibrary">
<arg>${BUTTON_SUB}</arg>
<arg>10 seconds</arg>
<doc>Waits until the element ``locator`` is visible.</doc>
<status status="PASS" start="2024-05-07T18:07:54.335423" elapsed="0.032559"/>
</kw>
<kw name="Scroll Element Into View" owner="SeleniumLibrary">
<arg>${BUTTON_SUB}</arg>
<doc>Scrolls the element identified by ``locator`` into view.</doc>
<status status="PASS" start="2024-05-07T18:07:54.367982" elapsed="0.290202"/>
</kw>
<kw name="Click Element" owner="SeleniumLibrary">
<msg time="2024-05-07T18:07:54.658184" level="INFO">Clicking element '//*[@id="menu-hlavne-1"]/li[2]/ul/li[3]/a'.</msg>
<arg>${BUTTON_SUB}</arg>
<doc>Click the element identified by ``locator``.</doc>
<status status="PASS" start="2024-05-07T18:07:54.658184" elapsed="4.537693"/>
</kw>
<kw name="Location Should Be" owner="SeleniumLibrary">
<msg time="2024-05-07T18:07:59.205409" level="INFO">Current location is 'https://www.krakovany.sk/?p=1'.</msg>
<arg>${URL_TO_CHECK}</arg>
<doc>Verifies that the current URL is exactly ``url``.</doc>
<status status="PASS" start="2024-05-07T18:07:59.196877" elapsed="0.009539"/>
</kw>
<kw name="Page Should Contain Element" owner="SeleniumLibrary">
<msg time="2024-05-07T18:07:59.221449" level="INFO">Current page contains element '//*[@id="page-header"]/div[1]/h1/font'.</msg>
<arg>${HEADER_LOCATOR}</arg>
<doc>Verifies that element ``locator`` is found on the current page.</doc>
<status status="PASS" start="2024-05-07T18:07:59.206416" elapsed="0.015033"/>
</kw>
<kw name="Element Should Contain" owner="SeleniumLibrary">
<msg time="2024-05-07T18:07:59.268121" level="INFO">Element '//*[@id="page-header"]/div[1]/h1/font' contains text 'História obce Krakovany'.</msg>
<arg>${HEADER_LOCATOR}</arg>
<arg>${HEADER_TEXT}</arg>
<doc>Verifies that element ``locator`` contains text ``expected``.</doc>
<status status="PASS" start="2024-05-07T18:07:59.221449" elapsed="0.046672"/>
</kw>
<kw name="Page Should Contain Element" owner="SeleniumLibrary">
<msg time="2024-05-07T18:07:59.293724" level="INFO">Current page contains element '//*[@id="page-header"]/div[2]/ul/li[3]'.</msg>
<arg>${LIST_LOCATOR}</arg>
<doc>Verifies that element ``locator`` is found on the current page.</doc>
<status status="PASS" start="2024-05-07T18:07:59.269630" elapsed="0.024094"/>
</kw>
<kw name="Element Should Contain" owner="SeleniumLibrary">
<msg time="2024-05-07T18:07:59.327634" level="INFO">Element '//*[@id="page-header"]/div[2]/ul/li[3]' contains text 'História obce Krakovany'.</msg>
<arg>${LIST_LOCATOR}</arg>
<arg>${LIST_TEXT}</arg>
<doc>Verifies that element ``locator`` contains text ``expected``.</doc>
<status status="PASS" start="2024-05-07T18:07:59.293724" elapsed="0.033910"/>
</kw>
<arg>${BUTTON_Obec}</arg>
<arg>${BUTTON_Obec_HistoriaObce}</arg>
<arg>${URL_Obec_HistoriaObce}</arg>
<arg>${FONT_Obec_Heading}</arg>
<arg>${VALUE_HistoriaObce}</arg>
<arg>${LIST_ThirdElement}</arg>
<arg>${VALUE_HistoriaObce}</arg>
<status status="PASS" start="2024-05-07T18:07:53.935198" elapsed="5.393436"/>
</kw>
<kw name="Take Screenshot" owner="Keywords">
<kw name="Capture Page Screenshot" owner="SeleniumLibrary">
<msg time="2024-05-07T18:08:00.043938" level="INFO" html="true">&lt;/td&gt;&lt;/tr&gt;&lt;tr&gt;&lt;td colspan="3"&gt;&lt;a href="Screenshots/TC_001_001_001-003.png"&gt;&lt;img src="Screenshots/TC_001_001_001-003.png" width="800px"&gt;&lt;/a&gt;</msg>
<arg>Screenshots/${NAME}.png</arg>
<doc>Takes a screenshot of the current page and embeds it into a log file.</doc>
<status status="PASS" start="2024-05-07T18:07:59.333173" elapsed="0.710765"/>
</kw>
<arg>TC_001_001_001-003</arg>
<doc>take screenshot of the page and save it in the Screenshots folder</doc>
<status status="PASS" start="2024-05-07T18:07:59.332161" elapsed="0.711777"/>
</kw>
<status status="PASS" start="2024-05-07T18:07:53.932150" elapsed="6.112787"/>
</test>
<test id="s1-s2-s1-t5" name="TC_001_001_001-004 - Kontrola interakcie tláčítka Monografia obce" line="36">
<kw name="Button interaction main menu" owner="Keywords">
<kw name="Wait Until Element Is Visible" owner="SeleniumLibrary">
<arg>${BUTTON_MAIN}</arg>
<arg>10 seconds</arg>
<doc>Waits until the element ``locator`` is visible.</doc>
<status status="PASS" start="2024-05-07T18:08:00.048121" elapsed="0.033329"/>
</kw>
<kw name="Mouse Over" owner="SeleniumLibrary">
<msg time="2024-05-07T18:08:00.081450" level="INFO">Simulating Mouse Over on element '//*[@id="menu-hlavne-1"]/li[2]/a'.</msg>
<arg>${BUTTON_MAIN}</arg>
<doc>Simulates hovering the mouse over the element ``locator``.</doc>
<status status="PASS" start="2024-05-07T18:08:00.081450" elapsed="0.303588"/>
</kw>
<kw name="Wait Until Element Is Visible" owner="SeleniumLibrary">
<arg>${BUTTON_SUB}</arg>
<arg>10 seconds</arg>
<doc>Waits until the element ``locator`` is visible.</doc>
<status status="PASS" start="2024-05-07T18:08:00.386036" elapsed="0.031577"/>
</kw>
<kw name="Scroll Element Into View" owner="SeleniumLibrary">
<arg>${BUTTON_SUB}</arg>
<doc>Scrolls the element identified by ``locator`` into view.</doc>
<status status="PASS" start="2024-05-07T18:08:00.417613" elapsed="0.280389"/>
</kw>
<kw name="Click Element" owner="SeleniumLibrary">
<msg time="2024-05-07T18:08:00.699512" level="INFO">Clicking element '//*[@id="menu-hlavne-1"]/li[2]/ul/li[4]/a'.</msg>
<arg>${BUTTON_SUB}</arg>
<doc>Click the element identified by ``locator``.</doc>
<status status="PASS" start="2024-05-07T18:08:00.698002" elapsed="3.976794"/>
</kw>
<kw name="Location Should Be" owner="SeleniumLibrary">
<msg time="2024-05-07T18:08:04.687544" level="INFO">Current location is 'https://www.krakovany.sk/?p=1454'.</msg>
<arg>${URL_TO_CHECK}</arg>
<doc>Verifies that the current URL is exactly ``url``.</doc>
<status status="PASS" start="2024-05-07T18:08:04.675791" elapsed="0.012749"/>
</kw>
<kw name="Page Should Contain Element" owner="SeleniumLibrary">
<msg time="2024-05-07T18:08:04.705628" level="INFO">Current page contains element '//*[@id="page-header"]/div[1]/h1/font'.</msg>
<arg>${HEADER_LOCATOR}</arg>
<doc>Verifies that element ``locator`` is found on the current page.</doc>
<status status="PASS" start="2024-05-07T18:08:04.688540" elapsed="0.018084"/>
</kw>
<kw name="Element Should Contain" owner="SeleniumLibrary">
<msg time="2024-05-07T18:08:04.735880" level="INFO">Element '//*[@id="page-header"]/div[1]/h1/font' contains text 'Monografia o obci Krakovany Pečať našich predkov'.</msg>
<arg>${HEADER_LOCATOR}</arg>
<arg>${HEADER_TEXT}</arg>
<doc>Verifies that element ``locator`` contains text ``expected``.</doc>
<status status="PASS" start="2024-05-07T18:08:04.706624" elapsed="0.030255"/>
</kw>
<kw name="Page Should Contain Element" owner="SeleniumLibrary">
<msg time="2024-05-07T18:08:04.749927" level="INFO">Current page contains element '//*[@id="page-header"]/div[2]/ul/li[3]'.</msg>
<arg>${LIST_LOCATOR}</arg>
<doc>Verifies that element ``locator`` is found on the current page.</doc>
<status status="PASS" start="2024-05-07T18:08:04.736879" elapsed="0.013048"/>
</kw>
<kw name="Element Should Contain" owner="SeleniumLibrary">
<msg time="2024-05-07T18:08:04.780434" level="INFO">Element '//*[@id="page-header"]/div[2]/ul/li[3]' contains text 'Monografia o obci Krakovany Pečať našich predkov'.</msg>
<arg>${LIST_LOCATOR}</arg>
<arg>${LIST_TEXT}</arg>
<doc>Verifies that element ``locator`` contains text ``expected``.</doc>
<status status="PASS" start="2024-05-07T18:08:04.750938" elapsed="0.029496"/>
</kw>
<arg>${BUTTON_Obec}</arg>
<arg>${BUTTON_Obec_MonografiaObce}</arg>
<arg>${URL_Obec_MonografiaObce}</arg>
<arg>${FONT_Obec_Heading}</arg>
<arg>${VALUE_MonografiaObce}</arg>
<arg>${LIST_ThirdElement}</arg>
<arg>${VALUE_MonografiaObce}</arg>
<status status="PASS" start="2024-05-07T18:08:00.047126" elapsed="4.733308"/>
</kw>
<kw name="Take Screenshot" owner="Keywords">
<kw name="Capture Page Screenshot" owner="SeleniumLibrary">
<msg time="2024-05-07T18:08:05.390497" level="INFO" html="true">&lt;/td&gt;&lt;/tr&gt;&lt;tr&gt;&lt;td colspan="3"&gt;&lt;a href="Screenshots/TC_001_001_001-004.png"&gt;&lt;img src="Screenshots/TC_001_001_001-004.png" width="800px"&gt;&lt;/a&gt;</msg>
<arg>Screenshots/${NAME}.png</arg>
<doc>Takes a screenshot of the current page and embeds it into a log file.</doc>
<status status="PASS" start="2024-05-07T18:08:04.782952" elapsed="0.607545"/>
</kw>
<arg>TC_001_001_001-004</arg>
<doc>take screenshot of the page and save it in the Screenshots folder</doc>
<status status="PASS" start="2024-05-07T18:08:04.781444" elapsed="0.609646"/>
</kw>
<status status="PASS" start="2024-05-07T18:08:00.046122" elapsed="5.345556"/>
</test>
<test id="s1-s2-s1-t6" name="TC_001_001_001-005 - Kontrola interakcie tláčítka Erb obce" line="41">
<kw name="Button interaction main menu" owner="Keywords">
<kw name="Wait Until Element Is Visible" owner="SeleniumLibrary">
<arg>${BUTTON_MAIN}</arg>
<arg>10 seconds</arg>
<doc>Waits until the element ``locator`` is visible.</doc>
<status status="PASS" start="2024-05-07T18:08:05.394338" elapsed="0.032298"/>
</kw>
<kw name="Mouse Over" owner="SeleniumLibrary">
<msg time="2024-05-07T18:08:05.428254" level="INFO">Simulating Mouse Over on element '//*[@id="menu-hlavne-1"]/li[2]/a'.</msg>
<arg>${BUTTON_MAIN}</arg>
<doc>Simulates hovering the mouse over the element ``locator``.</doc>
<status status="PASS" start="2024-05-07T18:08:05.427637" elapsed="0.313171"/>
</kw>
[...]
</while>
<kw name="Get Element Attribute" owner="SeleniumLibrary">
<msg time="2024-05-07T18:11:31.286686" level="INFO">${matrix} = position: absolute; z-index: 986; transform: matrix(1, 0, 0, 1, -2, -73);</msg>
<var>${matrix}</var>
<arg>${MATRIX}</arg>
<arg>style</arg>
<doc>Returns the value of ``attribute`` from the element ``locator``.</doc>
<status status="PASS" start="2024-05-07T18:11:31.233303" elapsed="0.053383"/>
</kw>
<kw name="Log" owner="BuiltIn">
<msg time="2024-05-07T18:11:31.287690" level="INFO">position: absolute; z-index: 986; transform: matrix(1, 0, 0, 1, -2, -73);</msg>
<arg>${matrix}</arg>
<doc>Logs the given message with the given level.</doc>
<status status="PASS" start="2024-05-07T18:11:31.287690" elapsed="0.001005"/>
</kw>
<kw name="Should Be Equal" owner="BuiltIn">
<arg>${matrix}</arg>
<arg>${VALUE}</arg>
<doc>Fails if the given objects are unequal.</doc>
<status status="PASS" start="2024-05-07T18:11:31.289289" elapsed="0.000000"/>
</kw>
<arg>${DIV_Map_frame}</arg>
<arg>${KEY_Up}</arg>
<arg>${DIV_Map_matrix}</arg>
<arg>${VALUE_Map_matrix_move_up}</arg>
<status status="PASS" start="2024-05-07T18:11:28.555665" elapsed="2.733624"/>
</kw>
<kw name="Take Screenshot" owner="Keywords">
<kw name="Capture Page Screenshot" owner="SeleniumLibrary">
<msg time="2024-05-07T18:11:31.607365" level="INFO" html="true">&lt;/td&gt;&lt;/tr&gt;&lt;tr&gt;&lt;td colspan="3"&gt;&lt;a href="Screenshots/TC_001_006-006.png"&gt;&lt;img src="Screenshots/TC_001_006-006.png" width="800px"&gt;&lt;/a&gt;</msg>
<arg>Screenshots/${NAME}.png</arg>
<doc>Takes a screenshot of the current page and embeds it into a log file.</doc>
<status status="PASS" start="2024-05-07T18:11:31.291254" elapsed="0.316111"/>
</kw>
<arg>TC_001_006-006</arg>
<doc>take screenshot of the page and save it in the Screenshots folder</doc>
<status status="PASS" start="2024-05-07T18:11:31.291254" elapsed="0.316111"/>
</kw>
<status status="PASS" start="2024-05-07T18:11:28.554664" elapsed="3.053699"/>
</test>
<test id="s1-s7-t8" name="TC_001_006-007 - Kontrola funkcie `Move down`" line="69">
<kw name="Move functionality" owner="Keywords">
<kw name="Convert To Integer" owner="BuiltIn">
<msg time="2024-05-07T18:11:31.611682" level="INFO">${count} = 0</msg>
<var>${count}</var>
<arg>0</arg>
<doc>Converts the given item to an integer number.</doc>
<status status="PASS" start="2024-05-07T18:11:31.611682" elapsed="0.000000"/>
</kw>
<while condition="${count} &lt;= 5">
<iter>
<kw name="Press Keys" owner="SeleniumLibrary">
<msg time="2024-05-07T18:11:31.612680" level="INFO">Sending key(s) ('ARROW_DOWN',) to //*[@id="mapDiv"]/div/div[3]/div[1]/div[2] element.</msg>
<msg time="2024-05-07T18:11:31.954431" level="INFO">Pressing special key ARROW_DOWN to element.</msg>
<msg time="2024-05-07T18:11:31.954431" level="INFO">Releasing special key ARROW_DOWN.</msg>
<arg>${DIV}</arg>
<arg>${KEY}</arg>
<doc>Simulates the user pressing key(s) to an element or on the active browser.</doc>
<status status="PASS" start="2024-05-07T18:11:31.611682" elapsed="0.378432"/>
</kw>
<kw name="Evaluate" owner="BuiltIn">
<msg time="2024-05-07T18:11:31.992114" level="INFO">${count} = 1</msg>
<var>${count}</var>
<arg>${count} + 1</arg>
<doc>Evaluates the given expression in Python and returns the result.</doc>
<status status="PASS" start="2024-05-07T18:11:31.990880" elapsed="0.001467"/>
</kw>
<status status="PASS" start="2024-05-07T18:11:31.611682" elapsed="0.380665"/>
</iter>
<iter>
<kw name="Press Keys" owner="SeleniumLibrary">
<msg time="2024-05-07T18:11:31.995108" level="INFO">Sending key(s) ('ARROW_DOWN',) to //*[@id="mapDiv"]/div/div[3]/div[1]/div[2] element.</msg>
<msg time="2024-05-07T18:11:32.376421" level="INFO">Pressing special key ARROW_DOWN to element.</msg>
<msg time="2024-05-07T18:11:32.377421" level="INFO">Releasing special key ARROW_DOWN.</msg>
<arg>${DIV}</arg>
<arg>${KEY}</arg>
<doc>Simulates the user pressing key(s) to an element or on the active browser.</doc>
<status status="PASS" start="2024-05-07T18:11:31.993066" elapsed="0.425252"/>
</kw>
<kw name="Evaluate" owner="BuiltIn">
<msg time="2024-05-07T18:11:32.421885" level="INFO">${count} = 2</msg>
<var>${count}</var>
<arg>${count} + 1</arg>
<doc>Evaluates the given expression in Python and returns the result.</doc>
<status status="PASS" start="2024-05-07T18:11:32.419832" elapsed="0.003037"/>
</kw>
<status status="PASS" start="2024-05-07T18:11:31.992347" elapsed="0.430522"/>
</iter>
<iter>
<kw name="Press Keys" owner="SeleniumLibrary">
<msg time="2024-05-07T18:11:32.428897" level="INFO">Sending key(s) ('ARROW_DOWN',) to //*[@id="mapDiv"]/div/div[3]/div[1]/div[2] element.</msg>
<msg time="2024-05-07T18:11:32.857032" level="INFO">Pressing special key ARROW_DOWN to element.</msg>
<msg time="2024-05-07T18:11:32.858031" level="INFO">Releasing special key ARROW_DOWN.</msg>
<arg>${DIV}</arg>
<arg>${KEY}</arg>
<doc>Simulates the user pressing key(s) to an element or on the active browser.</doc>
<status status="PASS" start="2024-05-07T18:11:32.424899" elapsed="0.469581"/>
</kw>
<kw name="Evaluate" owner="BuiltIn">
<msg time="2024-05-07T18:11:32.896492" level="INFO">${count} = 3</msg>
<var>${count}</var>
<arg>${count} + 1</arg>
<doc>Evaluates the given expression in Python and returns the result.</doc>
<status status="PASS" start="2024-05-07T18:11:32.895477" elapsed="0.001015"/>
</kw>
<status status="PASS" start="2024-05-07T18:11:32.422869" elapsed="0.473623"/>
</iter>
<iter>
<kw name="Press Keys" owner="SeleniumLibrary">
<msg time="2024-05-07T18:11:32.901077" level="INFO">Sending key(s) ('ARROW_DOWN',) to //*[@id="mapDiv"]/div/div[3]/div[1]/div[2] element.</msg>
<msg time="2024-05-07T18:11:33.329304" level="INFO">Pressing special key ARROW_DOWN to element.</msg>
<msg time="2024-05-07T18:11:33.329304" level="INFO">Releasing special key ARROW_DOWN.</msg>
<arg>${DIV}</arg>
<arg>${KEY}</arg>
<doc>Simulates the user pressing key(s) to an element or on the active browser.</doc>
<status status="PASS" start="2024-05-07T18:11:32.897504" elapsed="0.457839"/>
</kw>
<kw name="Evaluate" owner="BuiltIn">
<msg time="2024-05-07T18:11:33.356340" level="INFO">${count} = 4</msg>
<var>${count}</var>
<arg>${count} + 1</arg>
<doc>Evaluates the given expression in Python and returns the result.</doc>
<status status="PASS" start="2024-05-07T18:11:33.355343" elapsed="0.000997"/>
</kw>
<status status="PASS" start="2024-05-07T18:11:32.897504" elapsed="0.458836"/>
</iter>
<iter>
<kw name="Press Keys" owner="SeleniumLibrary">
<msg time="2024-05-07T18:11:33.358344" level="INFO">Sending key(s) ('ARROW_DOWN',) to //*[@id="mapDiv"]/div/div[3]/div[1]/div[2] element.</msg>
<msg time="2024-05-07T18:11:33.755291" level="INFO">Pressing special key ARROW_DOWN to element.</msg>
<msg time="2024-05-07T18:11:33.755291" level="INFO">Releasing special key ARROW_DOWN.</msg>
<arg>${DIV}</arg>
<arg>${KEY}</arg>
<doc>Simulates the user pressing key(s) to an element or on the active browser.</doc>
<status status="PASS" start="2024-05-07T18:11:33.357343" elapsed="0.431827"/>
</kw>
<kw name="Evaluate" owner="BuiltIn">
<msg time="2024-05-07T18:11:33.791211" level="INFO">${count} = 5</msg>
<var>${count}</var>
<arg>${count} + 1</arg>
<doc>Evaluates the given expression in Python and returns the result.</doc>
<status status="PASS" start="2024-05-07T18:11:33.790276" elapsed="0.000935"/>
</kw>
<status status="PASS" start="2024-05-07T18:11:33.356340" elapsed="0.434871"/>
</iter>
<iter>
<kw name="Press Keys" owner="SeleniumLibrary">
<msg time="2024-05-07T18:11:33.796248" level="INFO">Sending key(s) ('ARROW_DOWN',) to //*[@id="mapDiv"]/div/div[3]/div[1]/div[2] element.</msg>
<msg time="2024-05-07T18:11:34.285281" level="INFO">Pressing special key ARROW_DOWN to element.</msg>
<msg time="2024-05-07T18:11:34.286285" level="INFO">Releasing special key ARROW_DOWN.</msg>
<arg>${DIV}</arg>
<arg>${KEY}</arg>
<doc>Simulates the user pressing key(s) to an element or on the active browser.</doc>
<status status="PASS" start="2024-05-07T18:11:33.794244" elapsed="0.536415"/>
</kw>
<kw name="Evaluate" owner="BuiltIn">
<msg time="2024-05-07T18:11:34.335651" level="INFO">${count} = 6</msg>
<var>${count}</var>
<arg>${count} + 1</arg>
<doc>Evaluates the given expression in Python and returns the result.</doc>
<status status="PASS" start="2024-05-07T18:11:34.331651" elapsed="0.004996"/>
</kw>
<status status="PASS" start="2024-05-07T18:11:33.792214" elapsed="0.544433"/>
</iter>
<status status="PASS" start="2024-05-07T18:11:31.611682" elapsed="2.727510"/>
</while>
<kw name="Get Element Attribute" owner="SeleniumLibrary">
<msg time="2024-05-07T18:11:34.382974" level="INFO">${matrix} = position: absolute; z-index: 986; transform: matrix(1, 0, 0, 1, -2, -79);</msg>
<var>${matrix}</var>
<arg>${MATRIX}</arg>
<arg>style</arg>
<doc>Returns the value of ``attribute`` from the element ``locator``.</doc>
<status status="PASS" start="2024-05-07T18:11:34.340221" elapsed="0.043753"/>
</kw>
<kw name="Log" owner="BuiltIn">
<msg time="2024-05-07T18:11:34.384972" level="INFO">position: absolute; z-index: 986; transform: matrix(1, 0, 0, 1, -2, -79);</msg>
<arg>${matrix}</arg>
<doc>Logs the given message with the given level.</doc>
<status status="PASS" start="2024-05-07T18:11:34.383974" elapsed="0.000998"/>
</kw>
<kw name="Should Be Equal" owner="BuiltIn">
<arg>${matrix}</arg>
<arg>${VALUE}</arg>
<doc>Fails if the given objects are unequal.</doc>
<status status="PASS" start="2024-05-07T18:11:34.384972" elapsed="0.001001"/>
</kw>
<arg>${DIV_Map_frame}</arg>
<arg>${KEY_Down}</arg>
<arg>${DIV_Map_matrix}</arg>
<arg>${VALUE_Map_matrix_move_down}</arg>
<status status="PASS" start="2024-05-07T18:11:31.610679" elapsed="2.775294"/>
</kw>
<kw name="Take Screenshot" owner="Keywords">
<kw name="Capture Page Screenshot" owner="SeleniumLibrary">
<msg time="2024-05-07T18:11:34.692788" level="INFO" html="true">&lt;/td&gt;&lt;/tr&gt;&lt;tr&gt;&lt;td colspan="3"&gt;&lt;a href="Screenshots/TC_001_006-007.png"&gt;&lt;img src="Screenshots/TC_001_006-007.png" width="800px"&gt;&lt;/a&gt;</msg>
<arg>Screenshots/${NAME}.png</arg>
<doc>Takes a screenshot of the current page and embeds it into a log file.</doc>
<status status="PASS" start="2024-05-07T18:11:34.386978" elapsed="0.305810"/>
</kw>
<arg>TC_001_006-007</arg>
<doc>take screenshot of the page and save it in the Screenshots folder</doc>
<status status="PASS" start="2024-05-07T18:11:34.386978" elapsed="0.305810"/>
</kw>
<status status="PASS" start="2024-05-07T18:11:31.609664" elapsed="3.084135"/>
</test>
<test id="s1-s7-t9" name="TC_001_006-008 - Kontrola tlačítka `Show satellite imagery`" line="74">
<kw name="Button interaction" owner="Keywords">
<kw name="Wait Until Element Is Visible" owner="SeleniumLibrary">
<arg>${BUTTON}</arg>
<arg>15 seconds</arg>
<doc>Waits until the element ``locator`` is visible.</doc>
<status status="PASS" start="2024-05-07T18:11:34.696816" elapsed="0.032322"/>
</kw>
<kw name="Set Selenium Speed" owner="SeleniumLibrary">
<arg>0.2</arg>
<doc>Sets the delay that is waited after each Selenium command.</doc>
<status status="PASS" start="2024-05-07T18:11:34.729645" elapsed="0.000000"/>
</kw>
<kw name="Click Element" owner="SeleniumLibrary">
<msg time="2024-05-07T18:11:34.730653" level="INFO">Clicking element '//*[@id="mapDiv"]/div/div[3]/div[13]/div/div/button/div[1]'.</msg>
<arg>${BUTTON}</arg>
<doc>Click the element identified by ``locator``.</doc>
<status status="PASS" start="2024-05-07T18:11:34.730653" elapsed="0.751497"/>
</kw>
<kw name="Set Selenium Speed" owner="SeleniumLibrary">
<arg>0</arg>
<doc>Sets the delay that is waited after each Selenium command.</doc>
<status status="PASS" start="2024-05-07T18:11:35.482150" elapsed="0.001013"/>
</kw>
<arg>${BUTTON_Satellite}</arg>
<status status="PASS" start="2024-05-07T18:11:34.695781" elapsed="0.787382"/>
</kw>
<kw name="Take Screenshot" owner="Keywords">
<kw name="Capture Page Screenshot" owner="SeleniumLibrary">
<msg time="2024-05-07T18:11:35.978910" level="INFO" html="true">&lt;/td&gt;&lt;/tr&gt;&lt;tr&gt;&lt;td colspan="3"&gt;&lt;a href="Screenshots/TC_001_006-008.png"&gt;&lt;img src="Screenshots/TC_001_006-008.png" width="800px"&gt;&lt;/a&gt;</msg>
<arg>Screenshots/${NAME}.png</arg>
<doc>Takes a screenshot of the current page and embeds it into a log file.</doc>
<status status="PASS" start="2024-05-07T18:11:35.484164" elapsed="0.494746"/>
</kw>
<arg>TC_001_006-008</arg>
<doc>take screenshot of the page and save it in the Screenshots folder</doc>
<status status="PASS" start="2024-05-07T18:11:35.484164" elapsed="0.494746"/>
</kw>
<status status="PASS" start="2024-05-07T18:11:34.695781" elapsed="1.284564"/>
</test>
<test id="s1-s7-t10" name="TC_001_006-009 - Kontrola tlačítka `Show street map`" line="78">
<kw name="Button interaction" owner="Keywords">
<kw name="Wait Until Element Is Visible" owner="SeleniumLibrary">
<arg>${BUTTON}</arg>
<arg>15 seconds</arg>
<doc>Waits until the element ``locator`` is visible.</doc>
<status status="PASS" start="2024-05-07T18:11:35.983381" elapsed="0.025898"/>
</kw>
<kw name="Set Selenium Speed" owner="SeleniumLibrary">
<arg>0.2</arg>
<doc>Sets the delay that is waited after each Selenium command.</doc>
<status status="PASS" start="2024-05-07T18:11:36.010420" elapsed="0.000000"/>
</kw>
<kw name="Click Element" owner="SeleniumLibrary">
<msg time="2024-05-07T18:11:36.011421" level="INFO">Clicking element '//*[@id="mapDiv"]/div/div[3]/div[13]/div/div/button/div[1]'.</msg>
<arg>${BUTTON}</arg>
<doc>Click the element identified by ``locator``.</doc>
<status status="PASS" start="2024-05-07T18:11:36.010420" elapsed="0.520252"/>
</kw>
<kw name="Set Selenium Speed" owner="SeleniumLibrary">
<arg>0</arg>
<doc>Sets the delay that is waited after each Selenium command.</doc>
<status status="PASS" start="2024-05-07T18:11:36.532718" elapsed="0.000975"/>
</kw>
<arg>${BUTTON_Street}</arg>
<status status="PASS" start="2024-05-07T18:11:35.982347" elapsed="0.551346"/>
</kw>
<kw name="Take Screenshot" owner="Keywords">
<kw name="Capture Page Screenshot" owner="SeleniumLibrary">
<msg time="2024-05-07T18:11:37.004018" level="INFO" html="true">&lt;/td&gt;&lt;/tr&gt;&lt;tr&gt;&lt;td colspan="3"&gt;&lt;a href="Screenshots/TC_001_006-009.png"&gt;&lt;img src="Screenshots/TC_001_006-009.png" width="800px"&gt;&lt;/a&gt;</msg>
<arg>Screenshots/${NAME}.png</arg>
<doc>Takes a screenshot of the current page and embeds it into a log file.</doc>
<status status="PASS" start="2024-05-07T18:11:36.536757" elapsed="0.467261"/>
</kw>
<arg>TC_001_006-009</arg>
<doc>take screenshot of the page and save it in the Screenshots folder</doc>
<status status="PASS" start="2024-05-07T18:11:36.535707" elapsed="0.469272"/>
</kw>
<status status="PASS" start="2024-05-07T18:11:35.982347" elapsed="1.022632"/>
</test>
<test id="s1-s7-t11" name="TC_001_006-010 - Kontrola tlačítka `View larger map`" line="83">
<kw name="Wait Until Element Is Visible" owner="SeleniumLibrary">
<arg>${BUTTON_LargerMap}</arg>
<arg>10s</arg>
<doc>Waits until the element ``locator`` is visible.</doc>
<status status="PASS" start="2024-05-07T18:11:37.007983" elapsed="0.032028"/>
</kw>
<kw name="Click Element" owner="SeleniumLibrary">
<msg time="2024-05-07T18:11:37.042017" level="INFO">Clicking element '//*[@id="mapDiv"]/div/div[3]/div[3]/div/div/div/div/a'.</msg>
<arg>${BUTTON_LargerMap}</arg>
<doc>Click the element identified by ``locator``.</doc>
<status status="PASS" start="2024-05-07T18:11:37.041009" elapsed="0.181054"/>
</kw>
<kw name="Switch Window" owner="SeleniumLibrary">
<arg>NEW</arg>
<doc>Switches to browser window matching ``locator``.</doc>
<status status="PASS" start="2024-05-07T18:11:37.223080" elapsed="0.033571"/>
</kw>
<kw name="Wait Until Element Is Visible" owner="SeleniumLibrary">
<arg>${BUTTON_AcceptGoogle}</arg>
<arg>10s</arg>
<doc>Waits until the element ``locator`` is visible.</doc>
<status status="PASS" start="2024-05-07T18:11:37.257650" elapsed="1.315170"/>
</kw>
<kw name="Scroll Element Into View" owner="SeleniumLibrary">
<arg>${BUTTON_AcceptGoogle}</arg>
<doc>Scrolls the element identified by ``locator`` into view.</doc>
<status status="PASS" start="2024-05-07T18:11:38.573543" elapsed="0.291630"/>
</kw>
<kw name="Click Element" owner="SeleniumLibrary">
<msg time="2024-05-07T18:11:38.868174" level="INFO">Clicking element '//*[@id="yDmH0d"]/c-wiz/div/div/div/div[2]/div[1]/div[3]/div[1]/div[1]/form[2]/div/div/button'.</msg>
<arg>${BUTTON_AcceptGoogle}</arg>
<doc>Click the element identified by ``locator``.</doc>
<status status="PASS" start="2024-05-07T18:11:38.867171" elapsed="2.787503"/>
</kw>
<kw name="Location Should Be" owner="SeleniumLibrary">
<msg time="2024-05-07T18:11:41.670244" level="INFO">Current location is 'https://www.google.com/maps?t=m&amp;hl=en&amp;gl=US&amp;q=Krakovany+922+02'.</msg>
<arg>${URL_GoogleMap}</arg>
<doc>Verifies that the current URL is exactly ``url``.</doc>
<status status="PASS" start="2024-05-07T18:11:41.654674" elapsed="0.015570"/>
</kw>
<kw name="Take Screenshot" owner="Keywords">
<kw name="Capture Page Screenshot" owner="SeleniumLibrary">
<msg time="2024-05-07T18:11:42.092923" level="INFO" html="true">&lt;/td&gt;&lt;/tr&gt;&lt;tr&gt;&lt;td colspan="3"&gt;&lt;a href="Screenshots/TC_001_006-010.png"&gt;&lt;img src="Screenshots/TC_001_006-010.png" width="800px"&gt;&lt;/a&gt;</msg>
<arg>Screenshots/${NAME}.png</arg>
<doc>Takes a screenshot of the current page and embeds it into a log file.</doc>
<status status="PASS" start="2024-05-07T18:11:41.672247" elapsed="0.420676"/>
</kw>
<arg>TC_001_006-010</arg>
<doc>take screenshot of the page and save it in the Screenshots folder</doc>
<status status="PASS" start="2024-05-07T18:11:41.671251" elapsed="0.422672"/>
</kw>
<status status="PASS" start="2024-05-07T18:11:37.006980" elapsed="5.087937"/>
</test>
<test id="s1-s7-t12" name="Post-conditions" line="94">
<kw name="Close" owner="Keywords">
<kw name="Sleep" owner="BuiltIn">
<msg time="2024-05-07T18:11:42.298638" level="INFO">Slept 200 milliseconds.</msg>
<arg>200ms</arg>
<doc>Pauses the test executed for the given time.</doc>
<status status="PASS" start="2024-05-07T18:11:42.098370" elapsed="0.200268"/>
</kw>
<kw name="Close Browser" owner="SeleniumLibrary">
<doc>Closes the current browser.</doc>
<status status="PASS" start="2024-05-07T18:11:42.299172" elapsed="2.250412"/>
</kw>
<status status="PASS" start="2024-05-07T18:11:42.096920" elapsed="2.453197"/>
</kw>
<status status="PASS" start="2024-05-07T18:11:42.096920" elapsed="2.456003"/>
</test>
<status status="PASS" start="2024-05-07T18:10:51.499291" elapsed="53.058600"/>
</suite>
<status status="PASS" start="2024-05-07T18:06:45.817626" elapsed="298.749524"/>
</suite>
<statistics>
<total>
<stat pass="63" fail="0" skip="0">All Tests</stat>
</total>
<tag>
</tag>
<suite>
<stat pass="63" fail="0" skip="0" id="s1" name="TS 001">TS 001</stat>
<stat pass="10" fail="0" skip="0" id="s1-s1" name="TS 001 001">TS 001.TS 001 001</stat>
<stat pass="10" fail="0" skip="0" id="s1-s1-s1" name="TS 001 001 014">TS 001.TS 001 001.TS 001 001 014</stat>
<stat pass="24" fail="0" skip="0" id="s1-s2" name="TS 001 001 001">TS 001.TS 001 001 001</stat>
<stat pass="17" fail="0" skip="0" id="s1-s2-s1" name="TS 001 001 001">TS 001.TS 001 001 001.TS 001 001 001</stat>
<stat pass="7" fail="0" skip="0" id="s1-s2-s2" name="TS 001 001 001 001">TS 001.TS 001 001 001.TS 001 001 001 001</stat>
<stat pass="7" fail="0" skip="0" id="s1-s2-s2-s1" name="TS 001 001 001 001">TS 001.TS 001 001 001.TS 001 001 001 001.TS 001 001 001 001</stat>
<stat pass="3" fail="0" skip="0" id="s1-s3" name="TS 001 002">TS 001.TS 001 002</stat>
<stat pass="5" fail="0" skip="0" id="s1-s4" name="TS 001 003">TS 001.TS 001 003</stat>
<stat pass="3" fail="0" skip="0" id="s1-s5" name="TS 001 004">TS 001.TS 001 004</stat>
<stat pass="6" fail="0" skip="0" id="s1-s6" name="TS 001 005">TS 001.TS 001 005</stat>
<stat pass="12" fail="0" skip="0" id="s1-s7" name="TS 001 006">TS 001.TS 001 006</stat>
</suite>
</statistics>
<errors>
</errors>
</robot>
