<?xml version="1.0" encoding="UTF-8"?>
<robot generator="Robot 7.0 (Python 3.11.0 on win32)" generated="2024-05-05T23:09:09.417511" rpa="false" schemaversion="5">
<suite id="s1" name="TS 001" source="C:\Users\bucka\Documents\GitHub\Simon\SWI\4. semester\Testování software\Projekt\_projekt\TS_001">
<suite id="s1-s1" name="TS 001 001" source="C:\Users\bucka\Documents\GitHub\Simon\SWI\4. semester\Testování software\Projekt\_projekt\TS_001\TS_001_001">
<suite id="s1-s1-s1" name="TS 001 001 014" source="C:\Users\bucka\Documents\GitHub\Simon\SWI\4. semester\Testování software\Projekt\_projekt\TS_001\TS_001_001\TS_001_001_014.robot">
<test id="s1-s1-s1-t1" name="Pre-conditions" line="21">
<kw name="Open EN Incognito Chrome Webdriver" owner="keywords">
<kw name="Evaluate" owner="BuiltIn">
<msg time="2024-05-05T23:09:09.758201" level="INFO">${chrome_options} = &lt;selenium.webdriver.chrome.options.Options object at 0x000002CE23003E90&gt;</msg>
<var>${chrome_options}</var>
<arg>sys.modules['selenium.webdriver'].ChromeOptions()</arg>
<arg>sys, selenium.webdriver</arg>
<doc>Evaluates the given expression in Python and returns the result.</doc>
<status status="PASS" start="2024-05-05T23:09:09.757076" elapsed="0.001125"/>
</kw>
<kw name="Create Dictionary" owner="BuiltIn">
<msg time="2024-05-05T23:09:09.758201" level="INFO">${prefs} = {'intl.accept_languages': 'en'}</msg>
<var>${prefs}</var>
<arg>intl.accept_languages</arg>
<arg>en</arg>
<doc>Creates and returns a dictionary based on the given ``items``.</doc>
<status status="PASS" start="2024-05-05T23:09:09.758201" elapsed="0.000000"/>
</kw>
<kw name="Call Method" owner="BuiltIn">
<arg>${chrome_options}</arg>
<arg>add_experimental_option</arg>
<arg>prefs</arg>
<arg>${prefs}</arg>
<doc>Calls the named method of the given object with the provided arguments.</doc>
<status status="PASS" start="2024-05-05T23:09:09.758201" elapsed="0.001001"/>
</kw>
<kw name="Call Method" owner="BuiltIn">
<arg>${chrome_options}</arg>
<arg>add_argument</arg>
<arg>--incognito</arg>
<doc>Calls the named method of the given object with the provided arguments.</doc>
<status status="PASS" start="2024-05-05T23:09:09.759202" elapsed="0.000000"/>
</kw>
<kw name="Create Webdriver" owner="SeleniumLibrary">
<msg time="2024-05-05T23:09:09.759202" level="INFO">Creating an instance of the Chrome WebDriver.</msg>
<arg>Chrome</arg>
<arg>options=${chrome_options}</arg>
<doc>Creates an instance of Selenium WebDriver.</doc>
<status status="PASS" start="2024-05-05T23:09:09.759202" elapsed="1.852088"/>
</kw>
<kw name="Go To" owner="SeleniumLibrary">
<msg time="2024-05-05T23:09:11.612295" level="INFO">Opening url 'https://www.krakovany.sk/?page_id=19224'</msg>
<arg>${URL}</arg>
<doc>Navigates the current browser window to the provided ``url``.</doc>
<status status="PASS" start="2024-05-05T23:09:11.612295" elapsed="6.312178"/>
</kw>
<kw name="Maximize Browser Window" owner="SeleniumLibrary">
<doc>Maximizes current browser window.</doc>
<status status="PASS" start="2024-05-05T23:09:17.925487" elapsed="0.063331"/>
</kw>
<arg>${URL_TvKrakovany}</arg>
<doc>Open Chrome browser in incognito mode with English language</doc>
<status status="PASS" start="2024-05-05T23:09:09.756071" elapsed="8.232747"/>
</kw>
<status status="PASS" start="2024-05-05T23:09:09.755071" elapsed="8.235744"/>
</test>
<test id="s1-s1-s1-t2" name="TC_001_001_014-001 - Kontrola interakcie videa" line="25">
<kw name="Wait Until Element Is Visible" owner="SeleniumLibrary">
<arg>${IFRAME_Video}</arg>
<arg>10s</arg>
<doc>Waits until the element ``locator`` is visible.</doc>
<status status="PASS" start="2024-05-05T23:09:18.005950" elapsed="0.091900"/>
</kw>
<kw name="Scroll Element Into View" owner="SeleniumLibrary">
<arg>${IFRAME_Video}</arg>
<doc>Scrolls the element identified by ``locator`` into view.</doc>
<status status="PASS" start="2024-05-05T23:09:18.098846" elapsed="0.314036"/>
</kw>
<kw name="Element Attribute Value Should Be" owner="SeleniumLibrary">
<msg time="2024-05-05T23:09:18.500393" level="INFO">Element '//*[@id="page-content"]/div/div/div/div[2]/iframe' attribute 'src' contains value 'https://www.youtube.com/embed/Pv9qX_wfMS0'.</msg>
<arg>${IFRAME_Video}</arg>
<arg>${VALUE_Src}</arg>
<arg>${URL_Video_EmbededYT}</arg>
<doc>Verifies element identified by ``locator`` contains expected attribute value.</doc>
<status status="PASS" start="2024-05-05T23:09:18.415443" elapsed="0.084950"/>
</kw>
<kw name="Select Frame" owner="SeleniumLibrary">
<msg time="2024-05-05T23:09:18.504340" level="INFO">Selecting frame '//*[@id="page-content"]/div/div/div/div[2]/iframe'.</msg>
<arg>${IFRAME_Video}</arg>
<doc>Sets frame identified by ``locator`` as the current frame.</doc>
<status status="PASS" start="2024-05-05T23:09:18.503328" elapsed="0.155880"/>
</kw>
<kw name="Button interaction" owner="keywords">
<kw name="Wait Until Element Is Visible" owner="SeleniumLibrary">
<arg>${BUTTON}</arg>
<arg>15 seconds</arg>
<doc>Waits until the element ``locator`` is visible.</doc>
<status status="PASS" start="2024-05-05T23:09:18.663207" elapsed="0.101058"/>
</kw>
<kw name="Set Selenium Speed" owner="SeleniumLibrary">
<arg>0.2</arg>
<doc>Sets the delay that is waited after each Selenium command.</doc>
<status status="PASS" start="2024-05-05T23:09:18.764818" elapsed="0.000000"/>
</kw>
<kw name="Click Element" owner="SeleniumLibrary">
<msg time="2024-05-05T23:09:18.766835" level="INFO">Clicking element '//*[@id="movie_player"]/div[4]/button'.</msg>
<arg>${BUTTON}</arg>
<doc>Click the element identified by ``locator``.</doc>
<status status="PASS" start="2024-05-05T23:09:18.765841" elapsed="0.796406"/>
</kw>
<kw name="Set Selenium Speed" owner="SeleniumLibrary">
<arg>0</arg>
<doc>Sets the delay that is waited after each Selenium command.</doc>
<status status="PASS" start="2024-05-05T23:09:19.562247" elapsed="0.000000"/>
</kw>
<arg>${BUTTON_Video_PlayBig}</arg>
<status status="PASS" start="2024-05-05T23:09:18.661210" elapsed="0.901037"/>
</kw>
<status status="PASS" start="2024-05-05T23:09:18.003937" elapsed="1.559317"/>
</test>
<test id="s1-s1-s1-t3" name="TC_001_001_014-002 - Kontrola tlačítka `Play`" line="33">
<kw name="Button interaction" owner="keywords">
<kw name="Wait Until Element Is Visible" owner="SeleniumLibrary">
<arg>${BUTTON}</arg>
<arg>15 seconds</arg>
<doc>Waits until the element ``locator`` is visible.</doc>
<status status="PASS" start="2024-05-05T23:09:19.567785" elapsed="0.049769"/>
</kw>
<kw name="Set Selenium Speed" owner="SeleniumLibrary">
<arg>0.2</arg>
<doc>Sets the delay that is waited after each Selenium command.</doc>
<status status="PASS" start="2024-05-05T23:09:19.617554" elapsed="0.000000"/>
</kw>
<kw name="Click Element" owner="SeleniumLibrary">
<msg time="2024-05-05T23:09:19.618549" level="INFO">Clicking element '//*[@id="movie_player"]/div[27]/div[2]/div[1]/button'.</msg>
<arg>${BUTTON}</arg>
<doc>Click the element identified by ``locator``.</doc>
<status status="PASS" start="2024-05-05T23:09:19.618549" elapsed="0.527801"/>
</kw>
<kw name="Set Selenium Speed" owner="SeleniumLibrary">
<arg>0</arg>
<doc>Sets the delay that is waited after each Selenium command.</doc>
<status status="PASS" start="2024-05-05T23:09:20.146350" elapsed="0.000000"/>
</kw>
<arg>${BUTTON_Video_Play}</arg>
<status status="PASS" start="2024-05-05T23:09:19.566795" elapsed="0.580567"/>
</kw>
<kw name="Element Attribute Value Should Be" owner="SeleniumLibrary">
<msg time="2024-05-05T23:09:20.172979" level="INFO">Element '//*[@id="movie_player"]/div[27]/div[2]/div[1]/button' attribute 'data-title-no-tooltip' contains value 'Play'.</msg>
<arg>${BUTTON_Video_Play}</arg>
<arg>${VALUE_AttributeDTNT}</arg>
<arg>${VALUE_Play}</arg>
<doc>Verifies element identified by ``locator`` contains expected attribute value.</doc>
<status status="PASS" start="2024-05-05T23:09:20.148362" elapsed="0.024617"/>
</kw>
<kw name="Button interaction" owner="keywords">
<kw name="Wait Until Element Is Visible" owner="SeleniumLibrary">
<arg>${BUTTON}</arg>
<arg>15 seconds</arg>
<doc>Waits until the element ``locator`` is visible.</doc>
<status status="PASS" start="2024-05-05T23:09:20.174576" elapsed="0.028133"/>
</kw>
<kw name="Set Selenium Speed" owner="SeleniumLibrary">
<arg>0.2</arg>
<doc>Sets the delay that is waited after each Selenium command.</doc>
<status status="PASS" start="2024-05-05T23:09:20.202709" elapsed="0.001598"/>
</kw>
<kw name="Click Element" owner="SeleniumLibrary">
<msg time="2024-05-05T23:09:20.204307" level="INFO">Clicking element '//*[@id="movie_player"]/div[27]/div[2]/div[1]/button'.</msg>
<arg>${BUTTON}</arg>
<doc>Click the element identified by ``locator``.</doc>
<status status="PASS" start="2024-05-05T23:09:20.204307" elapsed="0.567254"/>
</kw>
<kw name="Set Selenium Speed" owner="SeleniumLibrary">
<arg>0</arg>
<doc>Sets the delay that is waited after each Selenium command.</doc>
<status status="PASS" start="2024-05-05T23:09:20.772069" elapsed="0.000000"/>
</kw>
<arg>${BUTTON_Video_Play}</arg>
<status status="PASS" start="2024-05-05T23:09:20.174576" elapsed="0.597493"/>
</kw>
<kw name="Element Attribute Value Should Be" owner="SeleniumLibrary">
<msg time="2024-05-05T23:09:20.801309" level="INFO">Element '//*[@id="movie_player"]/div[27]/div[2]/div[1]/button' attribute 'data-title-no-tooltip' contains value 'Pause'.</msg>
<arg>${BUTTON_Video_Play}</arg>
<arg>${VALUE_AttributeDTNT}</arg>
<arg>${VALUE_Pause}</arg>
<doc>Verifies element identified by ``locator`` contains expected attribute value.</doc>
<status status="PASS" start="2024-05-05T23:09:20.773082" elapsed="0.028227"/>
</kw>
<status status="PASS" start="2024-05-05T23:09:19.565780" elapsed="1.236531"/>
</test>
<test id="s1-s1-s1-t4" name="TC_001_001_014-003 - Kontrola funkcie posunutia vpred o 5 sekúnd" line="40">
<kw name="Button interaction" owner="keywords">
<kw name="Wait Until Element Is Visible" owner="SeleniumLibrary">
<arg>${BUTTON}</arg>
<arg>15 seconds</arg>
<doc>Waits until the element ``locator`` is visible.</doc>
<status status="PASS" start="2024-05-05T23:09:20.805828" elapsed="0.042160"/>
</kw>
<kw name="Set Selenium Speed" owner="SeleniumLibrary">
<arg>0.2</arg>
<doc>Sets the delay that is waited after each Selenium command.</doc>
<status status="PASS" start="2024-05-05T23:09:20.848983" elapsed="0.001002"/>
</kw>
<kw name="Click Element" owner="SeleniumLibrary">
<msg time="2024-05-05T23:09:20.849985" level="INFO">Clicking element '//*[@id="movie_player"]/div[27]/div[2]/div[1]/button'.</msg>
<arg>${BUTTON}</arg>
<doc>Click the element identified by ``locator``.</doc>
<status status="PASS" start="2024-05-05T23:09:20.849985" elapsed="0.614161"/>
</kw>
<kw name="Set Selenium Speed" owner="SeleniumLibrary">
<arg>0</arg>
<doc>Sets the delay that is waited after each Selenium command.</doc>
<status status="PASS" start="2024-05-05T23:09:21.465069" elapsed="0.001993"/>
</kw>
<arg>${BUTTON_Video_Play}</arg>
<status status="PASS" start="2024-05-05T23:09:20.804817" elapsed="0.663248"/>
</kw>
<kw name="Button interaction" owner="keywords">
<kw name="Wait Until Element Is Visible" owner="SeleniumLibrary">
<arg>${BUTTON}</arg>
<arg>15 seconds</arg>
<doc>Waits until the element ``locator`` is visible.</doc>
<status status="PASS" start="2024-05-05T23:09:21.472059" elapsed="0.112016"/>
</kw>
<kw name="Set Selenium Speed" owner="SeleniumLibrary">
<arg>0.2</arg>
<doc>Sets the delay that is waited after each Selenium command.</doc>
<status status="PASS" start="2024-05-05T23:09:21.584075" elapsed="0.000000"/>
</kw>
<kw name="Click Element" owner="SeleniumLibrary">
<msg time="2024-05-05T23:09:21.585506" level="INFO">Clicking element '//*[@id="movie_player"]/div[18]/div/button[1]'.</msg>
<arg>${BUTTON}</arg>
<doc>Click the element identified by ``locator``.</doc>
<status status="PASS" start="2024-05-05T23:09:21.585506" elapsed="0.529453"/>
</kw>
<kw name="Set Selenium Speed" owner="SeleniumLibrary">
<arg>0</arg>
<doc>Sets the delay that is waited after each Selenium command.</doc>
<status status="PASS" start="2024-05-05T23:09:22.116035" elapsed="0.000000"/>
</kw>
<arg>${BUTTON_Video_ClosePopUp}</arg>
<status status="PASS" start="2024-05-05T23:09:21.470132" elapsed="0.646961"/>
</kw>
<kw name="Get time from span YT video" owner="keywords">
<kw name="Get Text" owner="SeleniumLibrary">
<msg time="2024-05-05T23:09:22.237237" level="INFO">${time} = 0:00</msg>
<var>${time}</var>
<arg>${SPAN}</arg>
<doc>Returns the text value of the element identified by ``locator``.</doc>
<status status="PASS" start="2024-05-05T23:09:22.120988" elapsed="0.117248"/>
</kw>
<kw name="Get Last Two Characters" owner="keywords">
<kw name="Execute Javascript" owner="SeleniumLibrary">
<msg time="2024-05-05T23:09:22.242325" level="INFO">Executing JavaScript:
return arguments[0].slice(-2);
By using argument:
'0:00'</msg>
<msg time="2024-05-05T23:09:22.265179" level="INFO">${first_two_characters} = 00</msg>
<var>${first_two_characters}</var>
<arg>return arguments[0].slice(-2);</arg>
<arg>ARGUMENTS</arg>
<arg>${TEXT}</arg>
<doc>Executes the given JavaScript code with possible arguments.</doc>
<status status="PASS" start="2024-05-05T23:09:22.240339" elapsed="0.024840"/>
</kw>
<kw name="Log" owner="BuiltIn">
<msg time="2024-05-05T23:09:22.266212" level="INFO">00</msg>
<arg>${first_two_characters}</arg>
<doc>Logs the given message with the given level.</doc>
<status status="PASS" start="2024-05-05T23:09:22.266212" elapsed="0.000000"/>
</kw>
<return>
<value>${first_two_characters}</value>
<status status="PASS" start="2024-05-05T23:09:22.267187" elapsed="0.000000"/>
</return>
<msg time="2024-05-05T23:09:22.268172" level="INFO">${time} = 00</msg>
<var>${time}</var>
<arg>${time}</arg>
<doc>Get last two characters from string</doc>
<status status="PASS" start="2024-05-05T23:09:22.238236" elapsed="0.029936"/>
</kw>
<kw name="Convert To Integer" owner="BuiltIn">
<msg time="2024-05-05T23:09:22.269168" level="INFO">${time} = 0</msg>
<var>${time}</var>
<arg>${time}</arg>
<doc>Converts the given item to an integer number.</doc>
<status status="PASS" start="2024-05-05T23:09:22.268172" elapsed="0.000996"/>
</kw>
<kw name="Log" owner="BuiltIn">
<msg time="2024-05-05T23:09:22.271121" level="INFO">0</msg>
<arg>${time}</arg>
<doc>Logs the given message with the given level.</doc>
<status status="PASS" start="2024-05-05T23:09:22.270120" elapsed="0.001001"/>
</kw>
<return>
<value>${time}</value>
<status status="PASS" start="2024-05-05T23:09:22.271121" elapsed="0.000000"/>
</return>
<msg time="2024-05-05T23:09:22.272122" level="INFO">${time_before} = 0</msg>
<var>${time_before}</var>
<arg>${SPAN_TimeCurrent}</arg>
<doc>Get time from span element</doc>
<status status="PASS" start="2024-05-05T23:09:22.119048" elapsed="0.153074"/>
</kw>
<kw name="Press Keys" owner="SeleniumLibrary">
<msg time="2024-05-05T23:09:22.275864" level="INFO">Sending key(s) ('ARROW_RIGHT',) to //*[@id="movie_player"]/div[1]/video element.</msg>
<msg time="2024-05-05T23:09:22.749048" level="INFO">Pressing special key ARROW_RIGHT to element.</msg>
<msg time="2024-05-05T23:09:22.749048" level="INFO">Releasing special key ARROW_RIGHT.</msg>
<arg>${VIDEO_TvKrakovany}</arg>
<arg>${KEY_Right}</arg>
<doc>Simulates the user pressing key(s) to an element or on the active browser.</doc>
<status status="PASS" start="2024-05-05T23:09:22.274187" elapsed="0.503939"/>
</kw>
<kw name="Get time from span YT video" owner="keywords">
<kw name="Get Text" owner="SeleniumLibrary">
<msg time="2024-05-05T23:09:22.810869" level="INFO">${time} = 0:05</msg>
<var>${time}</var>
<arg>${SPAN}</arg>
<doc>Returns the text value of the element identified by ``locator``.</doc>
<status status="PASS" start="2024-05-05T23:09:22.780139" elapsed="0.030730"/>
</kw>
<kw name="Get Last Two Characters" owner="keywords">
<kw name="Execute Javascript" owner="SeleniumLibrary">
<msg time="2024-05-05T23:09:22.811867" level="INFO">Executing JavaScript:
return arguments[0].slice(-2);
By using argument:
'0:05'</msg>
<msg time="2024-05-05T23:09:22.822414" level="INFO">${first_two_characters} = 05</msg>
<var>${first_two_characters}</var>
<arg>return arguments[0].slice(-2);</arg>
<arg>ARGUMENTS</arg>
<arg>${TEXT}</arg>
<doc>Executes the given JavaScript code with possible arguments.</doc>
<status status="PASS" start="2024-05-05T23:09:22.811867" elapsed="0.010547"/>
</kw>
<kw name="Log" owner="BuiltIn">
<msg time="2024-05-05T23:09:22.823408" level="INFO">05</msg>
<arg>${first_two_characters}</arg>
<doc>Logs the given message with the given level.</doc>
<status status="PASS" start="2024-05-05T23:09:22.823408" elapsed="0.000000"/>
</kw>
<return>
<value>${first_two_characters}</value>
<status status="PASS" start="2024-05-05T23:09:22.823408" elapsed="0.000000"/>
</return>
<msg time="2024-05-05T23:09:22.823408" level="INFO">${time} = 05</msg>
<var>${time}</var>
<arg>${time}</arg>
<doc>Get last two characters from string</doc>
<status status="PASS" start="2024-05-05T23:09:22.810869" elapsed="0.012539"/>
</kw>
<kw name="Convert To Integer" owner="BuiltIn">
<msg time="2024-05-05T23:09:22.824409" level="INFO">${time} = 5</msg>
<var>${time}</var>
<arg>${time}</arg>
<doc>Converts the given item to an integer number.</doc>
<status status="PASS" start="2024-05-05T23:09:22.824409" elapsed="0.000506"/>
</kw>
<kw name="Log" owner="BuiltIn">
<msg time="2024-05-05T23:09:22.824915" level="INFO">5</msg>
<arg>${time}</arg>
<doc>Logs the given message with the given level.</doc>
<status status="PASS" start="2024-05-05T23:09:22.824915" elapsed="0.000000"/>
</kw>
<return>
<value>${time}</value>
<status status="PASS" start="2024-05-05T23:09:22.824915" elapsed="0.000000"/>
</return>
<msg time="2024-05-05T23:09:22.824915" level="INFO">${time_after} = 5</msg>
<var>${time_after}</var>
<arg>${SPAN_TimeCurrent}</arg>
<doc>Get time from span element</doc>
<status status="PASS" start="2024-05-05T23:09:22.779139" elapsed="0.045776"/>
</kw>
<kw name="Subtract" owner="keywords">
<kw name="Evaluate" owner="BuiltIn">
<msg time="2024-05-05T23:09:22.826926" level="INFO">${result} = 5</msg>
<var>${result}</var>
<arg>${VALUE1} - ${VALUE2}</arg>
<doc>Evaluates the given expression in Python and returns the result.</doc>
<status status="PASS" start="2024-05-05T23:09:22.825921" elapsed="0.001005"/>
</kw>
<kw name="Log" owner="BuiltIn">
<msg time="2024-05-05T23:09:22.826926" level="INFO">5</msg>
<arg>${result}</arg>
<doc>Logs the given message with the given level.</doc>
<status status="PASS" start="2024-05-05T23:09:22.826926" elapsed="0.000000"/>
</kw>
<return>
<value>${result}</value>
<status status="PASS" start="2024-05-05T23:09:22.826926" elapsed="0.000000"/>
</return>
<msg time="2024-05-05T23:09:22.827927" level="INFO">${time_diff} = 5</msg>
<var>${time_diff}</var>
<arg>${time_after}</arg>
<arg>${time_before}</arg>
<doc>Subtract two values</doc>
<status status="PASS" start="2024-05-05T23:09:22.825921" elapsed="0.002006"/>
</kw>
<kw name="Log" owner="BuiltIn">
<msg time="2024-05-05T23:09:22.828930" level="INFO">5</msg>
<arg>${time_diff}</arg>
<doc>Logs the given message with the given level.</doc>
<status status="PASS" start="2024-05-05T23:09:22.828930" elapsed="0.000000"/>
</kw>
<kw name="Should Be Equal As Numbers" owner="BuiltIn">
<msg time="2024-05-05T23:09:22.829973" level="INFO">Argument types are:
&lt;class 'int'&gt;
&lt;class 'str'&gt;</msg>
<arg>${time_diff}</arg>
<arg>5</arg>
<doc>Fails if objects are unequal after converting them to real numbers.</doc>
<status status="PASS" start="2024-05-05T23:09:22.829973" elapsed="0.000000"/>
</kw>
<status status="PASS" start="2024-05-05T23:09:20.803308" elapsed="2.027677"/>
</test>
<test id="s1-s1-s1-t5" name="TC_001_001_014-004 - Kontrola funkcie posunutia vzad o 5 sekúnd" line="51">
<kw name="Button interaction" owner="keywords">
<kw name="Wait Until Element Is Visible" owner="SeleniumLibrary">
<arg>${BUTTON}</arg>
<arg>15 seconds</arg>
<doc>Waits until the element ``locator`` is visible.</doc>
<status status="PASS" start="2024-05-05T23:09:22.832932" elapsed="0.029542"/>
</kw>
<kw name="Set Selenium Speed" owner="SeleniumLibrary">
<arg>0.2</arg>
<doc>Sets the delay that is waited after each Selenium command.</doc>
<status status="PASS" start="2024-05-05T23:09:22.862474" elapsed="0.000000"/>
</kw>
<kw name="Click Element" owner="SeleniumLibrary">
<msg time="2024-05-05T23:09:22.864050" level="INFO">Clicking element '//*[@id="movie_player"]/div[27]/div[2]/div[1]/button'.</msg>
<arg>${BUTTON}</arg>
<doc>Click the element identified by ``locator``.</doc>
<status status="PASS" start="2024-05-05T23:09:22.863988" elapsed="0.543668"/>
</kw>
<kw name="Set Selenium Speed" owner="SeleniumLibrary">
<arg>0</arg>
<doc>Sets the delay that is waited after each Selenium command.</doc>
<status status="PASS" start="2024-05-05T23:09:23.407656" elapsed="0.001008"/>
</kw>
<arg>${BUTTON_Video_Play}</arg>
<status status="PASS" start="2024-05-05T23:09:22.832932" elapsed="0.575732"/>
</kw>
<kw name="Get time from span YT video" owner="keywords">
<kw name="Get Text" owner="SeleniumLibrary">
<msg time="2024-05-05T23:09:23.438904" level="INFO">${time} = 0:05</msg>
<var>${time}</var>
<arg>${SPAN}</arg>
<doc>Returns the text value of the element identified by ``locator``.</doc>
<status status="PASS" start="2024-05-05T23:09:23.409673" elapsed="0.029231"/>
</kw>
<kw name="Get Last Two Characters" owner="keywords">
<kw name="Execute Javascript" owner="SeleniumLibrary">
<msg time="2024-05-05T23:09:23.440901" level="INFO">Executing JavaScript:
return arguments[0].slice(-2);
By using argument:
'0:05'</msg>
<msg time="2024-05-05T23:09:23.449143" level="INFO">${first_two_characters} = 05</msg>
<var>${first_two_characters}</var>
<arg>return arguments[0].slice(-2);</arg>
<arg>ARGUMENTS</arg>
<arg>${TEXT}</arg>
<doc>Executes the given JavaScript code with possible arguments.</doc>
<status status="PASS" start="2024-05-05T23:09:23.439901" elapsed="0.009242"/>
</kw>
<kw name="Log" owner="BuiltIn">
<msg time="2024-05-05T23:09:23.450144" level="INFO">05</msg>
<arg>${first_two_characters}</arg>
<doc>Logs the given message with the given level.</doc>
<status status="PASS" start="2024-05-05T23:09:23.449143" elapsed="0.001001"/>
</kw>
<return>
<value>${first_two_characters}</value>
<status status="PASS" start="2024-05-05T23:09:23.450144" elapsed="0.000000"/>
</return>
<msg time="2024-05-05T23:09:23.450144" level="INFO">${time} = 05</msg>
<var>${time}</var>
<arg>${time}</arg>
<doc>Get last two characters from string</doc>
<status status="PASS" start="2024-05-05T23:09:23.439901" elapsed="0.010243"/>
</kw>
<kw name="Convert To Integer" owner="BuiltIn">
<msg time="2024-05-05T23:09:23.451145" level="INFO">${time} = 5</msg>
<var>${time}</var>
<arg>${time}</arg>
<doc>Converts the given item to an integer number.</doc>
<status status="PASS" start="2024-05-05T23:09:23.451145" elapsed="0.000000"/>
</kw>
<kw name="Log" owner="BuiltIn">
<msg time="2024-05-05T23:09:23.452146" level="INFO">5</msg>
<arg>${time}</arg>
<doc>Logs the given message with the given level.</doc>
<status status="PASS" start="2024-05-05T23:09:23.452146" elapsed="0.000000"/>
</kw>
<return>
<value>${time}</value>
<status status="PASS" start="2024-05-05T23:09:23.452146" elapsed="0.000000"/>
</return>
<msg time="2024-05-05T23:09:23.453146" level="INFO">${time_before} = 5</msg>
<var>${time_before}</var>
<arg>${SPAN_TimeCurrent}</arg>
<doc>Get time from span element</doc>
<status status="PASS" start="2024-05-05T23:09:23.408664" elapsed="0.044482"/>
</kw>
<kw name="Press Keys" owner="SeleniumLibrary">
<msg time="2024-05-05T23:09:23.454651" level="INFO">Sending key(s) ('ARROW_LEFT',) to //*[@id="movie_player"]/div[1]/video element.</msg>
<msg time="2024-05-05T23:09:23.796058" level="INFO">Pressing special key ARROW_LEFT to element.</msg>
<msg time="2024-05-05T23:09:23.796058" level="INFO">Releasing special key ARROW_LEFT.</msg>
<arg>${VIDEO_TvKrakovany}</arg>
<arg>${KEY_Left}</arg>
<doc>Simulates the user pressing key(s) to an element or on the active browser.</doc>
<status status="PASS" start="2024-05-05T23:09:23.453146" elapsed="0.357445"/>
</kw>
<kw name="Get time from span YT video" owner="keywords">
<kw name="Get Text" owner="SeleniumLibrary">
<msg time="2024-05-05T23:09:23.849692" level="INFO">${time} = 0:00</msg>
<var>${time}</var>
<arg>${SPAN}</arg>
<doc>Returns the text value of the element identified by ``locator``.</doc>
<status status="PASS" start="2024-05-05T23:09:23.811590" elapsed="0.038102"/>
</kw>
<kw name="Get Last Two Characters" owner="keywords">
<kw name="Execute Javascript" owner="SeleniumLibrary">
<msg time="2024-05-05T23:09:23.852694" level="INFO">Executing JavaScript:
return arguments[0].slice(-2);
By using argument:
'0:00'</msg>
<msg time="2024-05-05T23:09:23.861219" level="INFO">${first_two_characters} = 00</msg>
<var>${first_two_characters}</var>
<arg>return arguments[0].slice(-2);</arg>
<arg>ARGUMENTS</arg>
<arg>${TEXT}</arg>
<doc>Executes the given JavaScript code with possible arguments.</doc>
<status status="PASS" start="2024-05-05T23:09:23.851693" elapsed="0.009526"/>
</kw>
<kw name="Log" owner="BuiltIn">
<msg time="2024-05-05T23:09:23.861219" level="INFO">00</msg>
<arg>${first_two_characters}</arg>
<doc>Logs the given message with the given level.</doc>
<status status="PASS" start="2024-05-05T23:09:23.861219" elapsed="0.001005"/>
</kw>
<return>
<value>${first_two_characters}</value>
<status status="PASS" start="2024-05-05T23:09:23.862224" elapsed="0.000000"/>
</return>
<msg time="2024-05-05T23:09:23.862224" level="INFO">${time} = 00</msg>
<var>${time}</var>
<arg>${time}</arg>
<doc>Get last two characters from string</doc>
<status status="PASS" start="2024-05-05T23:09:23.850697" elapsed="0.011527"/>
</kw>
<kw name="Convert To Integer" owner="BuiltIn">
<msg time="2024-05-05T23:09:23.863237" level="INFO">${time} = 0</msg>
<var>${time}</var>
<arg>${time}</arg>
<doc>Converts the given item to an integer number.</doc>
<status status="PASS" start="2024-05-05T23:09:23.862224" elapsed="0.001013"/>
</kw>
<kw name="Log" owner="BuiltIn">
<msg time="2024-05-05T23:09:23.863237" level="INFO">0</msg>
<arg>${time}</arg>
<doc>Logs the given message with the given level.</doc>
<status status="PASS" start="2024-05-05T23:09:23.863237" elapsed="0.000000"/>
</kw>
<return>
<value>${time}</value>
<status status="PASS" start="2024-05-05T23:09:23.863237" elapsed="0.000000"/>
</return>
<msg time="2024-05-05T23:09:23.864220" level="INFO">${time_after} = 0</msg>
<var>${time_after}</var>
<arg>${SPAN_TimeCurrent}</arg>
<doc>Get time from span element</doc>
<status status="PASS" start="2024-05-05T23:09:23.811590" elapsed="0.052630"/>
</kw>
<kw name="Subtract" owner="keywords">
<kw name="Evaluate" owner="BuiltIn">
<msg time="2024-05-05T23:09:23.865662" level="INFO">${result} = 5</msg>
<var>${result}</var>
<arg>${VALUE1} - ${VALUE2}</arg>
<doc>Evaluates the given expression in Python and returns the result.</doc>
<status status="PASS" start="2024-05-05T23:09:23.864220" elapsed="0.001442"/>
</kw>
<kw name="Log" owner="BuiltIn">
<msg time="2024-05-05T23:09:23.865662" level="INFO">5</msg>
<arg>${result}</arg>
<doc>Logs the given message with the given level.</doc>
<status status="PASS" start="2024-05-05T23:09:23.865662" elapsed="0.000000"/>
</kw>
<return>
<value>${result}</value>
<status status="PASS" start="2024-05-05T23:09:23.865662" elapsed="0.000000"/>
</return>
<msg time="2024-05-05T23:09:23.865662" level="INFO">${time_diff} = 5</msg>
<var>${time_diff}</var>
<arg>${time_before}</arg>
<arg>${time_after}</arg>
<doc>Subtract two values</doc>
<status status="PASS" start="2024-05-05T23:09:23.864220" elapsed="0.001442"/>
</kw>
<kw name="Log" owner="BuiltIn">
<msg time="2024-05-05T23:09:23.866661" level="INFO">5</msg>
<arg>${time_diff}</arg>
<doc>Logs the given message with the given level.</doc>
<status status="PASS" start="2024-05-05T23:09:23.866661" elapsed="0.000000"/>
</kw>
<kw name="Should Be Equal As Numbers" owner="BuiltIn">
<msg time="2024-05-05T23:09:23.867673" level="INFO">Argument types are:
&lt;class 'int'&gt;
&lt;class 'str'&gt;</msg>
<arg>${time_diff}</arg>
<arg>5</arg>
<doc>Fails if objects are unequal after converting them to real numbers.</doc>
<status status="PASS" start="2024-05-05T23:09:23.867673" elapsed="0.000997"/>
</kw>
<status status="PASS" start="2024-05-05T23:09:22.832932" elapsed="1.035738"/>
</test>
<test id="s1-s1-s1-t6" name="TC_001_001_014-005 - Kontrola tlačítka `Mute`" line="61">
<kw name="Button interaction" owner="keywords">
<kw name="Wait Until Element Is Visible" owner="SeleniumLibrary">
<arg>${BUTTON}</arg>
<arg>15 seconds</arg>
<doc>Waits until the element ``locator`` is visible.</doc>
<status status="PASS" start="2024-05-05T23:09:23.872673" elapsed="0.034776"/>
</kw>
<kw name="Set Selenium Speed" owner="SeleniumLibrary">
<arg>0.2</arg>
<doc>Sets the delay that is waited after each Selenium command.</doc>
<status status="PASS" start="2024-05-05T23:09:23.907449" elapsed="0.000995"/>
</kw>
<kw name="Click Element" owner="SeleniumLibrary">
<msg time="2024-05-05T23:09:23.908444" level="INFO">Clicking element '//*[@id="movie_player"]/div[27]/div[2]/div[1]/span/button'.</msg>
<arg>${BUTTON}</arg>
<doc>Click the element identified by ``locator``.</doc>
<status status="PASS" start="2024-05-05T23:09:23.908444" elapsed="0.568924"/>
</kw>
<kw name="Set Selenium Speed" owner="SeleniumLibrary">
<arg>0</arg>
<doc>Sets the delay that is waited after each Selenium command.</doc>
<status status="PASS" start="2024-05-05T23:09:24.477879" elapsed="0.000000"/>
</kw>
<arg>${BUTTON_Video_Mute}</arg>
<status status="PASS" start="2024-05-05T23:09:23.872673" elapsed="0.605206"/>
</kw>
<kw name="Element Attribute Value Should Be" owner="SeleniumLibrary">
<msg time="2024-05-05T23:09:24.502510" level="INFO">Element '//*[@id="movie_player"]/div[27]/div[2]/div[1]/span/button' attribute 'data-title-no-tooltip' contains value 'Unmute'.</msg>
<arg>${BUTTON_Video_Mute}</arg>
<arg>${VALUE_AttributeDTNT}</arg>
<arg>${VALUE_Unmute}</arg>
<doc>Verifies element identified by ``locator`` contains expected attribute value.</doc>
<status status="PASS" start="2024-05-05T23:09:24.479466" elapsed="0.023044"/>
</kw>
<kw name="Button interaction" owner="keywords">
<kw name="Wait Until Element Is Visible" owner="SeleniumLibrary">
<arg>${BUTTON}</arg>
<arg>15 seconds</arg>
<doc>Waits until the element ``locator`` is visible.</doc>
<status status="PASS" start="2024-05-05T23:09:24.505059" elapsed="0.031579"/>
</kw>
<kw name="Set Selenium Speed" owner="SeleniumLibrary">
<arg>0.2</arg>
<doc>Sets the delay that is waited after each Selenium command.</doc>
<status status="PASS" start="2024-05-05T23:09:24.536638" elapsed="0.001022"/>
</kw>
<kw name="Click Element" owner="SeleniumLibrary">
<msg time="2024-05-05T23:09:24.538653" level="INFO">Clicking element '//*[@id="movie_player"]/div[27]/div[2]/div[1]/span/button'.</msg>
<arg>${BUTTON}</arg>
<doc>Click the element identified by ``locator``.</doc>
<status status="PASS" start="2024-05-05T23:09:24.538653" elapsed="0.524111"/>
</kw>
<kw name="Set Selenium Speed" owner="SeleniumLibrary">
<arg>0</arg>
<doc>Sets the delay that is waited after each Selenium command.</doc>
<status status="PASS" start="2024-05-05T23:09:25.062764" elapsed="0.000000"/>
</kw>
<arg>${BUTTON_Video_Mute}</arg>
<status status="PASS" start="2024-05-05T23:09:24.505059" elapsed="0.557705"/>
</kw>
<kw name="Element Attribute Value Should Be" owner="SeleniumLibrary">
<msg time="2024-05-05T23:09:25.096223" level="INFO">Element '//*[@id="movie_player"]/div[27]/div[2]/div[1]/span/button' attribute 'data-title-no-tooltip' contains value 'Mute'.</msg>
<arg>${BUTTON_Video_Mute}</arg>
<arg>${VALUE_AttributeDTNT}</arg>
<arg>${VALUE_Mute}</arg>
<doc>Verifies element identified by ``locator`` contains expected attribute value.</doc>
<status status="PASS" start="2024-05-05T23:09:25.062764" elapsed="0.033459"/>
</kw>
<status status="PASS" start="2024-05-05T23:09:23.870671" elapsed="1.226545"/>
</test>
<test id="s1-s1-s1-t7" name="TC_001_001_014-006 - Kontrola funkcie `Play-back speed` a nastavenie rýchlosti prehrávania na 0.5" line="68">
<kw name="Button interaction" owner="keywords">
<kw name="Wait Until Element Is Visible" owner="SeleniumLibrary">
<arg>${BUTTON}</arg>
<arg>15 seconds</arg>
<doc>Waits until the element ``locator`` is visible.</doc>
<status status="PASS" start="2024-05-05T23:09:25.103212" elapsed="0.124805"/>
</kw>
<kw name="Set Selenium Speed" owner="SeleniumLibrary">
<arg>0.2</arg>
<doc>Sets the delay that is waited after each Selenium command.</doc>
<status status="PASS" start="2024-05-05T23:09:25.229036" elapsed="0.001027"/>
</kw>
<kw name="Click Element" owner="SeleniumLibrary">
<msg time="2024-05-05T23:09:25.231059" level="INFO">Clicking element '//*[@id="movie_player"]/div[27]/div[2]/div[2]/button[2]'.</msg>
<arg>${BUTTON}</arg>
<doc>Click the element identified by ``locator``.</doc>
<status status="PASS" start="2024-05-05T23:09:25.230063" elapsed="0.648372"/>
</kw>
<kw name="Set Selenium Speed" owner="SeleniumLibrary">
<arg>0</arg>
<doc>Sets the delay that is waited after each Selenium command.</doc>
<status status="PASS" start="2024-05-05T23:09:25.879453" elapsed="0.000000"/>
</kw>
<arg>${BUTTON_Video_Settings}</arg>
<status status="PASS" start="2024-05-05T23:09:25.102204" elapsed="0.777249"/>
</kw>
<kw name="Set Selenium Speed" owner="SeleniumLibrary">
<arg>1</arg>
<doc>Sets the delay that is waited after each Selenium command.</doc>
<status status="PASS" start="2024-05-05T23:09:25.880955" elapsed="0.000000"/>
</kw>
<kw name="Click Element" owner="SeleniumLibrary">
<msg time="2024-05-05T23:09:25.882967" level="INFO">Clicking element '//*[@id="ytp-id-17"]/div/div/div[1]'.</msg>
<arg>${DIV_Video_PlayBackSpeed}</arg>
<doc>Click the element identified by ``locator``.</doc>
<status status="PASS" start="2024-05-05T23:09:25.881962" elapsed="2.186533"/>
</kw>
<kw name="Click Element" owner="SeleniumLibrary">
<msg time="2024-05-05T23:09:28.071132" level="INFO">Clicking element '//*[@id="ytp-id-17"]/div/div[2]/div[2]'.</msg>
<arg>${DIV_Video_PlayBackSpeed_05}</arg>
<doc>Click the element identified by ``locator``.</doc>
<status status="PASS" start="2024-05-05T23:09:28.070095" elapsed="2.298943"/>
</kw>
<kw name="Set Selenium Speed" owner="SeleniumLibrary">
<arg>0</arg>
<doc>Sets the delay that is waited after each Selenium command.</doc>
<status status="PASS" start="2024-05-05T23:09:30.371065" elapsed="0.000997"/>
</kw>
<kw name="Get time from span YT video" owner="keywords">
<kw name="Get Text" owner="SeleniumLibrary">
<msg time="2024-05-05T23:09:30.454320" level="INFO">${time} = 0:06</msg>
<var>${time}</var>
<arg>${SPAN}</arg>
<doc>Returns the text value of the element identified by ``locator``.</doc>
<status status="PASS" start="2024-05-05T23:09:30.376697" elapsed="0.077623"/>
</kw>
<kw name="Get Last Two Characters" owner="keywords">
<kw name="Execute Javascript" owner="SeleniumLibrary">
<msg time="2024-05-05T23:09:30.457339" level="INFO">Executing JavaScript:
return arguments[0].slice(-2);
By using argument:
'0:06'</msg>
<msg time="2024-05-05T23:09:30.472422" level="INFO">${first_two_characters} = 06</msg>
<var>${first_two_characters}</var>
<arg>return arguments[0].slice(-2);</arg>
<arg>ARGUMENTS</arg>
<arg>${TEXT}</arg>
<doc>Executes the given JavaScript code with possible arguments.</doc>
<status status="PASS" start="2024-05-05T23:09:30.456328" elapsed="0.016094"/>
</kw>
<kw name="Log" owner="BuiltIn">
<msg time="2024-05-05T23:09:30.474038" level="INFO">06</msg>
<arg>${first_two_characters}</arg>
<doc>Logs the given message with the given level.</doc>
<status status="PASS" start="2024-05-05T23:09:30.474038" elapsed="0.000000"/>
</kw>
<return>
<value>${first_two_characters}</value>
<status status="PASS" start="2024-05-05T23:09:30.474038" elapsed="0.000926"/>
</return>
<msg time="2024-05-05T23:09:30.474964" level="INFO">${time} = 06</msg>
<var>${time}</var>
<arg>${time}</arg>
<doc>Get last two characters from string</doc>
<status status="PASS" start="2024-05-05T23:09:30.455324" elapsed="0.019640"/>
</kw>
<kw name="Convert To Integer" owner="BuiltIn">
<msg time="2024-05-05T23:09:30.475960" level="INFO">${time} = 6</msg>
<var>${time}</var>
<arg>${time}</arg>
<doc>Converts the given item to an integer number.</doc>
<status status="PASS" start="2024-05-05T23:09:30.474964" elapsed="0.000996"/>
</kw>
<kw name="Log" owner="BuiltIn">
<msg time="2024-05-05T23:09:30.475960" level="INFO">6</msg>
<arg>${time}</arg>
<doc>Logs the given message with the given level.</doc>
<status status="PASS" start="2024-05-05T23:09:30.475960" elapsed="0.000000"/>
</kw>
<return>
<value>${time}</value>
<status status="PASS" start="2024-05-05T23:09:30.475960" elapsed="0.000000"/>
</return>
<msg time="2024-05-05T23:09:30.476957" level="INFO">${time_before} = 6</msg>
<var>${time_before}</var>
<arg>${SPAN_TimeCurrent}</arg>
<doc>Get time from span element</doc>
<status status="PASS" start="2024-05-05T23:09:30.374674" elapsed="0.102283"/>
</kw>
<kw name="Sleep" owner="BuiltIn">
<msg time="2024-05-05T23:09:34.478446" level="INFO">Slept 4 seconds.</msg>
<arg>4s</arg>
<doc>Pauses the test executed for the given time.</doc>
<status status="PASS" start="2024-05-05T23:09:30.477957" elapsed="4.000837"/>
</kw>
<kw name="Get time from span YT video" owner="keywords">
<kw name="Get Text" owner="SeleniumLibrary">
<msg time="2024-05-05T23:09:34.520647" level="INFO">${time} = 0:08</msg>
<var>${time}</var>
<arg>${SPAN}</arg>
<doc>Returns the text value of the element identified by ``locator``.</doc>
<status status="PASS" start="2024-05-05T23:09:34.481790" elapsed="0.039854"/>
</kw>
<kw name="Get Last Two Characters" owner="keywords">
<kw name="Execute Javascript" owner="SeleniumLibrary">
<msg time="2024-05-05T23:09:34.522643" level="INFO">Executing JavaScript:
return arguments[0].slice(-2);
By using argument:
'0:08'</msg>
<msg time="2024-05-05T23:09:34.534079" level="INFO">${first_two_characters} = 08</msg>
<var>${first_two_characters}</var>
<arg>return arguments[0].slice(-2);</arg>
<arg>ARGUMENTS</arg>
<arg>${TEXT}</arg>
<doc>Executes the given JavaScript code with possible arguments.</doc>
<status status="PASS" start="2024-05-05T23:09:34.522643" elapsed="0.011989"/>
</kw>
<kw name="Log" owner="BuiltIn">
<msg time="2024-05-05T23:09:34.535186" level="INFO">08</msg>
<arg>${first_two_characters}</arg>
<doc>Logs the given message with the given level.</doc>
<status status="PASS" start="2024-05-05T23:09:34.534632" elapsed="0.001110"/>
</kw>
<return>
<value>${first_two_characters}</value>
<status status="PASS" start="2024-05-05T23:09:34.535846" elapsed="0.000000"/>
</return>
<msg time="2024-05-05T23:09:34.536389" level="INFO">${time} = 08</msg>
<var>${time}</var>
<arg>${time}</arg>
<doc>Get last two characters from string</doc>
<status status="PASS" start="2024-05-05T23:09:34.521644" elapsed="0.014745"/>
</kw>
<kw name="Convert To Integer" owner="BuiltIn">
<msg time="2024-05-05T23:09:34.536944" level="INFO">${time} = 8</msg>
<var>${time}</var>
<arg>${time}</arg>
<doc>Converts the given item to an integer number.</doc>
<status status="PASS" start="2024-05-05T23:09:34.536944" elapsed="0.000000"/>
</kw>
<kw name="Log" owner="BuiltIn">
<msg time="2024-05-05T23:09:34.537492" level="INFO">8</msg>
<arg>${time}</arg>
<doc>Logs the given message with the given level.</doc>
<status status="PASS" start="2024-05-05T23:09:34.537492" elapsed="0.000000"/>
</kw>
<return>
<value>${time}</value>
<status status="PASS" start="2024-05-05T23:09:34.538032" elapsed="0.000000"/>
</return>
<msg time="2024-05-05T23:09:34.538186" level="INFO">${time_after} = 8</msg>
<var>${time_after}</var>
<arg>${SPAN_TimeCurrent}</arg>
<doc>Get time from span element</doc>
<status status="PASS" start="2024-05-05T23:09:34.480794" elapsed="0.057392"/>
</kw>
<kw name="Subtract" owner="keywords">
<kw name="Evaluate" owner="BuiltIn">
<msg time="2024-05-05T23:09:34.539847" level="INFO">${result} = 2</msg>
<var>${result}</var>
<arg>${VALUE1} - ${VALUE2}</arg>
<doc>Evaluates the given expression in Python and returns the result.</doc>
<status status="PASS" start="2024-05-05T23:09:34.539254" elapsed="0.000593"/>
</kw>
<kw name="Log" owner="BuiltIn">
<msg time="2024-05-05T23:09:34.540352" level="INFO">2</msg>
<arg>${result}</arg>
<doc>Logs the given message with the given level.</doc>
<status status="PASS" start="2024-05-05T23:09:34.540352" elapsed="0.000000"/>
</kw>
<return>
<value>${result}</value>
<status status="PASS" start="2024-05-05T23:09:34.540352" elapsed="0.000000"/>
</return>
<msg time="2024-05-05T23:09:34.540973" level="INFO">${time_diff} = 2</msg>
<var>${time_diff}</var>
<arg>${time_after}</arg>
<arg>${time_before}</arg>
<doc>Subtract two values</doc>
<status status="PASS" start="2024-05-05T23:09:34.538724" elapsed="0.002249"/>
</kw>
<kw name="Log" owner="BuiltIn">
<msg time="2024-05-05T23:09:34.543215" level="INFO">2</msg>
<arg>${time_diff}</arg>
<doc>Logs the given message with the given level.</doc>
<status status="PASS" start="2024-05-05T23:09:34.542114" elapsed="0.001101"/>
</kw>
<kw name="Should Be Equal As Numbers" owner="BuiltIn">
<msg time="2024-05-05T23:09:34.544937" level="INFO">Argument types are:
&lt;class 'int'&gt;
&lt;class 'str'&gt;</msg>
<arg>${time_diff}</arg>
<arg>2</arg>
<doc>Fails if objects are unequal after converting them to real numbers.</doc>
<status status="PASS" start="2024-05-05T23:09:34.544346" elapsed="0.000591"/>
</kw>
<status status="PASS" start="2024-05-05T23:09:25.100202" elapsed="9.445247"/>
</test>
<test id="s1-s1-s1-t8" name="TC_001_001_014-007 - Kontrola funkcie `Full-screen` a minimalizoavanie" line="82">
<kw name="Button interaction" owner="keywords">
<kw name="Wait Until Element Is Visible" owner="SeleniumLibrary">
<arg>${BUTTON}</arg>
<arg>15 seconds</arg>
<doc>Waits until the element ``locator`` is visible.</doc>
<status status="PASS" start="2024-05-05T23:09:34.548578" elapsed="0.040591"/>
</kw>
<kw name="Set Selenium Speed" owner="SeleniumLibrary">
<arg>0.2</arg>
<doc>Sets the delay that is waited after each Selenium command.</doc>
<status status="PASS" start="2024-05-05T23:09:34.589169" elapsed="0.000000"/>
</kw>
<kw name="Click Element" owner="SeleniumLibrary">
<msg time="2024-05-05T23:09:34.589169" level="INFO">Clicking element '//*[@id="movie_player"]/div[27]/div[2]/div[2]/button[6]'.</msg>
<arg>${BUTTON}</arg>
<doc>Click the element identified by ``locator``.</doc>
<status status="PASS" start="2024-05-05T23:09:34.589169" elapsed="0.581899"/>
</kw>
<kw name="Set Selenium Speed" owner="SeleniumLibrary">
<arg>0</arg>
<doc>Sets the delay that is waited after each Selenium command.</doc>
<status status="PASS" start="2024-05-05T23:09:35.171068" elapsed="0.000508"/>
</kw>
<arg>${BUTTON_Video_FullScreen}</arg>
<status status="PASS" start="2024-05-05T23:09:34.548071" elapsed="0.623505"/>
</kw>
<kw name="Element Attribute Value Should Be" owner="SeleniumLibrary">
<msg time="2024-05-05T23:09:35.199479" level="INFO">Element '//*[@id="movie_player"]/div[27]/div[2]/div[2]/button[6]' attribute 'title' contains value 'Exit full screen (f)'.</msg>
<arg>${BUTTON_Video_FullScreen}</arg>
<arg>${VALUE_AttributeTitle}</arg>
<arg>${VALUE_ExitFullscreen}</arg>
<doc>Verifies element identified by ``locator`` contains expected attribute value.</doc>
<status status="PASS" start="2024-05-05T23:09:35.171576" elapsed="0.027903"/>
</kw>
<kw name="Button interaction" owner="keywords">
<kw name="Wait Until Element Is Visible" owner="SeleniumLibrary">
<arg>${BUTTON}</arg>
<arg>15 seconds</arg>
<doc>Waits until the element ``locator`` is visible.</doc>
<status status="PASS" start="2024-05-05T23:09:35.200480" elapsed="0.028615"/>
</kw>
<kw name="Set Selenium Speed" owner="SeleniumLibrary">
<arg>0.2</arg>
<doc>Sets the delay that is waited after each Selenium command.</doc>
<status status="PASS" start="2024-05-05T23:09:35.230097" elapsed="0.000000"/>
</kw>
<kw name="Click Element" owner="SeleniumLibrary">
<msg time="2024-05-05T23:09:35.230097" level="INFO">Clicking element '//*[@id="movie_player"]/div[27]/div[2]/div[2]/button[6]'.</msg>
<arg>${BUTTON}</arg>
<doc>Click the element identified by ``locator``.</doc>
<status status="PASS" start="2024-05-05T23:09:35.230097" elapsed="0.605796"/>
</kw>
<kw name="Set Selenium Speed" owner="SeleniumLibrary">
<arg>0</arg>
<doc>Sets the delay that is waited after each Selenium command.</doc>
<status status="PASS" start="2024-05-05T23:09:35.835893" elapsed="0.001093"/>
</kw>
<arg>${BUTTON_Video_FullScreen}</arg>
<status status="PASS" start="2024-05-05T23:09:35.200480" elapsed="0.636506"/>
</kw>
<kw name="Element Attribute Value Should Be" owner="SeleniumLibrary">
<msg time="2024-05-05T23:09:35.898950" level="INFO">Element '//*[@id="movie_player"]/div[27]/div[2]/div[2]/button[6]' attribute 'title' contains value 'Full screen (f)'.</msg>
<arg>${BUTTON_Video_FullScreen}</arg>
<arg>${VALUE_AttributeTitle}</arg>
<arg>${VALUE_FullScreen}</arg>
<doc>Verifies element identified by ``locator`` contains expected attribute value.</doc>
<status status="PASS" start="2024-05-05T23:09:35.838920" elapsed="0.061018"/>
</kw>
<status status="PASS" start="2024-05-05T23:09:34.547095" elapsed="1.353866"/>
</test>
<test id="s1-s1-s1-t9" name="TC_001_001_014-008 - Kontrola tlačítka `Quality` a zmena kvality na 144p" line="89">
<kw name="Set Selenium Speed" owner="SeleniumLibrary">
<arg>0.5</arg>
<doc>Sets the delay that is waited after each Selenium command.</doc>
<status status="PASS" start="2024-05-05T23:09:35.908189" elapsed="0.001082"/>
</kw>
<kw name="Mouse Over" owner="SeleniumLibrary">
<msg time="2024-05-05T23:09:35.912209" level="INFO">Simulating Mouse Over on element '//*[@id="movie_player"]/div[1]/video'.</msg>
<arg>${VIDEO_TvKrakovany}</arg>
<doc>Simulates hovering the mouse over the element ``locator``.</doc>
<status status="PASS" start="2024-05-05T23:09:35.911266" elapsed="1.482036"/>
</kw>
<kw name="Button interaction" owner="keywords">
<kw name="Wait Until Element Is Visible" owner="SeleniumLibrary">
<arg>${BUTTON}</arg>
<arg>15 seconds</arg>
<doc>Waits until the element ``locator`` is visible.</doc>
<status status="PASS" start="2024-05-05T23:09:37.396664" elapsed="1.073302"/>
</kw>
<kw name="Set Selenium Speed" owner="SeleniumLibrary">
<arg>0.2</arg>
<doc>Sets the delay that is waited after each Selenium command.</doc>
<status status="PASS" start="2024-05-05T23:09:38.470936" elapsed="0.000000"/>
</kw>
<kw name="Click Element" owner="SeleniumLibrary">
<msg time="2024-05-05T23:09:38.472948" level="INFO">Clicking element '//*[@id="movie_player"]/div[27]/div[2]/div[1]/button'.</msg>
<arg>${BUTTON}</arg>
<doc>Click the element identified by ``locator``.</doc>
<status status="PASS" start="2024-05-05T23:09:38.471963" elapsed="0.714365"/>
</kw>
<kw name="Set Selenium Speed" owner="SeleniumLibrary">
<arg>0</arg>
<doc>Sets the delay that is waited after each Selenium command.</doc>
<status status="PASS" start="2024-05-05T23:09:39.186328" elapsed="0.001068"/>
</kw>
<arg>${BUTTON_Video_Play}</arg>
<status status="PASS" start="2024-05-05T23:09:37.394334" elapsed="1.793062"/>
</kw>
<kw name="Button interaction" owner="keywords">
<kw name="Wait Until Element Is Visible" owner="SeleniumLibrary">
<arg>${BUTTON}</arg>
<arg>15 seconds</arg>
<doc>Waits until the element ``locator`` is visible.</doc>
<status status="PASS" start="2024-05-05T23:09:39.189403" elapsed="0.036995"/>
</kw>
<kw name="Set Selenium Speed" owner="SeleniumLibrary">
<arg>0.2</arg>
<doc>Sets the delay that is waited after each Selenium command.</doc>
<status status="PASS" start="2024-05-05T23:09:39.226398" elapsed="0.001000"/>
</kw>
<kw name="Click Element" owner="SeleniumLibrary">
<msg time="2024-05-05T23:09:39.227398" level="INFO">Clicking element '//*[@id="movie_player"]/div[27]/div[2]/div[2]/button[2]'.</msg>
<arg>${BUTTON}</arg>
<doc>Click the element identified by ``locator``.</doc>
<status status="PASS" start="2024-05-05T23:09:39.227398" elapsed="0.513363"/>
</kw>
<kw name="Set Selenium Speed" owner="SeleniumLibrary">
<arg>0</arg>
<doc>Sets the delay that is waited after each Selenium command.</doc>
<status status="PASS" start="2024-05-05T23:09:39.741785" elapsed="0.000000"/>
</kw>
<arg>${DIV_MoviePlayer}</arg>
<status status="PASS" start="2024-05-05T23:09:39.188395" elapsed="0.554402"/>
</kw>
<kw name="Button interaction" owner="keywords">
<kw name="Wait Until Element Is Visible" owner="SeleniumLibrary">
<arg>${BUTTON}</arg>
<arg>15 seconds</arg>
<doc>Waits until the element ``locator`` is visible.</doc>
<status status="PASS" start="2024-05-05T23:09:39.746363" elapsed="0.086622"/>
</kw>
<kw name="Set Selenium Speed" owner="SeleniumLibrary">
<arg>0.2</arg>
<doc>Sets the delay that is waited after each Selenium command.</doc>
<status status="PASS" start="2024-05-05T23:09:39.834056" elapsed="0.000000"/>
</kw>
<kw name="Click Element" owner="SeleniumLibrary">
<msg time="2024-05-05T23:09:39.835348" level="INFO">Clicking element '//*[@id="ytp-id-17"]/div/div/div[2]'.</msg>
<arg>${BUTTON}</arg>
<doc>Click the element identified by ``locator``.</doc>
<status status="PASS" start="2024-05-05T23:09:39.835348" elapsed="0.730206"/>
</kw>
<kw name="Set Selenium Speed" owner="SeleniumLibrary">
<arg>0</arg>
<doc>Sets the delay that is waited after each Selenium command.</doc>
<status status="PASS" start="2024-05-05T23:09:40.566522" elapsed="0.001018"/>
</kw>
<arg>${DIV_Video_Quality}</arg>
<status status="PASS" start="2024-05-05T23:09:39.744398" elapsed="0.823142"/>
</kw>
<kw name="Button interaction" owner="keywords">
<kw name="Wait Until Element Is Visible" owner="SeleniumLibrary">
<arg>${BUTTON}</arg>
<arg>15 seconds</arg>
<doc>Waits until the element ``locator`` is visible.</doc>
<status status="PASS" start="2024-05-05T23:09:40.572098" elapsed="0.057368"/>
</kw>
<kw name="Set Selenium Speed" owner="SeleniumLibrary">
<arg>0.2</arg>
<doc>Sets the delay that is waited after each Selenium command.</doc>
<status status="PASS" start="2024-05-05T23:09:40.630478" elapsed="0.000000"/>
</kw>
<kw name="Click Element" owner="SeleniumLibrary">
<msg time="2024-05-05T23:09:40.631503" level="INFO">Clicking element '//*[@id="ytp-id-17"]/div/div[2]/div[2]'.</msg>
<arg>${BUTTON}</arg>
<doc>Click the element identified by ``locator``.</doc>
<status status="PASS" start="2024-05-05T23:09:40.630478" elapsed="0.515498"/>
</kw>
<kw name="Set Selenium Speed" owner="SeleniumLibrary">
<arg>0</arg>
<doc>Sets the delay that is waited after each Selenium command.</doc>
<status status="PASS" start="2024-05-05T23:09:41.146510" elapsed="0.001069"/>
</kw>
<arg>${DIV_Video_Quality_144}</arg>
<status status="PASS" start="2024-05-05T23:09:40.570098" elapsed="0.577481"/>
</kw>
<kw name="Button interaction" owner="keywords">
<kw name="Wait Until Element Is Visible" owner="SeleniumLibrary">
<arg>${BUTTON}</arg>
<arg>15 seconds</arg>
<doc>Waits until the element ``locator`` is visible.</doc>
<status status="PASS" start="2024-05-05T23:09:41.150587" elapsed="0.070896"/>
</kw>
<kw name="Set Selenium Speed" owner="SeleniumLibrary">
<arg>0.2</arg>
<doc>Sets the delay that is waited after each Selenium command.</doc>
<status status="PASS" start="2024-05-05T23:09:41.222481" elapsed="0.000000"/>
</kw>
<kw name="Click Element" owner="SeleniumLibrary">
<msg time="2024-05-05T23:09:41.224182" level="INFO">Clicking element '//*[@id="movie_player"]/div[27]/div[2]/div[2]/button[2]'.</msg>
<arg>${BUTTON}</arg>
<doc>Click the element identified by ``locator``.</doc>
<status status="PASS" start="2024-05-05T23:09:41.222481" elapsed="0.588966"/>
</kw>
<kw name="Set Selenium Speed" owner="SeleniumLibrary">
<arg>0</arg>
<doc>Sets the delay that is waited after each Selenium command.</doc>
<status status="PASS" start="2024-05-05T23:09:41.811447" elapsed="0.001098"/>
</kw>
<arg>${DIV_MoviePlayer}</arg>
<status status="PASS" start="2024-05-05T23:09:41.149579" elapsed="0.662966"/>
</kw>
<kw name="Wait Until Element Is Visible" owner="SeleniumLibrary">
<arg>${SPAN_Quality}</arg>
<arg>30s</arg>
<doc>Waits until the element ``locator`` is visible.</doc>
<status status="PASS" start="2024-05-05T23:09:41.814212" elapsed="0.084098"/>
</kw>
<kw name="Get Text" owner="SeleniumLibrary">
<msg time="2024-05-05T23:09:41.965736" level="INFO">${text} = 144p</msg>
<var>${text}</var>
<arg>${SPAN_Quality}</arg>
<doc>Returns the text value of the element identified by ``locator``.</doc>
<status status="PASS" start="2024-05-05T23:09:41.900335" elapsed="0.066394"/>
</kw>
<kw name="Set Selenium Speed" owner="SeleniumLibrary">
<arg>0</arg>
<doc>Sets the delay that is waited after each Selenium command.</doc>
<status status="PASS" start="2024-05-05T23:09:41.968747" elapsed="0.001044"/>
</kw>
<kw name="Log" owner="BuiltIn">
<msg time="2024-05-05T23:09:41.972400" level="INFO">144p</msg>
<arg>${text}</arg>
<doc>Logs the given message with the given level.</doc>
<status status="PASS" start="2024-05-05T23:09:41.971307" elapsed="0.001093"/>
</kw>
<kw name="Should Be Equal" owner="BuiltIn">
<arg>${text}</arg>
<arg>${VALUE_144p}</arg>
<doc>Fails if the given objects are unequal.</doc>
<status status="PASS" start="2024-05-05T23:09:41.974176" elapsed="0.000865"/>
</kw>
<status status="PASS" start="2024-05-05T23:09:35.906246" elapsed="6.070749"/>
</test>
<test id="s1-s1-s1-t10" name="Post-conditions" line="104">
<kw name="Close" owner="keywords">
<kw name="Sleep" owner="BuiltIn">
<msg time="2024-05-05T23:09:42.184113" level="INFO">Slept 200 milliseconds.</msg>
<arg>200ms</arg>
<doc>Pauses the test executed for the given time.</doc>
<status status="PASS" start="2024-05-05T23:09:41.984000" elapsed="0.200636"/>
</kw>
<kw name="Close Browser" owner="SeleniumLibrary">
<doc>Closes the current browser.</doc>
<status status="PASS" start="2024-05-05T23:09:42.185666" elapsed="2.348716"/>
</kw>
<status status="PASS" start="2024-05-05T23:09:41.982016" elapsed="2.552366"/>
</kw>
<status status="PASS" start="2024-05-05T23:09:41.981029" elapsed="2.554241"/>
</test>
<status status="PASS" start="2024-05-05T23:09:09.452579" elapsed="35.083692"/>
</suite>
<status status="PASS" start="2024-05-05T23:09:09.450582" elapsed="35.087688"/>
</suite>
<suite id="s1-s2" name="TS 001 001 001" source="C:\Users\bucka\Documents\GitHub\Simon\SWI\4. semester\Testování software\Projekt\_projekt\TS_001\TS_001_001_001">
<suite id="s1-s2-s1" name="TS 001 001 001" source="C:\Users\bucka\Documents\GitHub\Simon\SWI\4. semester\Testování software\Projekt\_projekt\TS_001\TS_001_001_001\TS_001_001_001.robot">
<test id="s1-s2-s1-t1" name="Pre-conditions" line="17">
<kw name="Open EN Incognito Chrome Webdriver" owner="keywords">
<kw name="Evaluate" owner="BuiltIn">
<msg time="2024-05-05T23:09:44.562531" level="INFO">${chrome_options} = &lt;selenium.webdriver.chrome.options.Options object at 0x000002CE2307EF90&gt;</msg>
<var>${chrome_options}</var>
<arg>sys.modules['selenium.webdriver'].ChromeOptions()</arg>
<arg>sys, selenium.webdriver</arg>
<doc>Evaluates the given expression in Python and returns the result.</doc>
<status status="PASS" start="2024-05-05T23:09:44.562531" elapsed="0.000000"/>
</kw>
<kw name="Create Dictionary" owner="BuiltIn">
<msg time="2024-05-05T23:09:44.562531" level="INFO">${prefs} = {'intl.accept_languages': 'en'}</msg>
<var>${prefs}</var>
<arg>intl.accept_languages</arg>
<arg>en</arg>
<doc>Creates and returns a dictionary based on the given ``items``.</doc>
<status status="PASS" start="2024-05-05T23:09:44.562531" elapsed="0.000000"/>
</kw>
<kw name="Call Method" owner="BuiltIn">
<arg>${chrome_options}</arg>
<arg>add_experimental_option</arg>
<arg>prefs</arg>
<arg>${prefs}</arg>
<doc>Calls the named method of the given object with the provided arguments.</doc>
<status status="PASS" start="2024-05-05T23:09:44.562531" elapsed="0.000000"/>
</kw>
<kw name="Call Method" owner="BuiltIn">
<arg>${chrome_options}</arg>
<arg>add_argument</arg>
<arg>--incognito</arg>
<doc>Calls the named method of the given object with the provided arguments.</doc>
<status status="PASS" start="2024-05-05T23:09:44.564107" elapsed="0.000000"/>
</kw>
<kw name="Create Webdriver" owner="SeleniumLibrary">
<msg time="2024-05-05T23:09:44.564107" level="INFO">Creating an instance of the Chrome WebDriver.</msg>
<arg>Chrome</arg>
<arg>options=${chrome_options}</arg>
<doc>Creates an instance of Selenium WebDriver.</doc>
<status status="PASS" start="2024-05-05T23:09:44.564107" elapsed="1.976131"/>
</kw>
<kw name="Go To" owner="SeleniumLibrary">
<msg time="2024-05-05T23:09:46.540238" level="INFO">Opening url 'https://www.krakovany.sk'</msg>
<arg>${URL}</arg>
<doc>Navigates the current browser window to the provided ``url``.</doc>
<status status="PASS" start="2024-05-05T23:09:46.540238" elapsed="5.259781"/>
</kw>
<kw name="Maximize Browser Window" owner="SeleniumLibrary">
<doc>Maximizes current browser window.</doc>
<status status="PASS" start="2024-05-05T23:09:51.800123" elapsed="0.066845"/>
</kw>
<arg>${URL_MainPage}</arg>
<doc>Open Chrome browser in incognito mode with English language</doc>
<status status="PASS" start="2024-05-05T23:09:44.562531" elapsed="7.304437"/>
</kw>
<status status="PASS" start="2024-05-05T23:09:44.561525" elapsed="7.306444"/>
</test>
<test id="s1-s2-s1-t2" name="TC_001_001_001-001 - Kontrola interakcie tláčítka Základné údaje a kontakty" line="21">
<kw name="Button interaction main menu" owner="keywords">
<kw name="Wait Until Element Is Visible" owner="SeleniumLibrary">
<arg>${BUTTON_MAIN}</arg>
<arg>10 seconds</arg>
<doc>Waits until the element ``locator`` is visible.</doc>
<status status="PASS" start="2024-05-05T23:09:51.871977" elapsed="0.055712"/>
</kw>
<kw name="Mouse Over" owner="SeleniumLibrary">
<msg time="2024-05-05T23:09:51.928690" level="INFO">Simulating Mouse Over on element '//*[@id="menu-hlavne-1"]/li[2]/a'.</msg>
<arg>${BUTTON_MAIN}</arg>
<doc>Simulates hovering the mouse over the element ``locator``.</doc>
<status status="PASS" start="2024-05-05T23:09:51.928690" elapsed="0.296190"/>
</kw>
<kw name="Wait Until Element Is Visible" owner="SeleniumLibrary">
<arg>${BUTTON_SUB}</arg>
<arg>10 seconds</arg>
<doc>Waits until the element ``locator`` is visible.</doc>
<status status="PASS" start="2024-05-05T23:09:52.225886" elapsed="0.136332"/>
</kw>
<kw name="Scroll Element Into View" owner="SeleniumLibrary">
<arg>${BUTTON_SUB}</arg>
<doc>Scrolls the element identified by ``locator`` into view.</doc>
<status status="PASS" start="2024-05-05T23:09:52.363274" elapsed="0.321726"/>
</kw>
<kw name="Click Element" owner="SeleniumLibrary">
<msg time="2024-05-05T23:09:52.685995" level="INFO">Clicking element '//*[@id="menu-hlavne-1"]/li[2]/ul/li[1]/a'.</msg>
<arg>${BUTTON_SUB}</arg>
<doc>Click the element identified by ``locator``.</doc>
<status status="PASS" start="2024-05-05T23:09:52.685995" elapsed="3.002911"/>
</kw>
<kw name="Location Should Be" owner="SeleniumLibrary">
<msg time="2024-05-05T23:09:55.700241" level="INFO">Current location is 'https://www.krakovany.sk/?p=979'.</msg>
<arg>${URL_TO_CHECK}</arg>
<doc>Verifies that the current URL is exactly ``url``.</doc>
<status status="PASS" start="2024-05-05T23:09:55.688906" elapsed="0.011335"/>
</kw>
<kw name="Page Should Contain Element" owner="SeleniumLibrary">
<msg time="2024-05-05T23:09:55.717544" level="INFO">Current page contains element '//*[@id="page-header"]/div[1]/h1/font'.</msg>
<arg>${HEADER_LOCATOR}</arg>
<doc>Verifies that element ``locator`` is found on the current page.</doc>
<status status="PASS" start="2024-05-05T23:09:55.700241" elapsed="0.017303"/>
</kw>
<kw name="Element Should Contain" owner="SeleniumLibrary">
<msg time="2024-05-05T23:09:55.745698" level="INFO">Element '//*[@id="page-header"]/div[1]/h1/font' contains text 'Základné údaje a kontakty'.</msg>
<arg>${HEADER_LOCATOR}</arg>
<arg>${HEADER_TEXT}</arg>
<doc>Verifies that element ``locator`` contains text ``expected``.</doc>
<status status="PASS" start="2024-05-05T23:09:55.717544" elapsed="0.029154"/>
</kw>
<kw name="Page Should Contain Element" owner="SeleniumLibrary">
<msg time="2024-05-05T23:09:55.761248" level="INFO">Current page contains element '//*[@id="page-header"]/div[2]/ul/li[3]'.</msg>
<arg>${LIST_LOCATOR}</arg>
<doc>Verifies that element ``locator`` is found on the current page.</doc>
<status status="PASS" start="2024-05-05T23:09:55.746698" elapsed="0.014550"/>
</kw>
<kw name="Element Should Contain" owner="SeleniumLibrary">
<msg time="2024-05-05T23:09:55.782956" level="INFO">Element '//*[@id="page-header"]/div[2]/ul/li[3]' contains text 'Základné údaje a kontakty'.</msg>
<arg>${LIST_LOCATOR}</arg>
<arg>${LIST_TEXT}</arg>
<doc>Verifies that element ``locator`` contains text ``expected``.</doc>
<status status="PASS" start="2024-05-05T23:09:55.761248" elapsed="0.021708"/>
</kw>
<arg>${BUTTON_Obec}</arg>
<arg>${BUTTON_Obec_ZakladneUdajeAkontakty}</arg>
<arg>${URL_Obec_ZakladneUdajeAKontakty}</arg>
<arg>${FONT_Obec_Heading}</arg>
<arg>${VALUE_ZakladneUdajeaKontakty}</arg>
<arg>${LIST_ThirdElement}</arg>
<arg>${VALUE_ZakladneUdajeaKontakty}</arg>
<status status="PASS" start="2024-05-05T23:09:51.870969" elapsed="3.911987"/>
</kw>
<status status="PASS" start="2024-05-05T23:09:51.869970" elapsed="3.913988"/>
</test>
<test id="s1-s2-s1-t3" name="TC_001_001_001-002 - Kontrola interakcie tláčítka Geografická poloha" line="25">
<kw name="Button interaction main menu" owner="keywords">
<kw name="Wait Until Element Is Visible" owner="SeleniumLibrary">
<arg>${BUTTON_MAIN}</arg>
<arg>10 seconds</arg>
<doc>Waits until the element ``locator`` is visible.</doc>
<status status="PASS" start="2024-05-05T23:09:55.787121" elapsed="0.026714"/>
</kw>
<kw name="Mouse Over" owner="SeleniumLibrary">
<msg time="2024-05-05T23:09:55.813835" level="INFO">Simulating Mouse Over on element '//*[@id="menu-hlavne-1"]/li[2]/a'.</msg>
<arg>${BUTTON_MAIN}</arg>
<doc>Simulates hovering the mouse over the element ``locator``.</doc>
<status status="PASS" start="2024-05-05T23:09:55.813835" elapsed="0.298781"/>
</kw>
<kw name="Wait Until Element Is Visible" owner="SeleniumLibrary">
<arg>${BUTTON_SUB}</arg>
<arg>10 seconds</arg>
<doc>Waits until the element ``locator`` is visible.</doc>
<status status="PASS" start="2024-05-05T23:09:56.114129" elapsed="0.051797"/>
</kw>
<kw name="Scroll Element Into View" owner="SeleniumLibrary">
<arg>${BUTTON_SUB}</arg>
<doc>Scrolls the element identified by ``locator`` into view.</doc>
<status status="PASS" start="2024-05-05T23:09:56.165926" elapsed="0.306160"/>
</kw>
<kw name="Click Element" owner="SeleniumLibrary">
<msg time="2024-05-05T23:09:56.473070" level="INFO">Clicking element '//*[@id="menu-hlavne-1"]/li[2]/ul/li[2]/a'.</msg>
<arg>${BUTTON_SUB}</arg>
<doc>Click the element identified by ``locator``.</doc>
<status status="PASS" start="2024-05-05T23:09:56.473070" elapsed="3.642391"/>
</kw>
<kw name="Location Should Be" owner="SeleniumLibrary">
<msg time="2024-05-05T23:10:00.125285" level="INFO">Current location is 'https://www.krakovany.sk/?p=48'.</msg>
<arg>${URL_TO_CHECK}</arg>
<doc>Verifies that the current URL is exactly ``url``.</doc>
<status status="PASS" start="2024-05-05T23:10:00.116461" elapsed="0.008824"/>
</kw>
<kw name="Page Should Contain Element" owner="SeleniumLibrary">
<msg time="2024-05-05T23:10:00.137816" level="INFO">Current page contains element '//*[@id="page-header"]/div[1]/h1/font'.</msg>
<arg>${HEADER_LOCATOR}</arg>
<doc>Verifies that element ``locator`` is found on the current page.</doc>
<status status="PASS" start="2024-05-05T23:10:00.126322" elapsed="0.011494"/>
</kw>
<kw name="Element Should Contain" owner="SeleniumLibrary">
<msg time="2024-05-05T23:10:00.161066" level="INFO">Element '//*[@id="page-header"]/div[1]/h1/font' contains text 'Geografická poloha'.</msg>
<arg>${HEADER_LOCATOR}</arg>
<arg>${HEADER_TEXT}</arg>
<doc>Verifies that element ``locator`` contains text ``expected``.</doc>
<status status="PASS" start="2024-05-05T23:10:00.138851" elapsed="0.022215"/>
</kw>
<kw name="Page Should Contain Element" owner="SeleniumLibrary">
<msg time="2024-05-05T23:10:00.172582" level="INFO">Current page contains element '//*[@id="page-header"]/div[2]/ul/li[3]'.</msg>
<arg>${LIST_LOCATOR}</arg>
<doc>Verifies that element ``locator`` is found on the current page.</doc>
<status status="PASS" start="2024-05-05T23:10:00.161066" elapsed="0.011516"/>
</kw>
<kw name="Element Should Contain" owner="SeleniumLibrary">
<msg time="2024-05-05T23:10:00.196226" level="INFO">Element '//*[@id="page-header"]/div[2]/ul/li[3]' contains text 'Geografická poloha'.</msg>
<arg>${LIST_LOCATOR}</arg>
<arg>${LIST_TEXT}</arg>
<doc>Verifies that element ``locator`` contains text ``expected``.</doc>
<status status="PASS" start="2024-05-05T23:10:00.172582" elapsed="0.023644"/>
</kw>
<arg>${BUTTON_Obec}</arg>
<arg>${BUTTON_Obec_GeografickaPoloha}</arg>
<arg>${URL_Obec_GeografickaPoloha}</arg>
<arg>${FONT_Obec_Heading}</arg>
<arg>${VALUE_GeografickaPoloha}</arg>
<arg>${LIST_ThirdElement}</arg>
<arg>${VALUE_GeografickaPoloha}</arg>
<status status="PASS" start="2024-05-05T23:09:55.786121" elapsed="4.410105"/>
</kw>
<status status="PASS" start="2024-05-05T23:09:55.785122" elapsed="4.412106"/>
</test>
<test id="s1-s2-s1-t4" name="TC_001_001_001-003 - Kontrola interakcie tláčítka História obce Krakovany" line="29">
<kw name="Button interaction main menu" owner="keywords">
<kw name="Wait Until Element Is Visible" owner="SeleniumLibrary">
<arg>${BUTTON_MAIN}</arg>
<arg>10 seconds</arg>
<doc>Waits until the element ``locator`` is visible.</doc>
<status status="PASS" start="2024-05-05T23:10:00.200485" elapsed="0.063475"/>
</kw>
<kw name="Mouse Over" owner="SeleniumLibrary">
<msg time="2024-05-05T23:10:00.264976" level="INFO">Simulating Mouse Over on element '//*[@id="menu-hlavne-1"]/li[2]/a'.</msg>
<arg>${BUTTON_MAIN}</arg>
<doc>Simulates hovering the mouse over the element ``locator``.</doc>
<status status="PASS" start="2024-05-05T23:10:00.263960" elapsed="0.294316"/>
</kw>
<kw name="Wait Until Element Is Visible" owner="SeleniumLibrary">
<arg>${BUTTON_SUB}</arg>
<arg>10 seconds</arg>
<doc>Waits until the element ``locator`` is visible.</doc>
<status status="PASS" start="2024-05-05T23:10:00.558276" elapsed="0.029382"/>
</kw>
<kw name="Scroll Element Into View" owner="SeleniumLibrary">
<arg>${BUTTON_SUB}</arg>
<doc>Scrolls the element identified by ``locator`` into view.</doc>
<status status="PASS" start="2024-05-05T23:10:00.587658" elapsed="0.299386"/>
</kw>
<kw name="Click Element" owner="SeleniumLibrary">
<msg time="2024-05-05T23:10:00.888263" level="INFO">Clicking element '//*[@id="menu-hlavne-1"]/li[2]/ul/li[3]/a'.</msg>
<arg>${BUTTON_SUB}</arg>
<doc>Click the element identified by ``locator``.</doc>
<status status="PASS" start="2024-05-05T23:10:00.887044" elapsed="3.221989"/>
</kw>
<kw name="Location Should Be" owner="SeleniumLibrary">
<msg time="2024-05-05T23:10:04.132150" level="INFO">Current location is 'https://www.krakovany.sk/?p=1'.</msg>
<arg>${URL_TO_CHECK}</arg>
<doc>Verifies that the current URL is exactly ``url``.</doc>
<status status="PASS" start="2024-05-05T23:10:04.110066" elapsed="0.022084"/>
</kw>
<kw name="Page Should Contain Element" owner="SeleniumLibrary">
<msg time="2024-05-05T23:10:04.174057" level="INFO">Current page contains element '//*[@id="page-header"]/div[1]/h1/font'.</msg>
<arg>${HEADER_LOCATOR}</arg>
<doc>Verifies that element ``locator`` is found on the current page.</doc>
<status status="PASS" start="2024-05-05T23:10:04.132150" elapsed="0.041907"/>
</kw>
<kw name="Element Should Contain" owner="SeleniumLibrary">
<msg time="2024-05-05T23:10:04.245004" level="INFO">Element '//*[@id="page-header"]/div[1]/h1/font' contains text 'História obce Krakovany'.</msg>
<arg>${HEADER_LOCATOR}</arg>
<arg>${HEADER_TEXT}</arg>
<doc>Verifies that element ``locator`` contains text ``expected``.</doc>
<status status="PASS" start="2024-05-05T23:10:04.174956" elapsed="0.070048"/>
</kw>
<kw name="Page Should Contain Element" owner="SeleniumLibrary">
<msg time="2024-05-05T23:10:04.278192" level="INFO">Current page contains element '//*[@id="page-header"]/div[2]/ul/li[3]'.</msg>
<arg>${LIST_LOCATOR}</arg>
<doc>Verifies that element ``locator`` is found on the current page.</doc>
<status status="PASS" start="2024-05-05T23:10:04.245004" elapsed="0.033188"/>
</kw>
<kw name="Element Should Contain" owner="SeleniumLibrary">
<msg time="2024-05-05T23:10:04.351676" level="INFO">Element '//*[@id="page-header"]/div[2]/ul/li[3]' contains text 'História obce Krakovany'.</msg>
<arg>${LIST_LOCATOR}</arg>
<arg>${LIST_TEXT}</arg>
<doc>Verifies that element ``locator`` contains text ``expected``.</doc>
<status status="PASS" start="2024-05-05T23:10:04.279246" elapsed="0.072430"/>
</kw>
<arg>${BUTTON_Obec}</arg>
<arg>${BUTTON_Obec_HistoriaObce}</arg>
<arg>${URL_Obec_HistoriaObce}</arg>
<arg>${FONT_Obec_Heading}</arg>
<arg>${VALUE_HistoriaObce}</arg>
<arg>${LIST_ThirdElement}</arg>
<arg>${VALUE_HistoriaObce}</arg>
<status status="PASS" start="2024-05-05T23:10:00.200485" elapsed="4.152171"/>
</kw>
<status status="PASS" start="2024-05-05T23:10:00.198481" elapsed="4.155755"/>
</test>
<test id="s1-s2-s1-t5" name="TC_001_001_001-004 - Kontrola interakcie tláčítka Monografia obce" line="33">
<kw name="Button interaction main menu" owner="keywords">
<kw name="Wait Until Element Is Visible" owner="SeleniumLibrary">
<arg>${BUTTON_MAIN}</arg>
<arg>10 seconds</arg>
<doc>Waits until the element ``locator`` is visible.</doc>
<status status="PASS" start="2024-05-05T23:10:04.362194" elapsed="0.055813"/>
</kw>
<kw name="Mouse Over" owner="SeleniumLibrary">
<msg time="2024-05-05T23:10:04.419007" level="INFO">Simulating Mouse Over on element '//*[@id="menu-hlavne-1"]/li[2]/a'.</msg>
<arg>${BUTTON_MAIN}</arg>
<doc>Simulates hovering the mouse over the element ``locator``.</doc>
<status status="PASS" start="2024-05-05T23:10:04.418007" elapsed="0.297121"/>
</kw>
<kw name="Wait Until Element Is Visible" owner="SeleniumLibrary">
<arg>${BUTTON_SUB}</arg>
<arg>10 seconds</arg>
<doc>Waits until the element ``locator`` is visible.</doc>
<status status="PASS" start="2024-05-05T23:10:04.715128" elapsed="0.037104"/>
</kw>
<kw name="Scroll Element Into View" owner="SeleniumLibrary">
<arg>${BUTTON_SUB}</arg>
<doc>Scrolls the element identified by ``locator`` into view.</doc>
<status status="PASS" start="2024-05-05T23:10:04.752232" elapsed="0.304598"/>
</kw>
<kw name="Click Element" owner="SeleniumLibrary">
<msg time="2024-05-05T23:10:05.056830" level="INFO">Clicking element '//*[@id="menu-hlavne-1"]/li[2]/ul/li[4]/a'.</msg>
<arg>${BUTTON_SUB}</arg>
<doc>Click the element identified by ``locator``.</doc>
<status status="PASS" start="2024-05-05T23:10:05.056830" elapsed="3.321269"/>
</kw>
<kw name="Location Should Be" owner="SeleniumLibrary">
<msg time="2024-05-05T23:10:08.391637" level="INFO">Current location is 'https://www.krakovany.sk/?p=1454'.</msg>
<arg>${URL_TO_CHECK}</arg>
<doc>Verifies that the current URL is exactly ``url``.</doc>
<status status="PASS" start="2024-05-05T23:10:08.379099" elapsed="0.012538"/>
</kw>
<kw name="Page Should Contain Element" owner="SeleniumLibrary">
<msg time="2024-05-05T23:10:08.410720" level="INFO">Current page contains element '//*[@id="page-header"]/div[1]/h1/font'.</msg>
<arg>${HEADER_LOCATOR}</arg>
<doc>Verifies that element ``locator`` is found on the current page.</doc>
<status status="PASS" start="2024-05-05T23:10:08.391637" elapsed="0.020080"/>
</kw>
<kw name="Element Should Contain" owner="SeleniumLibrary">
<msg time="2024-05-05T23:10:08.472949" level="INFO">Element '//*[@id="page-header"]/div[1]/h1/font' contains text 'Monografia o obci Krakovany Pečať našich predkov'.</msg>
<arg>${HEADER_LOCATOR}</arg>
<arg>${HEADER_TEXT}</arg>
<doc>Verifies that element ``locator`` contains text ``expected``.</doc>
<status status="PASS" start="2024-05-05T23:10:08.411717" elapsed="0.061232"/>
</kw>
<kw name="Page Should Contain Element" owner="SeleniumLibrary">
<msg time="2024-05-05T23:10:08.491022" level="INFO">Current page contains element '//*[@id="page-header"]/div[2]/ul/li[3]'.</msg>
<arg>${LIST_LOCATOR}</arg>
<doc>Verifies that element ``locator`` is found on the current page.</doc>
<status status="PASS" start="2024-05-05T23:10:08.473944" elapsed="0.017078"/>
</kw>
<kw name="Element Should Contain" owner="SeleniumLibrary">
<msg time="2024-05-05T23:10:08.528357" level="INFO">Element '//*[@id="page-header"]/div[2]/ul/li[3]' contains text 'Monografia o obci Krakovany Pečať našich predkov'.</msg>
<arg>${LIST_LOCATOR}</arg>
<arg>${LIST_TEXT}</arg>
<doc>Verifies that element ``locator`` contains text ``expected``.</doc>
<status status="PASS" start="2024-05-05T23:10:08.492020" elapsed="0.036337"/>
</kw>
<arg>${BUTTON_Obec}</arg>
<arg>${BUTTON_Obec_MonografiaObce}</arg>
<arg>${URL_Obec_MonografiaObce}</arg>
<arg>${FONT_Obec_Heading}</arg>
<arg>${VALUE_MonografiaObce}</arg>
<arg>${LIST_ThirdElement}</arg>
<arg>${VALUE_MonografiaObce}</arg>
<status status="PASS" start="2024-05-05T23:10:04.360193" elapsed="4.168164"/>
</kw>
<status status="PASS" start="2024-05-05T23:10:04.357192" elapsed="4.172163"/>
</test>
<test id="s1-s2-s1-t6" name="TC_001_001_001-005 - Kontrola interakcie tláčítka Erb obce" line="37">
<kw name="Button interaction main menu" owner="keywords">
<kw name="Wait Until Element Is Visible" owner="SeleniumLibrary">
<arg>${BUTTON_MAIN}</arg>
<arg>10 seconds</arg>
<doc>Waits until the element ``locator`` is visible.</doc>
<status status="PASS" start="2024-05-05T23:10:08.535880" elapsed="0.060215"/>
</kw>
<kw name="Mouse Over" owner="SeleniumLibrary">
<msg time="2024-05-05T23:10:08.597096" level="INFO">Simulating Mouse Over on element '//*[@id="menu-hlavne-1"]/li[2]/a'.</msg>
<arg>${BUTTON_MAIN}</arg>
<doc>Simulates hovering the mouse over the element ``locator``.</doc>
<status status="PASS" start="2024-05-05T23:10:08.596095" elapsed="0.319187"/>
</kw>
<kw name="Wait Until Element Is Visible" owner="SeleniumLibrary">
<arg>${BUTTON_SUB}</arg>
<arg>10 seconds</arg>
<doc>Waits until the element ``locator`` is visible.</doc>
<status status="PASS" start="2024-05-05T23:10:08.915282" elapsed="0.030591"/>
</kw>
<kw name="Scroll Element Into View" owner="SeleniumLibrary">
<arg>${BUTTON_SUB}</arg>
<doc>Scrolls the element identified by ``locator`` into view.</doc>
<status status="PASS" start="2024-05-05T23:10:08.946881" elapsed="0.298565"/>
</kw>
<kw name="Click Element" owner="SeleniumLibrary">
<msg time="2024-05-05T23:10:09.246462" level="INFO">Clicking element '//*[@id="menu-hlavne-1"]/li[2]/ul/li[5]/a'.</msg>
<arg>${BUTTON_SUB}</arg>
<doc>Click the element identified by ``locator``.</doc>
<status status="PASS" start="2024-05-05T23:10:09.245446" elapsed="4.456516"/>
</kw>
<kw name="Location Should Be" owner="SeleniumLibrary">
<msg time="2024-05-05T23:10:13.721085" level="INFO">Current location is 'https://www.krakovany.sk/?p=1136'.</msg>
<arg>${URL_TO_CHECK}</arg>
<doc>Verifies that the current URL is exactly ``url``.</doc>
<status status="PASS" start="2024-05-05T23:10:13.701962" elapsed="0.020124"/>
</kw>
<kw name="Page Should Contain Element" owner="SeleniumLibrary">
<msg time="2024-05-05T23:10:13.757208" level="INFO">Current page contains element '//*[@id="page-header"]/div[1]/h1/font'.</msg>
<arg>${HEADER_LOCATOR}</arg>
<doc>Verifies that element ``locator`` is found on the current page.</doc>
<status status="PASS" start="2024-05-05T23:10:13.723088" elapsed="0.034120"/>
</kw>
<kw name="Element Should Contain" owner="SeleniumLibrary">
<msg time="2024-05-05T23:10:13.816982" level="INFO">Element '//*[@id="page-header"]/div[1]/h1/font' contains text 'Erb obce'.</msg>
<arg>${HEADER_LOCATOR}</arg>
<arg>${HEADER_TEXT}</arg>
<doc>Verifies that element ``locator`` contains text ``expected``.</doc>
<status status="PASS" start="2024-05-05T23:10:13.758214" elapsed="0.059789"/>
</kw>
<kw name="Page Should Contain Element" owner="SeleniumLibrary">
<msg time="2024-05-05T23:10:13.847447" level="INFO">Current page contains element '//*[@id="page-header"]/div[2]/ul/li[3]'.</msg>
<arg>${LIST_LOCATOR}</arg>
<doc>Verifies that element ``locator`` is found on the current page.</doc>
<status status="PASS" start="2024-05-05T23:10:13.818003" elapsed="0.029444"/>
</kw>
<kw name="Element Should Contain" owner="SeleniumLibrary">
<msg time="2024-05-05T23:10:13.907511" level="INFO">Element '//*[@id="page-header"]/div[2]/ul/li[3]' contains text 'Erb obce'.</msg>
<arg>${LIST_LOCATOR}</arg>
<arg>${LIST_TEXT}</arg>
<doc>Verifies that element ``locator`` contains text ``expected``.</doc>
<status status="PASS" start="2024-05-05T23:10:13.848444" elapsed="0.059067"/>
</kw>
<arg>${BUTTON_Obec}</arg>
<arg>${BUTTON_Obec_ErbObce}</arg>
<arg>${URL_Obec_ErbObce}</arg>
<arg>${FONT_Obec_Heading}</arg>
<arg>${VALUE_ErbObce}</arg>
<arg>${LIST_ThirdElement}</arg>
<arg>${VALUE_ErbObce}</arg>
<status status="PASS" start="2024-05-05T23:10:08.532356" elapsed="5.376176"/>
</kw>
<status status="PASS" start="2024-05-05T23:10:08.531355" elapsed="5.377177"/>
</test>
<test id="s1-s2-s1-t7" name="TC_001_001_001-006 - Kontrola interakcie tláčítka Územný plán obce" line="41">
<kw name="Button interaction main menu" owner="keywords">
<kw name="Wait Until Element Is Visible" owner="SeleniumLibrary">
<arg>${BUTTON_MAIN}</arg>
<arg>10 seconds</arg>
<doc>Waits until the element ``locator`` is visible.</doc>
<status status="PASS" start="2024-05-05T23:10:13.914040" elapsed="0.033197"/>
</kw>
<kw name="Mouse Over" owner="SeleniumLibrary">
<msg time="2024-05-05T23:10:13.947237" level="INFO">Simulating Mouse Over on element '//*[@id="menu-hlavne-1"]/li[2]/a'.</msg>
<arg>${BUTTON_MAIN}</arg>
<doc>Simulates hovering the mouse over the element ``locator``.</doc>
<status status="PASS" start="2024-05-05T23:10:13.947237" elapsed="0.292461"/>
</kw>
<kw name="Wait Until Element Is Visible" owner="SeleniumLibrary">
<arg>${BUTTON_SUB}</arg>
<arg>10 seconds</arg>
<doc>Waits until the element ``locator`` is visible.</doc>
<status status="PASS" start="2024-05-05T23:10:14.240633" elapsed="0.081850"/>
</kw>
<kw name="Scroll Element Into View" owner="SeleniumLibrary">
<arg>${BUTTON_SUB}</arg>
<doc>Scrolls the element identified by ``locator`` into view.</doc>
<status status="PASS" start="2024-05-05T23:10:14.322483" elapsed="0.336372"/>
</kw>
<kw name="Click Element" owner="SeleniumLibrary">
<msg time="2024-05-05T23:10:14.660854" level="INFO">Clicking element '//*[@id="menu-hlavne-1"]/li[2]/ul/li[6]/a'.</msg>
<arg>${BUTTON_SUB}</arg>
<doc>Click the element identified by ``locator``.</doc>
<status status="PASS" start="2024-05-05T23:10:14.659854" elapsed="2.653831"/>
</kw>
<kw name="Location Should Be" owner="SeleniumLibrary">
<msg time="2024-05-05T23:10:17.323694" level="INFO">Current location is 'https://www.krakovany.sk/?p=1423'.</msg>
<arg>${URL_TO_CHECK}</arg>
<doc>Verifies that the current URL is exactly ``url``.</doc>
<status status="PASS" start="2024-05-05T23:10:17.314698" elapsed="0.010260"/>
</kw>
<kw name="Page Should Contain Element" owner="SeleniumLibrary">
<msg time="2024-05-05T23:10:17.340695" level="INFO">Current page contains element '//*[@id="page-header"]/div[1]/h1/font'.</msg>
<arg>${HEADER_LOCATOR}</arg>
<doc>Verifies that element ``locator`` is found on the current page.</doc>
<status status="PASS" start="2024-05-05T23:10:17.324958" elapsed="0.015737"/>
</kw>
<kw name="Element Should Contain" owner="SeleniumLibrary">
<msg time="2024-05-05T23:10:17.372327" level="INFO">Element '//*[@id="page-header"]/div[1]/h1/font' contains text 'Územný plán obce'.</msg>
<arg>${HEADER_LOCATOR}</arg>
<arg>${HEADER_TEXT}</arg>
<doc>Verifies that element ``locator`` contains text ``expected``.</doc>
<status status="PASS" start="2024-05-05T23:10:17.340695" elapsed="0.031632"/>
</kw>
<kw name="Page Should Contain Element" owner="SeleniumLibrary">
<msg time="2024-05-05T23:10:17.383863" level="INFO">Current page contains element '//*[@id="page-header"]/div[2]/ul/li[3]'.</msg>
<arg>${LIST_LOCATOR}</arg>
<doc>Verifies that element ``locator`` is found on the current page.</doc>
[...]
<arg>${DIV}</arg>
<arg>${KEY}</arg>
<doc>Simulates the user pressing key(s) to an element or on the active browser.</doc>
<status status="PASS" start="2024-05-05T23:12:32.214972" elapsed="0.418417"/>
</kw>
<kw name="Evaluate" owner="BuiltIn">
<msg time="2024-05-05T23:12:32.635944" level="INFO">${count} = 3</msg>
<var>${count}</var>
<arg>${count} + 1</arg>
<doc>Evaluates the given expression in Python and returns the result.</doc>
<status status="PASS" start="2024-05-05T23:12:32.634944" elapsed="0.001000"/>
</kw>
<status status="PASS" start="2024-05-05T23:12:32.213958" elapsed="0.422985"/>
</iter>
<iter>
<kw name="Press Keys" owner="SeleniumLibrary">
<msg time="2024-05-05T23:12:32.640999" level="INFO">Sending key(s) ('ARROW_UP',) to //*[@id="mapDiv"]/div/div[3]/div[1]/div[2] element.</msg>
<msg time="2024-05-05T23:12:33.034505" level="INFO">Pressing special key ARROW_UP to element.</msg>
<msg time="2024-05-05T23:12:33.034505" level="INFO">Releasing special key ARROW_UP.</msg>
<arg>${DIV}</arg>
<arg>${KEY}</arg>
<doc>Simulates the user pressing key(s) to an element or on the active browser.</doc>
<status status="PASS" start="2024-05-05T23:12:32.637986" elapsed="0.410810"/>
</kw>
<kw name="Evaluate" owner="BuiltIn">
<msg time="2024-05-05T23:12:33.048796" level="INFO">${count} = 4</msg>
<var>${count}</var>
<arg>${count} + 1</arg>
<doc>Evaluates the given expression in Python and returns the result.</doc>
<status status="PASS" start="2024-05-05T23:12:33.048796" elapsed="0.000000"/>
</kw>
<status status="PASS" start="2024-05-05T23:12:32.636943" elapsed="0.412853"/>
</iter>
<iter>
<kw name="Press Keys" owner="SeleniumLibrary">
<msg time="2024-05-05T23:12:33.050796" level="INFO">Sending key(s) ('ARROW_UP',) to //*[@id="mapDiv"]/div/div[3]/div[1]/div[2] element.</msg>
<msg time="2024-05-05T23:12:33.393276" level="INFO">Pressing special key ARROW_UP to element.</msg>
<msg time="2024-05-05T23:12:33.393276" level="INFO">Releasing special key ARROW_UP.</msg>
<arg>${DIV}</arg>
<arg>${KEY}</arg>
<doc>Simulates the user pressing key(s) to an element or on the active browser.</doc>
<status status="PASS" start="2024-05-05T23:12:33.049796" elapsed="0.362508"/>
</kw>
<kw name="Evaluate" owner="BuiltIn">
<msg time="2024-05-05T23:12:33.413303" level="INFO">${count} = 5</msg>
<var>${count}</var>
<arg>${count} + 1</arg>
<doc>Evaluates the given expression in Python and returns the result.</doc>
<status status="PASS" start="2024-05-05T23:12:33.412304" elapsed="0.001558"/>
</kw>
<status status="PASS" start="2024-05-05T23:12:33.049796" elapsed="0.364066"/>
</iter>
<iter>
<kw name="Press Keys" owner="SeleniumLibrary">
<msg time="2024-05-05T23:12:33.414874" level="INFO">Sending key(s) ('ARROW_UP',) to //*[@id="mapDiv"]/div/div[3]/div[1]/div[2] element.</msg>
<msg time="2024-05-05T23:12:33.751745" level="INFO">Pressing special key ARROW_UP to element.</msg>
<msg time="2024-05-05T23:12:33.751745" level="INFO">Releasing special key ARROW_UP.</msg>
<arg>${DIV}</arg>
<arg>${KEY}</arg>
<doc>Simulates the user pressing key(s) to an element or on the active browser.</doc>
<status status="PASS" start="2024-05-05T23:12:33.413862" elapsed="0.350439"/>
</kw>
<kw name="Evaluate" owner="BuiltIn">
<msg time="2024-05-05T23:12:33.765302" level="INFO">${count} = 6</msg>
<var>${count}</var>
<arg>${count} + 1</arg>
<doc>Evaluates the given expression in Python and returns the result.</doc>
<status status="PASS" start="2024-05-05T23:12:33.764301" elapsed="0.001001"/>
</kw>
<status status="PASS" start="2024-05-05T23:12:33.413862" elapsed="0.351440"/>
</iter>
<status status="PASS" start="2024-05-05T23:12:31.320692" elapsed="2.444610"/>
</while>
<kw name="Get Element Attribute" owner="SeleniumLibrary">
<msg time="2024-05-05T23:12:33.793329" level="INFO">${matrix} = position: absolute; z-index: 986; transform: matrix(1, 0, 0, 1, -2, -73);</msg>
<var>${matrix}</var>
<arg>${MATRIX}</arg>
<arg>style</arg>
<doc>Returns the value of ``attribute`` from the element ``locator``.</doc>
<status status="PASS" start="2024-05-05T23:12:33.766301" elapsed="0.027028"/>
</kw>
<kw name="Log" owner="BuiltIn">
<msg time="2024-05-05T23:12:33.793329" level="INFO">position: absolute; z-index: 986; transform: matrix(1, 0, 0, 1, -2, -73);</msg>
<arg>${matrix}</arg>
<doc>Logs the given message with the given level.</doc>
<status status="PASS" start="2024-05-05T23:12:33.793329" elapsed="0.000591"/>
</kw>
<kw name="Should Be Equal" owner="BuiltIn">
<arg>${matrix}</arg>
<arg>${VALUE}</arg>
<doc>Fails if the given objects are unequal.</doc>
<status status="PASS" start="2024-05-05T23:12:33.793920" elapsed="0.000000"/>
</kw>
<arg>${DIV_Map_frame}</arg>
<arg>${KEY_Up}</arg>
<arg>${DIV_Map_matrix}</arg>
<arg>${VALUE_Map_matrix_move_up}</arg>
<status status="PASS" start="2024-05-05T23:12:31.318697" elapsed="2.475223"/>
</kw>
<status status="PASS" start="2024-05-05T23:12:31.316659" elapsed="2.478271"/>
</test>
<test id="s1-s7-t8" name="TC_001_006-007 - Kontrola funkcie `Move down`" line="63">
<kw name="Move functionality" owner="keywords">
<kw name="Convert To Integer" owner="BuiltIn">
<msg time="2024-05-05T23:12:33.797944" level="INFO">${count} = 0</msg>
<var>${count}</var>
<arg>0</arg>
<doc>Converts the given item to an integer number.</doc>
<status status="PASS" start="2024-05-05T23:12:33.797944" elapsed="0.000000"/>
</kw>
<while condition="${count} &lt;= 5">
<iter>
<kw name="Press Keys" owner="SeleniumLibrary">
<msg time="2024-05-05T23:12:33.798944" level="INFO">Sending key(s) ('ARROW_DOWN',) to //*[@id="mapDiv"]/div/div[3]/div[1]/div[2] element.</msg>
<msg time="2024-05-05T23:12:34.141612" level="INFO">Pressing special key ARROW_DOWN to element.</msg>
<msg time="2024-05-05T23:12:34.141612" level="INFO">Releasing special key ARROW_DOWN.</msg>
<arg>${DIV}</arg>
<arg>${KEY}</arg>
<doc>Simulates the user pressing key(s) to an element or on the active browser.</doc>
<status status="PASS" start="2024-05-05T23:12:33.798944" elapsed="0.354372"/>
</kw>
<kw name="Evaluate" owner="BuiltIn">
<msg time="2024-05-05T23:12:34.154326" level="INFO">${count} = 1</msg>
<var>${count}</var>
<arg>${count} + 1</arg>
<doc>Evaluates the given expression in Python and returns the result.</doc>
<status status="PASS" start="2024-05-05T23:12:34.154326" elapsed="0.000000"/>
</kw>
<status status="PASS" start="2024-05-05T23:12:33.797944" elapsed="0.356382"/>
</iter>
<iter>
<kw name="Press Keys" owner="SeleniumLibrary">
<msg time="2024-05-05T23:12:34.155324" level="INFO">Sending key(s) ('ARROW_DOWN',) to //*[@id="mapDiv"]/div/div[3]/div[1]/div[2] element.</msg>
<msg time="2024-05-05T23:12:34.533342" level="INFO">Pressing special key ARROW_DOWN to element.</msg>
<msg time="2024-05-05T23:12:34.533342" level="INFO">Releasing special key ARROW_DOWN.</msg>
<arg>${DIV}</arg>
<arg>${KEY}</arg>
<doc>Simulates the user pressing key(s) to an element or on the active browser.</doc>
<status status="PASS" start="2024-05-05T23:12:34.155324" elapsed="0.392579"/>
</kw>
<kw name="Evaluate" owner="BuiltIn">
<msg time="2024-05-05T23:12:34.548903" level="INFO">${count} = 2</msg>
<var>${count}</var>
<arg>${count} + 1</arg>
<doc>Evaluates the given expression in Python and returns the result.</doc>
<status status="PASS" start="2024-05-05T23:12:34.547903" elapsed="0.001000"/>
</kw>
<status status="PASS" start="2024-05-05T23:12:34.154326" elapsed="0.394577"/>
</iter>
<iter>
<kw name="Press Keys" owner="SeleniumLibrary">
<msg time="2024-05-05T23:12:34.549902" level="INFO">Sending key(s) ('ARROW_DOWN',) to //*[@id="mapDiv"]/div/div[3]/div[1]/div[2] element.</msg>
<msg time="2024-05-05T23:12:34.905965" level="INFO">Pressing special key ARROW_DOWN to element.</msg>
<msg time="2024-05-05T23:12:34.906959" level="INFO">Releasing special key ARROW_DOWN.</msg>
<arg>${DIV}</arg>
<arg>${KEY}</arg>
<doc>Simulates the user pressing key(s) to an element or on the active browser.</doc>
<status status="PASS" start="2024-05-05T23:12:34.549902" elapsed="0.395457"/>
</kw>
<kw name="Evaluate" owner="BuiltIn">
<msg time="2024-05-05T23:12:34.948362" level="INFO">${count} = 3</msg>
<var>${count}</var>
<arg>${count} + 1</arg>
<doc>Evaluates the given expression in Python and returns the result.</doc>
<status status="PASS" start="2024-05-05T23:12:34.946365" elapsed="0.001997"/>
</kw>
<status status="PASS" start="2024-05-05T23:12:34.548903" elapsed="0.400488"/>
</iter>
<iter>
<kw name="Press Keys" owner="SeleniumLibrary">
<msg time="2024-05-05T23:12:34.954961" level="INFO">Sending key(s) ('ARROW_DOWN',) to //*[@id="mapDiv"]/div/div[3]/div[1]/div[2] element.</msg>
<msg time="2024-05-05T23:12:35.354965" level="INFO">Pressing special key ARROW_DOWN to element.</msg>
<msg time="2024-05-05T23:12:35.355959" level="INFO">Releasing special key ARROW_DOWN.</msg>
<arg>${DIV}</arg>
<arg>${KEY}</arg>
<doc>Simulates the user pressing key(s) to an element or on the active browser.</doc>
<status status="PASS" start="2024-05-05T23:12:34.950390" elapsed="0.454068"/>
</kw>
<kw name="Evaluate" owner="BuiltIn">
<msg time="2024-05-05T23:12:35.407456" level="INFO">${count} = 4</msg>
<var>${count}</var>
<arg>${count} + 1</arg>
<doc>Evaluates the given expression in Python and returns the result.</doc>
<status status="PASS" start="2024-05-05T23:12:35.405458" elapsed="0.001998"/>
</kw>
<status status="PASS" start="2024-05-05T23:12:34.949391" elapsed="0.459095"/>
</iter>
<iter>
<kw name="Press Keys" owner="SeleniumLibrary">
<msg time="2024-05-05T23:12:35.411491" level="INFO">Sending key(s) ('ARROW_DOWN',) to //*[@id="mapDiv"]/div/div[3]/div[1]/div[2] element.</msg>
<msg time="2024-05-05T23:12:35.869019" level="INFO">Pressing special key ARROW_DOWN to element.</msg>
<msg time="2024-05-05T23:12:35.869019" level="INFO">Releasing special key ARROW_DOWN.</msg>
<arg>${DIV}</arg>
<arg>${KEY}</arg>
<doc>Simulates the user pressing key(s) to an element or on the active browser.</doc>
<status status="PASS" start="2024-05-05T23:12:35.409485" elapsed="0.476453"/>
</kw>
<kw name="Evaluate" owner="BuiltIn">
<msg time="2024-05-05T23:12:35.886955" level="INFO">${count} = 5</msg>
<var>${count}</var>
<arg>${count} + 1</arg>
<doc>Evaluates the given expression in Python and returns the result.</doc>
<status status="PASS" start="2024-05-05T23:12:35.885938" elapsed="0.001017"/>
</kw>
<status status="PASS" start="2024-05-05T23:12:35.408486" elapsed="0.478469"/>
</iter>
<iter>
<kw name="Press Keys" owner="SeleniumLibrary">
<msg time="2024-05-05T23:12:35.887958" level="INFO">Sending key(s) ('ARROW_DOWN',) to //*[@id="mapDiv"]/div/div[3]/div[1]/div[2] element.</msg>
<msg time="2024-05-05T23:12:36.245542" level="INFO">Pressing special key ARROW_DOWN to element.</msg>
<msg time="2024-05-05T23:12:36.245542" level="INFO">Releasing special key ARROW_DOWN.</msg>
<arg>${DIV}</arg>
<arg>${KEY}</arg>
<doc>Simulates the user pressing key(s) to an element or on the active browser.</doc>
<status status="PASS" start="2024-05-05T23:12:35.886955" elapsed="0.375153"/>
</kw>
<kw name="Evaluate" owner="BuiltIn">
<msg time="2024-05-05T23:12:36.262108" level="INFO">${count} = 6</msg>
<var>${count}</var>
<arg>${count} + 1</arg>
<doc>Evaluates the given expression in Python and returns the result.</doc>
<status status="PASS" start="2024-05-05T23:12:36.262108" elapsed="0.000000"/>
</kw>
<status status="PASS" start="2024-05-05T23:12:35.886955" elapsed="0.375153"/>
</iter>
<status status="PASS" start="2024-05-05T23:12:33.797944" elapsed="2.465675"/>
</while>
<kw name="Get Element Attribute" owner="SeleniumLibrary">
<msg time="2024-05-05T23:12:36.294521" level="INFO">${matrix} = position: absolute; z-index: 986; transform: matrix(1, 0, 0, 1, -2, -79);</msg>
<var>${matrix}</var>
<arg>${MATRIX}</arg>
<arg>style</arg>
<doc>Returns the value of ``attribute`` from the element ``locator``.</doc>
<status status="PASS" start="2024-05-05T23:12:36.263619" elapsed="0.031901"/>
</kw>
<kw name="Log" owner="BuiltIn">
<msg time="2024-05-05T23:12:36.296536" level="INFO">position: absolute; z-index: 986; transform: matrix(1, 0, 0, 1, -2, -79);</msg>
<arg>${matrix}</arg>
<doc>Logs the given message with the given level.</doc>
<status status="PASS" start="2024-05-05T23:12:36.295520" elapsed="0.001016"/>
</kw>
<kw name="Should Be Equal" owner="BuiltIn">
<arg>${matrix}</arg>
<arg>${VALUE}</arg>
<doc>Fails if the given objects are unequal.</doc>
<status status="PASS" start="2024-05-05T23:12:36.296536" elapsed="0.001002"/>
</kw>
<arg>${DIV_Map_frame}</arg>
<arg>${KEY_Down}</arg>
<arg>${DIV_Map_matrix}</arg>
<arg>${VALUE_Map_matrix_move_down}</arg>
<status status="PASS" start="2024-05-05T23:12:33.796941" elapsed="2.500597"/>
</kw>
<status status="PASS" start="2024-05-05T23:12:33.796941" elapsed="2.501592"/>
</test>
<test id="s1-s7-t9" name="TC_001_006-008 - Kontrola tlačítka `Show satellite imagery`" line="67">
<kw name="Button interaction" owner="keywords">
<kw name="Wait Until Element Is Visible" owner="SeleniumLibrary">
<arg>${BUTTON}</arg>
<arg>15 seconds</arg>
<doc>Waits until the element ``locator`` is visible.</doc>
<status status="PASS" start="2024-05-05T23:12:36.303532" elapsed="0.038322"/>
</kw>
<kw name="Set Selenium Speed" owner="SeleniumLibrary">
<arg>0.2</arg>
<doc>Sets the delay that is waited after each Selenium command.</doc>
<status status="PASS" start="2024-05-05T23:12:36.341854" elapsed="0.000000"/>
</kw>
<kw name="Click Element" owner="SeleniumLibrary">
<msg time="2024-05-05T23:12:36.344378" level="INFO">Clicking element '//*[@id="mapDiv"]/div/div[3]/div[13]/div/div/button/div[1]'.</msg>
<arg>${BUTTON}</arg>
<doc>Click the element identified by ``locator``.</doc>
<status status="PASS" start="2024-05-05T23:12:36.343365" elapsed="0.535359"/>
</kw>
<kw name="Set Selenium Speed" owner="SeleniumLibrary">
<arg>0</arg>
<doc>Sets the delay that is waited after each Selenium command.</doc>
<status status="PASS" start="2024-05-05T23:12:36.878724" elapsed="0.000000"/>
</kw>
<arg>${BUTTON_Satellite}</arg>
<status status="PASS" start="2024-05-05T23:12:36.302529" elapsed="0.576195"/>
</kw>
<status status="PASS" start="2024-05-05T23:12:36.300541" elapsed="0.579198"/>
</test>
<test id="s1-s7-t10" name="TC_001_006-009 - Kontrola tlačítka `Show street map`" line="71">
<kw name="Button interaction" owner="keywords">
<kw name="Wait Until Element Is Visible" owner="SeleniumLibrary">
<arg>${BUTTON}</arg>
<arg>15 seconds</arg>
<doc>Waits until the element ``locator`` is visible.</doc>
<status status="PASS" start="2024-05-05T23:12:36.883241" elapsed="0.033568"/>
</kw>
<kw name="Set Selenium Speed" owner="SeleniumLibrary">
<arg>0.2</arg>
<doc>Sets the delay that is waited after each Selenium command.</doc>
<status status="PASS" start="2024-05-05T23:12:36.916809" elapsed="0.000000"/>
</kw>
<kw name="Click Element" owner="SeleniumLibrary">
<msg time="2024-05-05T23:12:36.917806" level="INFO">Clicking element '//*[@id="mapDiv"]/div/div[3]/div[13]/div/div/button/div[1]'.</msg>
<arg>${BUTTON}</arg>
<doc>Click the element identified by ``locator``.</doc>
<status status="PASS" start="2024-05-05T23:12:36.916809" elapsed="0.626142"/>
</kw>
<kw name="Set Selenium Speed" owner="SeleniumLibrary">
<arg>0</arg>
<doc>Sets the delay that is waited after each Selenium command.</doc>
<status status="PASS" start="2024-05-05T23:12:37.543482" elapsed="0.000530"/>
</kw>
<arg>${BUTTON_Street}</arg>
<status status="PASS" start="2024-05-05T23:12:36.881732" elapsed="0.662280"/>
</kw>
<status status="PASS" start="2024-05-05T23:12:36.881732" elapsed="0.662822"/>
</test>
<test id="s1-s7-t11" name="TC_001_006-010 - Kontrola tlačítka `View larger map`" line="75">
<kw name="Wait Until Element Is Visible" owner="SeleniumLibrary">
<arg>${BUTTON_LargerMap}</arg>
<arg>10s</arg>
<doc>Waits until the element ``locator`` is visible.</doc>
<status status="PASS" start="2024-05-05T23:12:37.547358" elapsed="0.039901"/>
</kw>
<kw name="Click Element" owner="SeleniumLibrary">
<msg time="2024-05-05T23:12:37.588261" level="INFO">Clicking element '//*[@id="mapDiv"]/div/div[3]/div[3]/div/div/div/div/a'.</msg>
<arg>${BUTTON_LargerMap}</arg>
<doc>Click the element identified by ``locator``.</doc>
<status status="PASS" start="2024-05-05T23:12:37.588261" elapsed="0.197706"/>
</kw>
<kw name="Switch Window" owner="SeleniumLibrary">
<arg>NEW</arg>
<doc>Switches to browser window matching ``locator``.</doc>
<status status="PASS" start="2024-05-05T23:12:37.786977" elapsed="0.070216"/>
</kw>
<kw name="Wait Until Element Is Visible" owner="SeleniumLibrary">
<arg>${BUTTON_AcceptGoogle}</arg>
<arg>10s</arg>
<doc>Waits until the element ``locator`` is visible.</doc>
<status status="PASS" start="2024-05-05T23:12:37.859218" elapsed="1.817331"/>
</kw>
<kw name="Scroll Element Into View" owner="SeleniumLibrary">
<arg>${BUTTON_AcceptGoogle}</arg>
<doc>Scrolls the element identified by ``locator`` into view.</doc>
<status status="PASS" start="2024-05-05T23:12:39.677549" elapsed="0.305727"/>
</kw>
<kw name="Click Element" owner="SeleniumLibrary">
<msg time="2024-05-05T23:12:39.985463" level="INFO">Clicking element '//*[@id="yDmH0d"]/c-wiz/div/div/div/div[2]/div[1]/div[3]/div[1]/div[1]/form[2]/div/div/button'.</msg>
<arg>${BUTTON_AcceptGoogle}</arg>
<doc>Click the element identified by ``locator``.</doc>
<status status="PASS" start="2024-05-05T23:12:39.984466" elapsed="2.567182"/>
</kw>
<kw name="Location Should Be" owner="SeleniumLibrary">
<msg time="2024-05-05T23:12:42.563678" level="INFO">Current location is 'https://www.google.com/maps?t=m&amp;hl=en&amp;gl=US&amp;q=Krakovany+922+02'.</msg>
<arg>${URL_GoogleMap}</arg>
<doc>Verifies that the current URL is exactly ``url``.</doc>
<status status="PASS" start="2024-05-05T23:12:42.552648" elapsed="0.011030"/>
</kw>
<status status="PASS" start="2024-05-05T23:12:37.546314" elapsed="5.018375"/>
</test>
<test id="s1-s7-t12" name="Post-conditions" line="85">
<kw name="Close" owner="keywords">
<kw name="Sleep" owner="BuiltIn">
<msg time="2024-05-05T23:12:42.768959" level="INFO">Slept 200 milliseconds.</msg>
<arg>200ms</arg>
<doc>Pauses the test executed for the given time.</doc>
<status status="PASS" start="2024-05-05T23:12:42.568715" elapsed="0.200244"/>
</kw>
<kw name="Close Browser" owner="SeleniumLibrary">
<doc>Closes the current browser.</doc>
<status status="PASS" start="2024-05-05T23:12:42.768959" elapsed="2.228664"/>
</kw>
<status status="PASS" start="2024-05-05T23:12:42.567718" elapsed="2.429905"/>
</kw>
<status status="PASS" start="2024-05-05T23:12:42.566717" elapsed="2.431909"/>
</test>
<status status="PASS" start="2024-05-05T23:12:06.458051" elapsed="38.542580"/>
</suite>
<status status="PASS" start="2024-05-05T23:09:09.419511" elapsed="215.584992"/>
</suite>
<statistics>
<total>
<stat pass="63" fail="0" skip="0">All Tests</stat>
</total>
<tag>
</tag>
<suite>
<stat pass="63" fail="0" skip="0" id="s1" name="TS 001">TS 001</stat>
<stat pass="10" fail="0" skip="0" id="s1-s1" name="TS 001 001">TS 001.TS 001 001</stat>
<stat pass="10" fail="0" skip="0" id="s1-s1-s1" name="TS 001 001 014">TS 001.TS 001 001.TS 001 001 014</stat>
<stat pass="24" fail="0" skip="0" id="s1-s2" name="TS 001 001 001">TS 001.TS 001 001 001</stat>
<stat pass="17" fail="0" skip="0" id="s1-s2-s1" name="TS 001 001 001">TS 001.TS 001 001 001.TS 001 001 001</stat>
<stat pass="7" fail="0" skip="0" id="s1-s2-s2" name="TS 001 001 001 001">TS 001.TS 001 001 001.TS 001 001 001 001</stat>
<stat pass="7" fail="0" skip="0" id="s1-s2-s2-s1" name="TS 001 001 001 001">TS 001.TS 001 001 001.TS 001 001 001 001.TS 001 001 001 001</stat>
<stat pass="3" fail="0" skip="0" id="s1-s3" name="TS 001 002">TS 001.TS 001 002</stat>
<stat pass="5" fail="0" skip="0" id="s1-s4" name="TS 001 003">TS 001.TS 001 003</stat>
<stat pass="3" fail="0" skip="0" id="s1-s5" name="TS 001 004">TS 001.TS 001 004</stat>
<stat pass="6" fail="0" skip="0" id="s1-s6" name="TS 001 005">TS 001.TS 001 005</stat>
<stat pass="12" fail="0" skip="0" id="s1-s7" name="TS 001 006">TS 001.TS 001 006</stat>
</suite>
</statistics>
<errors>
</errors>
</robot>
