<?xml version="1.0" encoding="UTF-8"?>
<robot generator="Robot 7.0 (Python 3.11.0 on win32)" generated="2024-04-11T15:39:59.548131" rpa="false" schemaversion="5">
<suite id="s1" name="TS 001 004" source="C:\Users\bucka\Documents\GitHub\Simon\SWI\4. semester\Testování software\Projekt\_projekt\TS_001_004.robot">
<test id="s1-t1" name="Pre-conditions" line="14">
<kw name="Pre-condition" owner="Keywords">
<kw name="Open Browser" owner="SeleniumLibrary">
<msg time="2024-04-11T15:39:59.855922" level="INFO">Opening browser 'Chrome' to base url 'https://www.krakovany.sk'.</msg>
<msg time="2024-04-11T15:40:00.390576" level="WARN">The chromedriver version (122.0.6261.69) detected in PATH at C:\Users\bucka\AppData\Local\Programs\Python\Python311\Scripts\chromedriver.exe might not be compatible with the detected chrome version (123.0.6312.107); currently, chromedriver 123.0.6312.122 is recommended for chrome 123.*, so it is advised to delete the driver in PATH and retry</msg>
<arg>${URL}</arg>
<arg>${BROWSER}</arg>
<doc>Opens a new browser instance to the optional ``url``.</doc>
<status status="PASS" start="2024-04-11T15:39:59.855922" elapsed="6.943451"/>
</kw>
<kw name="Sleep" owner="BuiltIn">
<msg time="2024-04-11T15:43:26.799697" level="INFO">Slept 3 minutes 20 seconds.</msg>
<arg>200s</arg>
<doc>Pauses the test executed for the given time.</doc>
<status status="PASS" start="2024-04-11T15:40:06.799373" elapsed="200.000324"/>
</kw>
<arg>${BROWSER_CHROME}</arg>
<arg>${URL_MainPage}</arg>
<status status="PASS" start="2024-04-11T15:39:59.847961" elapsed="206.951736"/>
</kw>
<status status="PASS" start="2024-04-11T15:39:59.847961" elapsed="206.951736"/>
</test>
<test id="s1-t2" name="TC_001_004-001 - Kontrola obsahu cookies" line="17">
<kw name="Wait Until Element Is Visible" owner="SeleniumLibrary">
<arg>${IMAGE_Plus}</arg>
<arg>10s</arg>
<doc>Waits until the element ``locator`` is visible.</doc>
<status status="PASS" start="2024-04-11T15:43:26.806710" elapsed="0.099124"/>
</kw>
<kw name="Click Element" owner="SeleniumLibrary">
<msg time="2024-04-11T15:43:26.905834" level="INFO">Clicking element '//img[@id='plus']'.</msg>
<arg>${IMAGE_Plus}</arg>
<doc>Click the element identified by ``locator``.</doc>
<status status="PASS" start="2024-04-11T15:43:26.905834" elapsed="0.222322"/>
</kw>
<kw name="Reload Page" owner="SeleniumLibrary">
<doc>Simulates user reloading page.</doc>
<status status="PASS" start="2024-04-11T15:43:27.128156" elapsed="4.197271"/>
</kw>
<kw name="Get Cookie" owner="SeleniumLibrary">
<msg time="2024-04-11T15:43:31.358677" level="INFO">${cookies_before} = name=fontSize
value=110
path=/
domain=www.krakovany.sk
secure=False
httpOnly=False
expiry=2025-04-11 15:43:28
extra={'sameSite': 'Lax'}
</msg>
<var>${cookies_before}</var>
<arg>name=fontSize</arg>
<doc>Returns information of cookie with ``name`` as an object.</doc>
<status status="PASS" start="2024-04-11T15:43:31.325427" elapsed="0.033250"/>
</kw>
<kw name="Reload Page" owner="SeleniumLibrary">
<doc>Simulates user reloading page.</doc>
<status status="PASS" start="2024-04-11T15:43:31.358677" elapsed="3.551844"/>
</kw>
<kw name="Get Cookie" owner="SeleniumLibrary">
<msg time="2024-04-11T15:43:34.918688" level="INFO">${cookies_after} = name=fontSize
value=110
path=/
domain=www.krakovany.sk
secure=False
httpOnly=False
expiry=2025-04-11 15:43:32
extra={'sameSite': 'Lax'}
</msg>
<var>${cookies_after}</var>
<arg>name=fontSize</arg>
<doc>Returns information of cookie with ``name`` as an object.</doc>
<status status="PASS" start="2024-04-11T15:43:34.910521" elapsed="0.008167"/>
</kw>
<kw name="Should Be Equal" owner="BuiltIn">
<arg>${cookies_before.value}</arg>
<arg>${cookies_after.value}</arg>
<doc>Fails if the given objects are unequal.</doc>
<status status="PASS" start="2024-04-11T15:43:34.918688" elapsed="0.000000"/>
</kw>
<status status="PASS" start="2024-04-11T15:43:26.799697" elapsed="8.118991"/>
</test>
<test id="s1-t3" name="post conditions" line="26">
<kw name="Sleep" owner="BuiltIn">
<msg time="2024-04-11T15:43:36.926984" level="INFO">Slept 2 seconds.</msg>
<arg>2 seconds</arg>
<doc>Pauses the test executed for the given time.</doc>
<status status="PASS" start="2024-04-11T15:43:34.926683" elapsed="2.000301"/>
</kw>
<kw name="Close Browser" owner="SeleniumLibrary">
<doc>Closes the current browser.</doc>
<status status="PASS" start="2024-04-11T15:43:36.926984" elapsed="2.304634"/>
</kw>
<status status="PASS" start="2024-04-11T15:43:34.926683" elapsed="4.304935"/>
</test>
<status status="PASS" start="2024-04-11T15:39:59.548131" elapsed="219.683487"/>
</suite>
<statistics>
<total>
<stat pass="3" fail="0" skip="0">All Tests</stat>
</total>
<tag>
</tag>
<suite>
<stat pass="3" fail="0" skip="0" id="s1" name="TS 001 004">TS 001 004</stat>
</suite>
</statistics>
<errors>
<msg time="2024-04-11T15:40:00.390576" level="WARN">The chromedriver version (122.0.6261.69) detected in PATH at C:\Users\bucka\AppData\Local\Programs\Python\Python311\Scripts\chromedriver.exe might not be compatible with the detected chrome version (123.0.6312.107); currently, chromedriver 123.0.6312.122 is recommended for chrome 123.*, so it is advised to delete the driver in PATH and retry</msg>
</errors>
</robot>
